#
# There is insufficient memory for the Java Runtime Environment to continue.
# Native memory allocation (mmap) failed to map 65536 bytes. Error detail: Failed to commit metaspace.
# Possible reasons:
#   The system is out of physical RAM or swap space
#   This process is running with CompressedOops enabled, and the Java Heap may be blocking the growth of the native heap
# Possible solutions:
#   Reduce memory load on the system
#   Increase physical memory or swap space
#   Check if swap backing store is full
#   Decrease Java heap size (-Xmx/-Xms)
#   Decrease number of Java threads
#   Decrease Java thread stack sizes (-Xss)
#   Set larger code cache with -XX:ReservedCodeCacheSize=
#   JVM is running with Zero Based Compressed Oops mode in which the Java heap is
#     placed in the first 32GB address space. The Java Heap base address is the
#     maximum limit for the native heap growth. Please use -XX:HeapBaseMinAddress
#     to set the Java Heap base and to place the Java Heap above 32GB virtual address.
# This output file may be truncated or incomplete.
#
#  Out of Memory Error (virtualSpaceNode.cpp:113), pid=12348, tid=10344
#
# JRE version: OpenJDK Runtime Environment Temurin-21.0.9+10 (21.0.9+10) (build 21.0.9+10-LTS)
# Java VM: OpenJDK 64-Bit Server VM Temurin-21.0.9+10 (21.0.9+10-LTS, mixed mode, sharing, tiered, compressed oops, compressed class ptrs, g1 gc, windows-amd64)
# No core dump will be written. Minidumps are not enabled by default on client versions of Windows
#

---------------  S U M M A R Y ------------

Command Line: -Dclassworlds.conf=C:\Users\MyPC\Downloads\apache-maven-3.9.9-bin\apache-maven-3.9.9\bin\m2.conf -Dmaven.home=C:\Users\MyPC\Downloads\apache-maven-3.9.9-bin\apache-maven-3.9.9 -Dlibrary.jansi.path=C:\Users\MyPC\Downloads\apache-maven-3.9.9-bin\apache-maven-3.9.9\lib\jansi-native -Dmaven.multiModuleProjectDirectory=E:\HK1_Nam4\TieuLuanChuyenNganh\MovieTicketBooking\MovieTicketBooking\backend org.codehaus.plexus.classworlds.launcher.Launcher test

Host: Intel(R) Core(TM) i7-8550U CPU @ 1.80GHz, 8 cores, 15G,  Windows 10 , 64 bit Build 19041 (10.0.19041.1503)
Time: Fri Nov 21 22:53:23 2025 SE Asia Standard Time elapsed time: 19.037003 seconds (0d 0h 0m 19s)

---------------  T H R E A D  ---------------

Current thread (0x000001a37149b9e0):  JavaThread "fork-1-event-thread" daemon [_thread_in_vm, id=10344, stack(0x0000006891800000,0x0000006891900000) (1024K)]

Stack: [0x0000006891800000,0x0000006891900000]
Native frames: (J=compiled Java code, j=interpreted, Vv=VM code, C=native code)
V  [jvm.dll+0x6d6e29]
V  [jvm.dll+0x8b4b76]
V  [jvm.dll+0x8b712e]
V  [jvm.dll+0x8b7813]
V  [jvm.dll+0x283d86]
V  [jvm.dll+0x8b08be]
V  [jvm.dll+0x678824]
V  [jvm.dll+0x67888a]
V  [jvm.dll+0x67b086]
V  [jvm.dll+0x67af52]
V  [jvm.dll+0x6791fe]
V  [jvm.dll+0x26dc30]
V  [jvm.dll+0x683525]
V  [jvm.dll+0x21937e]
V  [jvm.dll+0x219825]
V  [jvm.dll+0x21a218]
V  [jvm.dll+0x20f44e]
V  [jvm.dll+0x5b5a0f]
V  [jvm.dll+0x2210ce]
V  [jvm.dll+0x82d53d]
V  [jvm.dll+0x82e56b]
V  [jvm.dll+0x82eb34]
V  [jvm.dll+0x82e7c8]
V  [jvm.dll+0x2716ad]
V  [jvm.dll+0x3dc74e]
C  0x000001a35a25a23f

The last pc belongs to new (printed below).
Java frames: (J=compiled Java code, j=interpreted, Vv=VM code)
j  java.util.concurrent.atomic.Striped64.<clinit>()V+41 java.base@21.0.9
v  ~StubRoutines::call_stub 0x000001a35a24100d
j  java.util.concurrent.ConcurrentSkipListMap.addCount(J)V+14 java.base@21.0.9
j  java.util.concurrent.ConcurrentSkipListMap.doPut(Ljava/lang/Object;Ljava/lang/Object;Z)Ljava/lang/Object;+540 java.base@21.0.9
j  java.util.concurrent.ConcurrentSkipListMap.putIfAbsent(Ljava/lang/Object;Ljava/lang/Object;)Ljava/lang/Object;+16 java.base@21.0.9
j  java.util.concurrent.ConcurrentSkipListSet.add(Ljava/lang/Object;)Z+8 java.base@21.0.9
j  org.apache.maven.plugin.surefire.booterclient.ForkStarter$ForkedNodeArg.logWarningAtEnd(Ljava/lang/String;)V+8
j  org.apache.maven.surefire.api.stream.AbstractStreamDecoder$BufferedStream.printExistingLine()V+268
j  org.apache.maven.surefire.api.stream.AbstractStreamDecoder$BufferedStream.write(Ljava/nio/ByteBuffer;II)V+68
j  org.apache.maven.surefire.stream.EventDecoder.decode(Lorg/apache/maven/surefire/api/stream/AbstractStreamDecoder$Memento;)Lorg/apache/maven/surefire/api/event/Event;+331
j  org.apache.maven.plugin.surefire.extensions.EventConsumerThread.run()V+33
v  ~StubRoutines::call_stub 0x000001a35a24100d
new  187 new  [0x000001a35a25a0c0, 0x000001a35a25a2c8]  520 bytes
[MachCode]
  0x000001a35a25a0c0: 4883 ec08 | c5fa 1104 | 24eb 1f48 | 83ec 10c5 | fb11 0424 | eb14 4883 | ec10 4889 | 0424 48c7 
  0x000001a35a25a0e0: 4424 0800 | 0000 00eb | 0150 410f | b755 010f | cac1 ea10 | 488b 4de8 | 488b 4908 | 488b 4908 
  0x000001a35a25a100: 488b 4108 | 807c 1004 | 070f 85d3 | 0000 0066 | 8b54 d148 | 488b 4928 | 488b 4cd1 | 0851 80b9 
  0x000001a35a25a120: 3101 0000 | 040f 85b6 | 0000 008b | 5108 f6c2 | 010f 85aa | 0000 0049 | 8b87 b801 | 0000 488d 
  0x000001a35a25a140: 1c10 493b | 9fc8 0100 | 000f 8792 | 0000 0049 | 899f b801 | 0000 4883 | ea10 0f84 | 0f00 0000 
  0x000001a35a25a160: 33c9 c1ea | 0348 894c | d008 48ff | ca75 f648 | c700 0100 | 0000 5933 | f689 700c | 49ba 0000 
  0x000001a35a25a180: 0000 a301 | 0000 492b | ca89 4808 | 49ba d84d | 59b2 fa7f | 0000 4180 | 3a00 0f84 | 3c00 0000 
  0x000001a35a25a1a0: 5048 8bc8 | 4883 ec20 | 40f6 c40f | 0f84 1900 | 0000 4883 | ec08 48b8 | 80d5 02b2 | fa7f 0000 
  0x000001a35a25a1c0: ffd0 4883 | c408 e90c | 0000 0048 | b880 d502 | b2fa 7f00 | 00ff d048 | 83c4 2058 | e9cb 0000 
  0x000001a35a25a1e0: 0059 488b | 55e8 488b | 5208 488b | 5208 450f | b745 0141 | 0fc8 41c1 | e810 e805 | 0000 00e9 
  0x000001a35a25a200: a800 0000 | 488d 4424 | 084c 896d | c049 8bcf | c5f8 7749 | 89af a803 | 0000 4989 | 8798 0300 
  0x000001a35a25a220: 0048 83ec | 2040 f6c4 | 0f0f 8419 | 0000 0048 | 83ec 0848 | b800 c7cc | b1fa 7f00 | 00ff d048 
  0x000001a35a25a240: 83c4 08e9 | 0c00 0000 | 48b8 00c7 | ccb1 fa7f | 0000 ffd0 | 4883 c420 | 49c7 8798 | 0300 0000 
  0x000001a35a25a260: 0000 0049 | c787 a803 | 0000 0000 | 0000 49c7 | 87a0 0300 | 0000 0000 | 00c5 f877 | 4983 7f08 
  0x000001a35a25a280: 000f 8405 | 0000 00e9 | 746c feff | 498b 87f0 | 0300 0049 | c787 f003 | 0000 0000 | 0000 4c8b 
  0x000001a35a25a2a0: 6dc0 4c8b | 75c8 4e8d | 74f5 00c3 | 410f b65d | 0349 83c5 | 0349 ba30 | 155c b2fa | 7f00 0041 
  0x000001a35a25a2c0: ff24 da0f | 1f44 0000 
[/MachCode]

---------------  P R O C E S S  ---------------

Threads class SMR info:
_java_thread_list=0x000001a374258b10, length=20, elements={
0x000001a3484326d0, 0x000001a36979ed80, 0x000001a36979fc40, 0x000001a3697a2790,
0x000001a3697a41f0, 0x000001a3697a5150, 0x000001a3697a64f0, 0x000001a3697a7bc0,
0x000001a3697aee00, 0x000001a369933110, 0x000001a3699399c0, 0x000001a36f5dbc90,
0x000001a36e788530, 0x000001a36e785580, 0x000001a37205d020, 0x000001a37205c300,
0x000001a37205c990, 0x000001a37149c700, 0x000001a37149b350, 0x000001a37149b9e0
}

Java Threads: ( => current thread )
  0x000001a3484326d0 JavaThread "main"                              [_thread_in_native, id=560, stack(0x000000688f600000,0x000000688f700000) (1024K)]
  0x000001a36979ed80 JavaThread "Reference Handler"          daemon [_thread_blocked, id=15236, stack(0x000000688fe00000,0x000000688ff00000) (1024K)]
  0x000001a36979fc40 JavaThread "Finalizer"                  daemon [_thread_blocked, id=10420, stack(0x000000688ff00000,0x0000006890000000) (1024K)]
  0x000001a3697a2790 JavaThread "Signal Dispatcher"          daemon [_thread_blocked, id=13664, stack(0x0000006890000000,0x0000006890100000) (1024K)]
  0x000001a3697a41f0 JavaThread "Attach Listener"            daemon [_thread_blocked, id=15696, stack(0x0000006890100000,0x0000006890200000) (1024K)]
  0x000001a3697a5150 JavaThread "Service Thread"             daemon [_thread_blocked, id=13340, stack(0x0000006890200000,0x0000006890300000) (1024K)]
  0x000001a3697a64f0 JavaThread "Monitor Deflation Thread"   daemon [_thread_blocked, id=12148, stack(0x0000006890300000,0x0000006890400000) (1024K)]
  0x000001a3697a7bc0 JavaThread "C2 CompilerThread0"         daemon [_thread_blocked, id=5596, stack(0x0000006890400000,0x0000006890500000) (1024K)]
  0x000001a3697aee00 JavaThread "C1 CompilerThread0"         daemon [_thread_blocked, id=9508, stack(0x0000006890500000,0x0000006890600000) (1024K)]
  0x000001a369933110 JavaThread "Notification Thread"        daemon [_thread_blocked, id=5672, stack(0x0000006890600000,0x0000006890700000) (1024K)]
  0x000001a3699399c0 JavaThread "Common-Cleaner"             daemon [_thread_blocked, id=10464, stack(0x0000006890700000,0x0000006890800000) (1024K)]
  0x000001a36f5dbc90 JavaThread "Thread-1"                   daemon [_thread_blocked, id=7516, stack(0x0000006891100000,0x0000006891200000) (1024K)]
  0x000001a36e788530 JavaThread "C2 CompilerThread1"         daemon [_thread_blocked, id=6776, stack(0x0000006890800000,0x0000006890900000) (1024K)]
  0x000001a36e785580 JavaThread "C2 CompilerThread2"         daemon [_thread_in_native, id=13928, stack(0x0000006891300000,0x0000006891400000) (1024K)]
  0x000001a37205d020 JavaThread "timeout-check-timer"        daemon [_thread_blocked, id=16084, stack(0x0000006890900000,0x0000006890a00000) (1024K)]
  0x000001a37205c300 JavaThread "ping-timer-10s"             daemon [_thread_blocked, id=17224, stack(0x0000006891400000,0x0000006891500000) (1024K)]
  0x000001a37205c990 JavaThread "ThreadedStreamConsumer"     daemon [_thread_blocked, id=9632, stack(0x0000006891500000,0x0000006891600000) (1024K)]
  0x000001a37149c700 JavaThread "fork-1-err-thread"          daemon [_thread_in_native, id=17320, stack(0x0000006891600000,0x0000006891700000) (1024K)]
  0x000001a37149b350 JavaThread "commands-fork-1"            daemon [_thread_blocked, id=8880, stack(0x0000006891700000,0x0000006891800000) (1024K)]
=>0x000001a37149b9e0 JavaThread "fork-1-event-thread"        daemon [_thread_in_vm, id=10344, stack(0x0000006891800000,0x0000006891900000) (1024K)]
Total: 20

Other Threads:
  0x000001a34840cf10 VMThread "VM Thread"                           [id=15104, stack(0x000000688fd00000,0x000000688fe00000) (1024K)]
  0x000001a369770430 WatcherThread "VM Periodic Task Thread"        [id=15636, stack(0x000000688fc00000,0x000000688fd00000) (1024K)]
  0x000001a34840c090 WorkerThread "GC Thread#0"                     [id=14176, stack(0x000000688f700000,0x000000688f800000) (1024K)]
  0x000001a34840c7d0 WorkerThread "GC Thread#1"                     [id=16684, stack(0x0000006890a00000,0x0000006890b00000) (1024K)]
  0x000001a34840cb70 WorkerThread "GC Thread#2"                     [id=15372, stack(0x0000006890b00000,0x0000006890c00000) (1024K)]
  0x000001a36eadd760 WorkerThread "GC Thread#3"                     [id=6620, stack(0x0000006890c00000,0x0000006890d00000) (1024K)]
  0x000001a36eadc1a0 WorkerThread "GC Thread#4"                     [id=14696, stack(0x0000006890d00000,0x0000006890e00000) (1024K)]
  0x000001a36eadb6c0 WorkerThread "GC Thread#5"                     [id=10112, stack(0x0000006890e00000,0x0000006890f00000) (1024K)]
  0x000001a36eadd020 WorkerThread "GC Thread#6"                     [id=4924, stack(0x0000006890f00000,0x0000006891000000) (1024K)]
  0x000001a36eadc540 WorkerThread "GC Thread#7"                     [id=7584, stack(0x0000006891000000,0x0000006891100000) (1024K)]
  0x000001a34a6622c0 ConcurrentGCThread "G1 Main Marker"            [id=5332, stack(0x000000688f800000,0x000000688f900000) (1024K)]
  0x000001a34840bcf0 WorkerThread "G1 Conc#0"                       [id=5996, stack(0x000000688f900000,0x000000688fa00000) (1024K)]
  0x000001a36fefbaf0 WorkerThread "G1 Conc#1"                       [id=9928, stack(0x0000006891200000,0x0000006891300000) (1024K)]
  0x000001a34a6beab0 ConcurrentGCThread "G1 Refine#0"               [id=16580, stack(0x000000688fa00000,0x000000688fb00000) (1024K)]
  0x000001a36963b770 ConcurrentGCThread "G1 Service"                [id=17160, stack(0x000000688fb00000,0x000000688fc00000) (1024K)]
Total: 15

Threads with active compile tasks:
C2 CompilerThread2  19090 12928   !   4       java.lang.ClassLoader::loadClass (121 bytes)
Total: 1

VM state: not at safepoint (normal execution)

VM Mutex/Monitor currently owned by a thread:  ([mutex/lock_event])
[0x00007ffab25ab4f0] Metaspace_lock - owner thread: 0x000001a37149b9e0

Heap address: 0x0000000709200000, size: 3950 MB, Compressed Oops mode: Zero based, Oop shift amount: 3

CDS archive(s) mapped at: [0x000001a300000000-0x000001a300c80000-0x000001a300c80000), size 13107200, SharedBaseAddress: 0x000001a300000000, ArchiveRelocationMode: 1.
Compressed class space mapped at: 0x000001a301000000-0x000001a341000000, reserved size: 1073741824
Narrow klass base: 0x000001a300000000, Narrow klass shift: 0, Narrow klass range: 0x100000000

GC Precious Log:
 CardTable entry size: 512
 Card Set container configuration: InlinePtr #cards 4 size 8 Array Of Cards #cards 16 size 48 Howl #buckets 8 coarsen threshold 3686 Howl Bitmap #cards 512 size 80 coarsen threshold 460 Card regions per heap region 1 cards per card region 4096
 CPUs: 8 total, 8 available
 Memory: 15799M
 Large Page Support: Disabled
 NUMA Support: Disabled
 Compressed Oops: Enabled (Zero based)
 Heap Region Size: 2M
 Heap Min Capacity: 8M
 Heap Initial Capacity: 248M
 Heap Max Capacity: 3950M
 Pre-touch: Disabled
 Parallel Workers: 8
 Concurrent Workers: 2
 Concurrent Refinement Workers: 8
 Periodic GC: Disabled

Heap:
 garbage-first heap   total 350208K, used 152557K [0x0000000709200000, 0x0000000800000000)
  region size 2048K, 37 young (75776K), 13 survivors (26624K)
 Metaspace       used 39475K, committed 40064K, reserved 1114112K
  class space    used 4302K, committed 4608K, reserved 1048576K

Heap Regions: E=young(eden), S=young(survivor), O=old, HS=humongous(starts), HC=humongous(continues), CS=collection set, F=free, TAMS=top-at-mark-start, PB=parsable bottom
|   0|0x0000000709200000, 0x0000000709400000, 0x0000000709400000|100%| O|  |TAMS 0x0000000709200000| PB 0x0000000709200000| Untracked 
|   1|0x0000000709400000, 0x0000000709600000, 0x0000000709600000|100%| O|  |TAMS 0x0000000709400000| PB 0x0000000709400000| Untracked 
|   2|0x0000000709600000, 0x0000000709800000, 0x0000000709800000|100%| O|  |TAMS 0x0000000709600000| PB 0x0000000709600000| Untracked 
|   3|0x0000000709800000, 0x0000000709a00000, 0x0000000709a00000|100%| O|  |TAMS 0x0000000709800000| PB 0x0000000709800000| Untracked 
|   4|0x0000000709a00000, 0x0000000709c00000, 0x0000000709c00000|100%| O|Cm|TAMS 0x0000000709a00000| PB 0x0000000709a00000| Complete 
|   5|0x0000000709c00000, 0x0000000709e00000, 0x0000000709e00000|100%| O|  |TAMS 0x0000000709c00000| PB 0x0000000709c00000| Untracked 
|   6|0x0000000709e00000, 0x000000070a000000, 0x000000070a000000|100%| O|Cm|TAMS 0x0000000709e00000| PB 0x0000000709e00000| Complete 
|   7|0x000000070a000000, 0x000000070a200000, 0x000000070a200000|100%| O|  |TAMS 0x000000070a000000| PB 0x000000070a000000| Untracked 
|   8|0x000000070a200000, 0x000000070a400000, 0x000000070a400000|100%| O|  |TAMS 0x000000070a200000| PB 0x000000070a200000| Untracked 
|   9|0x000000070a400000, 0x000000070a400000, 0x000000070a600000|  0%| F|  |TAMS 0x000000070a400000| PB 0x000000070a400000| Untracked 
|  10|0x000000070a600000, 0x000000070a800000, 0x000000070a800000|100%| O|  |TAMS 0x000000070a600000| PB 0x000000070a600000| Untracked 
|  11|0x000000070a800000, 0x000000070aa00000, 0x000000070aa00000|100%| O|  |TAMS 0x000000070a800000| PB 0x000000070a800000| Untracked 
|  12|0x000000070aa00000, 0x000000070ac00000, 0x000000070ac00000|100%| O|  |TAMS 0x000000070aa00000| PB 0x000000070aa00000| Untracked 
|  13|0x000000070ac00000, 0x000000070ae00000, 0x000000070ae00000|100%| O|  |TAMS 0x000000070ac00000| PB 0x000000070ac00000| Untracked 
|  14|0x000000070ae00000, 0x000000070b000000, 0x000000070b000000|100%| O|  |TAMS 0x000000070ae00000| PB 0x000000070ae00000| Untracked 
|  15|0x000000070b000000, 0x000000070b200000, 0x000000070b200000|100%| O|  |TAMS 0x000000070b000000| PB 0x000000070b000000| Untracked 
|  16|0x000000070b200000, 0x000000070b400000, 0x000000070b400000|100%| O|  |TAMS 0x000000070b200000| PB 0x000000070b200000| Untracked 
|  17|0x000000070b400000, 0x000000070b600000, 0x000000070b600000|100%| O|  |TAMS 0x000000070b400000| PB 0x000000070b400000| Untracked 
|  18|0x000000070b600000, 0x000000070b800000, 0x000000070b800000|100%| O|  |TAMS 0x000000070b600000| PB 0x000000070b600000| Untracked 
|  19|0x000000070b800000, 0x000000070ba00000, 0x000000070ba00000|100%|HS|  |TAMS 0x000000070b800000| PB 0x000000070b800000| Complete 
|  20|0x000000070ba00000, 0x000000070bc00000, 0x000000070bc00000|100%| O|  |TAMS 0x000000070ba00000| PB 0x000000070ba00000| Untracked 
|  21|0x000000070bc00000, 0x000000070be00000, 0x000000070be00000|100%| O|  |TAMS 0x000000070bc00000| PB 0x000000070bc00000| Untracked 
|  22|0x000000070be00000, 0x000000070c000000, 0x000000070c000000|100%| O|  |TAMS 0x000000070be00000| PB 0x000000070be00000| Untracked 
|  23|0x000000070c000000, 0x000000070c200000, 0x000000070c200000|100%| O|  |TAMS 0x000000070c000000| PB 0x000000070c000000| Untracked 
|  24|0x000000070c200000, 0x000000070c400000, 0x000000070c400000|100%| O|  |TAMS 0x000000070c200000| PB 0x000000070c200000| Untracked 
|  25|0x000000070c400000, 0x000000070c600000, 0x000000070c600000|100%| O|  |TAMS 0x000000070c400000| PB 0x000000070c400000| Untracked 
|  26|0x000000070c600000, 0x000000070c800000, 0x000000070c800000|100%| O|  |TAMS 0x000000070c600000| PB 0x000000070c600000| Untracked 
|  27|0x000000070c800000, 0x000000070ca00000, 0x000000070ca00000|100%| O|  |TAMS 0x000000070c800000| PB 0x000000070c800000| Untracked 
|  28|0x000000070ca00000, 0x000000070cc00000, 0x000000070cc00000|100%| O|  |TAMS 0x000000070ca00000| PB 0x000000070ca00000| Untracked 
|  29|0x000000070cc00000, 0x000000070ce00000, 0x000000070ce00000|100%|HS|  |TAMS 0x000000070cc00000| PB 0x000000070cc00000| Complete 
|  30|0x000000070ce00000, 0x000000070d000000, 0x000000070d000000|100%| O|  |TAMS 0x000000070ce00000| PB 0x000000070ce00000| Untracked 
|  31|0x000000070d000000, 0x000000070d200000, 0x000000070d200000|100%| O|  |TAMS 0x000000070d000000| PB 0x000000070d000000| Untracked 
|  32|0x000000070d200000, 0x000000070d400000, 0x000000070d400000|100%| O|  |TAMS 0x000000070d200000| PB 0x000000070d200000| Untracked 
|  33|0x000000070d400000, 0x000000070d600000, 0x000000070d600000|100%| O|  |TAMS 0x000000070d400000| PB 0x000000070d400000| Untracked 
|  34|0x000000070d600000, 0x000000070d6fb6a8, 0x000000070d800000| 49%| O|  |TAMS 0x000000070d600000| PB 0x000000070d600000| Untracked 
|  35|0x000000070d800000, 0x000000070d800000, 0x000000070da00000|  0%| F|  |TAMS 0x000000070d800000| PB 0x000000070d800000| Untracked 
|  36|0x000000070da00000, 0x000000070da00000, 0x000000070dc00000|  0%| F|  |TAMS 0x000000070da00000| PB 0x000000070da00000| Untracked 
|  37|0x000000070dc00000, 0x000000070dc00000, 0x000000070de00000|  0%| F|  |TAMS 0x000000070dc00000| PB 0x000000070dc00000| Untracked 
|  38|0x000000070de00000, 0x000000070de00000, 0x000000070e000000|  0%| F|  |TAMS 0x000000070de00000| PB 0x000000070de00000| Untracked 
|  39|0x000000070e000000, 0x000000070e000000, 0x000000070e200000|  0%| F|  |TAMS 0x000000070e000000| PB 0x000000070e000000| Untracked 
|  40|0x000000070e200000, 0x000000070e200000, 0x000000070e400000|  0%| F|  |TAMS 0x000000070e200000| PB 0x000000070e200000| Untracked 
|  41|0x000000070e400000, 0x000000070e400000, 0x000000070e600000|  0%| F|  |TAMS 0x000000070e400000| PB 0x000000070e400000| Untracked 
|  42|0x000000070e600000, 0x000000070e600000, 0x000000070e800000|  0%| F|  |TAMS 0x000000070e600000| PB 0x000000070e600000| Untracked 
|  43|0x000000070e800000, 0x000000070e800000, 0x000000070ea00000|  0%| F|  |TAMS 0x000000070e800000| PB 0x000000070e800000| Untracked 
|  44|0x000000070ea00000, 0x000000070ea00000, 0x000000070ec00000|  0%| F|  |TAMS 0x000000070ea00000| PB 0x000000070ea00000| Untracked 
|  45|0x000000070ec00000, 0x000000070ec00000, 0x000000070ee00000|  0%| F|  |TAMS 0x000000070ec00000| PB 0x000000070ec00000| Untracked 
|  46|0x000000070ee00000, 0x000000070ee00000, 0x000000070f000000|  0%| F|  |TAMS 0x000000070ee00000| PB 0x000000070ee00000| Untracked 
|  47|0x000000070f000000, 0x000000070f000000, 0x000000070f200000|  0%| F|  |TAMS 0x000000070f000000| PB 0x000000070f000000| Untracked 
|  48|0x000000070f200000, 0x000000070f200000, 0x000000070f400000|  0%| F|  |TAMS 0x000000070f200000| PB 0x000000070f200000| Untracked 
|  49|0x000000070f400000, 0x000000070f400000, 0x000000070f600000|  0%| F|  |TAMS 0x000000070f400000| PB 0x000000070f400000| Untracked 
|  50|0x000000070f600000, 0x000000070f600000, 0x000000070f800000|  0%| F|  |TAMS 0x000000070f600000| PB 0x000000070f600000| Untracked 
|  51|0x000000070f800000, 0x000000070f800000, 0x000000070fa00000|  0%| F|  |TAMS 0x000000070f800000| PB 0x000000070f800000| Untracked 
|  52|0x000000070fa00000, 0x000000070fa00000, 0x000000070fc00000|  0%| F|  |TAMS 0x000000070fa00000| PB 0x000000070fa00000| Untracked 
|  53|0x000000070fc00000, 0x000000070fc00000, 0x000000070fe00000|  0%| F|  |TAMS 0x000000070fc00000| PB 0x000000070fc00000| Untracked 
|  54|0x000000070fe00000, 0x000000070fe00000, 0x0000000710000000|  0%| F|  |TAMS 0x000000070fe00000| PB 0x000000070fe00000| Untracked 
|  55|0x0000000710000000, 0x0000000710000000, 0x0000000710200000|  0%| F|  |TAMS 0x0000000710000000| PB 0x0000000710000000| Untracked 
|  56|0x0000000710200000, 0x0000000710200000, 0x0000000710400000|  0%| F|  |TAMS 0x0000000710200000| PB 0x0000000710200000| Untracked 
|  57|0x0000000710400000, 0x0000000710400000, 0x0000000710600000|  0%| F|  |TAMS 0x0000000710400000| PB 0x0000000710400000| Untracked 
|  58|0x0000000710600000, 0x0000000710600000, 0x0000000710800000|  0%| F|  |TAMS 0x0000000710600000| PB 0x0000000710600000| Untracked 
|  59|0x0000000710800000, 0x0000000710800000, 0x0000000710a00000|  0%| F|  |TAMS 0x0000000710800000| PB 0x0000000710800000| Untracked 
|  60|0x0000000710a00000, 0x0000000710a00000, 0x0000000710c00000|  0%| F|  |TAMS 0x0000000710a00000| PB 0x0000000710a00000| Untracked 
|  61|0x0000000710c00000, 0x0000000710c00000, 0x0000000710e00000|  0%| F|  |TAMS 0x0000000710c00000| PB 0x0000000710c00000| Untracked 
|  62|0x0000000710e00000, 0x0000000710e00000, 0x0000000711000000|  0%| F|  |TAMS 0x0000000710e00000| PB 0x0000000710e00000| Untracked 
|  63|0x0000000711000000, 0x0000000711000000, 0x0000000711200000|  0%| F|  |TAMS 0x0000000711000000| PB 0x0000000711000000| Untracked 
|  64|0x0000000711200000, 0x0000000711200000, 0x0000000711400000|  0%| F|  |TAMS 0x0000000711200000| PB 0x0000000711200000| Untracked 
|  65|0x0000000711400000, 0x0000000711400000, 0x0000000711600000|  0%| F|  |TAMS 0x0000000711400000| PB 0x0000000711400000| Untracked 
|  66|0x0000000711600000, 0x0000000711600000, 0x0000000711800000|  0%| F|  |TAMS 0x0000000711600000| PB 0x0000000711600000| Untracked 
|  67|0x0000000711800000, 0x0000000711800000, 0x0000000711a00000|  0%| F|  |TAMS 0x0000000711800000| PB 0x0000000711800000| Untracked 
|  68|0x0000000711a00000, 0x0000000711a00000, 0x0000000711c00000|  0%| F|  |TAMS 0x0000000711a00000| PB 0x0000000711a00000| Untracked 
|  69|0x0000000711c00000, 0x0000000711c00000, 0x0000000711e00000|  0%| F|  |TAMS 0x0000000711c00000| PB 0x0000000711c00000| Untracked 
|  70|0x0000000711e00000, 0x0000000711e00000, 0x0000000712000000|  0%| F|  |TAMS 0x0000000711e00000| PB 0x0000000711e00000| Untracked 
|  71|0x0000000712000000, 0x0000000712000000, 0x0000000712200000|  0%| F|  |TAMS 0x0000000712000000| PB 0x0000000712000000| Untracked 
|  72|0x0000000712200000, 0x0000000712200000, 0x0000000712400000|  0%| F|  |TAMS 0x0000000712200000| PB 0x0000000712200000| Untracked 
|  73|0x0000000712400000, 0x0000000712400000, 0x0000000712600000|  0%| F|  |TAMS 0x0000000712400000| PB 0x0000000712400000| Untracked 
|  74|0x0000000712600000, 0x0000000712600000, 0x0000000712800000|  0%| F|  |TAMS 0x0000000712600000| PB 0x0000000712600000| Untracked 
|  75|0x0000000712800000, 0x0000000712800000, 0x0000000712a00000|  0%| F|  |TAMS 0x0000000712800000| PB 0x0000000712800000| Untracked 
|  76|0x0000000712a00000, 0x0000000712a00000, 0x0000000712c00000|  0%| F|  |TAMS 0x0000000712a00000| PB 0x0000000712a00000| Untracked 
|  77|0x0000000712c00000, 0x0000000712c00000, 0x0000000712e00000|  0%| F|  |TAMS 0x0000000712c00000| PB 0x0000000712c00000| Untracked 
|  78|0x0000000712e00000, 0x0000000712e00000, 0x0000000713000000|  0%| F|  |TAMS 0x0000000712e00000| PB 0x0000000712e00000| Untracked 
|  79|0x0000000713000000, 0x0000000713000000, 0x0000000713200000|  0%| F|  |TAMS 0x0000000713000000| PB 0x0000000713000000| Untracked 
|  80|0x0000000713200000, 0x0000000713200000, 0x0000000713400000|  0%| F|  |TAMS 0x0000000713200000| PB 0x0000000713200000| Untracked 
|  81|0x0000000713400000, 0x0000000713400000, 0x0000000713600000|  0%| F|  |TAMS 0x0000000713400000| PB 0x0000000713400000| Untracked 
|  82|0x0000000713600000, 0x0000000713600000, 0x0000000713800000|  0%| F|  |TAMS 0x0000000713600000| PB 0x0000000713600000| Untracked 
|  83|0x0000000713800000, 0x0000000713800000, 0x0000000713a00000|  0%| F|  |TAMS 0x0000000713800000| PB 0x0000000713800000| Untracked 
|  84|0x0000000713a00000, 0x0000000713a00000, 0x0000000713c00000|  0%| F|  |TAMS 0x0000000713a00000| PB 0x0000000713a00000| Untracked 
|  85|0x0000000713c00000, 0x0000000713c00000, 0x0000000713e00000|  0%| F|  |TAMS 0x0000000713c00000| PB 0x0000000713c00000| Untracked 
|  86|0x0000000713e00000, 0x0000000713e00000, 0x0000000714000000|  0%| F|  |TAMS 0x0000000713e00000| PB 0x0000000713e00000| Untracked 
|  87|0x0000000714000000, 0x0000000714000000, 0x0000000714200000|  0%| F|  |TAMS 0x0000000714000000| PB 0x0000000714000000| Untracked 
|  88|0x0000000714200000, 0x0000000714200000, 0x0000000714400000|  0%| F|  |TAMS 0x0000000714200000| PB 0x0000000714200000| Untracked 
|  89|0x0000000714400000, 0x0000000714400000, 0x0000000714600000|  0%| F|  |TAMS 0x0000000714400000| PB 0x0000000714400000| Untracked 
|  90|0x0000000714600000, 0x0000000714600000, 0x0000000714800000|  0%| F|  |TAMS 0x0000000714600000| PB 0x0000000714600000| Untracked 
|  91|0x0000000714800000, 0x0000000714800000, 0x0000000714a00000|  0%| F|  |TAMS 0x0000000714800000| PB 0x0000000714800000| Untracked 
|  92|0x0000000714a00000, 0x0000000714a00000, 0x0000000714c00000|  0%| F|  |TAMS 0x0000000714a00000| PB 0x0000000714a00000| Untracked 
|  93|0x0000000714c00000, 0x0000000714c00000, 0x0000000714e00000|  0%| F|  |TAMS 0x0000000714c00000| PB 0x0000000714c00000| Untracked 
|  94|0x0000000714e00000, 0x0000000714e00000, 0x0000000715000000|  0%| F|  |TAMS 0x0000000714e00000| PB 0x0000000714e00000| Untracked 
|  95|0x0000000715000000, 0x0000000715200000, 0x0000000715200000|100%| S|CS|TAMS 0x0000000715000000| PB 0x0000000715000000| Complete 
|  96|0x0000000715200000, 0x0000000715400000, 0x0000000715400000|100%| S|CS|TAMS 0x0000000715200000| PB 0x0000000715200000| Complete 
|  97|0x0000000715400000, 0x0000000715600000, 0x0000000715600000|100%| S|CS|TAMS 0x0000000715400000| PB 0x0000000715400000| Complete 
|  98|0x0000000715600000, 0x0000000715800000, 0x0000000715800000|100%| S|CS|TAMS 0x0000000715600000| PB 0x0000000715600000| Complete 
|  99|0x0000000715800000, 0x0000000715a00000, 0x0000000715a00000|100%| S|CS|TAMS 0x0000000715800000| PB 0x0000000715800000| Complete 
| 100|0x0000000715a00000, 0x0000000715c00000, 0x0000000715c00000|100%| S|CS|TAMS 0x0000000715a00000| PB 0x0000000715a00000| Complete 
| 101|0x0000000715c00000, 0x0000000715e00000, 0x0000000715e00000|100%| S|CS|TAMS 0x0000000715c00000| PB 0x0000000715c00000| Complete 
| 102|0x0000000715e00000, 0x0000000716000000, 0x0000000716000000|100%| S|CS|TAMS 0x0000000715e00000| PB 0x0000000715e00000| Complete 
| 103|0x0000000716000000, 0x0000000716200000, 0x0000000716200000|100%| S|CS|TAMS 0x0000000716000000| PB 0x0000000716000000| Complete 
| 104|0x0000000716200000, 0x0000000716400000, 0x0000000716400000|100%| S|CS|TAMS 0x0000000716200000| PB 0x0000000716200000| Complete 
| 105|0x0000000716400000, 0x0000000716600000, 0x0000000716600000|100%| S|CS|TAMS 0x0000000716400000| PB 0x0000000716400000| Complete 
| 106|0x0000000716600000, 0x0000000716800000, 0x0000000716800000|100%| S|CS|TAMS 0x0000000716600000| PB 0x0000000716600000| Complete 
| 107|0x0000000716800000, 0x0000000716a00000, 0x0000000716a00000|100%| S|CS|TAMS 0x0000000716800000| PB 0x0000000716800000| Complete 
| 108|0x0000000716a00000, 0x0000000716a00000, 0x0000000716c00000|  0%| F|  |TAMS 0x0000000716a00000| PB 0x0000000716a00000| Untracked 
| 109|0x0000000716c00000, 0x0000000716c00000, 0x0000000716e00000|  0%| F|  |TAMS 0x0000000716c00000| PB 0x0000000716c00000| Untracked 
| 110|0x0000000716e00000, 0x0000000716e00000, 0x0000000717000000|  0%| F|  |TAMS 0x0000000716e00000| PB 0x0000000716e00000| Untracked 
| 111|0x0000000717000000, 0x0000000717000000, 0x0000000717200000|  0%| F|  |TAMS 0x0000000717000000| PB 0x0000000717000000| Untracked 
| 112|0x0000000717200000, 0x0000000717200000, 0x0000000717400000|  0%| F|  |TAMS 0x0000000717200000| PB 0x0000000717200000| Untracked 
| 113|0x0000000717400000, 0x0000000717400000, 0x0000000717600000|  0%| F|  |TAMS 0x0000000717400000| PB 0x0000000717400000| Untracked 
| 114|0x0000000717600000, 0x0000000717600000, 0x0000000717800000|  0%| F|  |TAMS 0x0000000717600000| PB 0x0000000717600000| Untracked 
| 115|0x0000000717800000, 0x0000000717800000, 0x0000000717a00000|  0%| F|  |TAMS 0x0000000717800000| PB 0x0000000717800000| Untracked 
| 116|0x0000000717a00000, 0x0000000717a00000, 0x0000000717c00000|  0%| F|  |TAMS 0x0000000717a00000| PB 0x0000000717a00000| Untracked 
| 117|0x0000000717c00000, 0x0000000717c00000, 0x0000000717e00000|  0%| F|  |TAMS 0x0000000717c00000| PB 0x0000000717c00000| Untracked 
| 118|0x0000000717e00000, 0x0000000717e00000, 0x0000000718000000|  0%| F|  |TAMS 0x0000000717e00000| PB 0x0000000717e00000| Untracked 
| 119|0x0000000718000000, 0x0000000718000000, 0x0000000718200000|  0%| F|  |TAMS 0x0000000718000000| PB 0x0000000718000000| Untracked 
| 120|0x0000000718200000, 0x0000000718200000, 0x0000000718400000|  0%| F|  |TAMS 0x0000000718200000| PB 0x0000000718200000| Untracked 
| 121|0x0000000718400000, 0x0000000718400000, 0x0000000718600000|  0%| F|  |TAMS 0x0000000718400000| PB 0x0000000718400000| Untracked 
| 122|0x0000000718600000, 0x0000000718600000, 0x0000000718800000|  0%| F|  |TAMS 0x0000000718600000| PB 0x0000000718600000| Untracked 
| 123|0x0000000718800000, 0x0000000718800000, 0x0000000718a00000|  0%| F|  |TAMS 0x0000000718800000| PB 0x0000000718800000| Untracked 
| 124|0x0000000718a00000, 0x0000000718a00000, 0x0000000718c00000|  0%| F|  |TAMS 0x0000000718a00000| PB 0x0000000718a00000| Untracked 
| 125|0x0000000718c00000, 0x0000000718c00000, 0x0000000718e00000|  0%| F|  |TAMS 0x0000000718c00000| PB 0x0000000718c00000| Untracked 
| 126|0x0000000718e00000, 0x0000000718e00000, 0x0000000719000000|  0%| F|  |TAMS 0x0000000718e00000| PB 0x0000000718e00000| Untracked 
| 127|0x0000000719000000, 0x0000000719000000, 0x0000000719200000|  0%| F|  |TAMS 0x0000000719000000| PB 0x0000000719000000| Untracked 
| 128|0x0000000719200000, 0x0000000719200000, 0x0000000719400000|  0%| F|  |TAMS 0x0000000719200000| PB 0x0000000719200000| Untracked 
| 129|0x0000000719400000, 0x0000000719400000, 0x0000000719600000|  0%| F|  |TAMS 0x0000000719400000| PB 0x0000000719400000| Untracked 
| 130|0x0000000719600000, 0x0000000719600000, 0x0000000719800000|  0%| F|  |TAMS 0x0000000719600000| PB 0x0000000719600000| Untracked 
| 131|0x0000000719800000, 0x0000000719800000, 0x0000000719a00000|  0%| F|  |TAMS 0x0000000719800000| PB 0x0000000719800000| Untracked 
| 132|0x0000000719a00000, 0x0000000719a00000, 0x0000000719c00000|  0%| F|  |TAMS 0x0000000719a00000| PB 0x0000000719a00000| Untracked 
| 133|0x0000000719c00000, 0x0000000719c00000, 0x0000000719e00000|  0%| F|  |TAMS 0x0000000719c00000| PB 0x0000000719c00000| Untracked 
| 134|0x0000000719e00000, 0x0000000719e00000, 0x000000071a000000|  0%| F|  |TAMS 0x0000000719e00000| PB 0x0000000719e00000| Untracked 
| 135|0x000000071a000000, 0x000000071a000000, 0x000000071a200000|  0%| F|  |TAMS 0x000000071a000000| PB 0x000000071a000000| Untracked 
| 136|0x000000071a200000, 0x000000071a200000, 0x000000071a400000|  0%| F|  |TAMS 0x000000071a200000| PB 0x000000071a200000| Untracked 
| 137|0x000000071a400000, 0x000000071a400000, 0x000000071a600000|  0%| F|  |TAMS 0x000000071a400000| PB 0x000000071a400000| Untracked 
| 138|0x000000071a600000, 0x000000071a600000, 0x000000071a800000|  0%| F|  |TAMS 0x000000071a600000| PB 0x000000071a600000| Untracked 
| 139|0x000000071a800000, 0x000000071a800000, 0x000000071aa00000|  0%| F|  |TAMS 0x000000071a800000| PB 0x000000071a800000| Untracked 
| 140|0x000000071aa00000, 0x000000071aa00000, 0x000000071ac00000|  0%| F|  |TAMS 0x000000071aa00000| PB 0x000000071aa00000| Untracked 
| 141|0x000000071ac00000, 0x000000071ac00000, 0x000000071ae00000|  0%| F|  |TAMS 0x000000071ac00000| PB 0x000000071ac00000| Untracked 
| 142|0x000000071ae00000, 0x000000071af00000, 0x000000071b000000| 50%| E|  |TAMS 0x000000071ae00000| PB 0x000000071ae00000| Complete 
| 143|0x000000071b000000, 0x000000071b200000, 0x000000071b200000|100%| E|CS|TAMS 0x000000071b000000| PB 0x000000071b000000| Complete 
| 144|0x000000071b200000, 0x000000071b400000, 0x000000071b400000|100%| E|CS|TAMS 0x000000071b200000| PB 0x000000071b200000| Complete 
| 145|0x000000071b400000, 0x000000071b600000, 0x000000071b600000|100%| E|CS|TAMS 0x000000071b400000| PB 0x000000071b400000| Complete 
| 146|0x000000071b600000, 0x000000071b800000, 0x000000071b800000|100%| E|CS|TAMS 0x000000071b600000| PB 0x000000071b600000| Complete 
| 147|0x000000071b800000, 0x000000071ba00000, 0x000000071ba00000|100%| E|CS|TAMS 0x000000071b800000| PB 0x000000071b800000| Complete 
| 148|0x000000071ba00000, 0x000000071bc00000, 0x000000071bc00000|100%| E|CS|TAMS 0x000000071ba00000| PB 0x000000071ba00000| Complete 
| 149|0x000000071bc00000, 0x000000071be00000, 0x000000071be00000|100%| E|CS|TAMS 0x000000071bc00000| PB 0x000000071bc00000| Complete 
| 150|0x000000071be00000, 0x000000071c000000, 0x000000071c000000|100%| E|CS|TAMS 0x000000071be00000| PB 0x000000071be00000| Complete 
| 151|0x000000071c000000, 0x000000071c200000, 0x000000071c200000|100%| E|CS|TAMS 0x000000071c000000| PB 0x000000071c000000| Complete 
| 152|0x000000071c200000, 0x000000071c400000, 0x000000071c400000|100%| E|CS|TAMS 0x000000071c200000| PB 0x000000071c200000| Complete 
| 153|0x000000071c400000, 0x000000071c600000, 0x000000071c600000|100%| E|CS|TAMS 0x000000071c400000| PB 0x000000071c400000| Complete 
| 154|0x000000071c600000, 0x000000071c800000, 0x000000071c800000|100%| E|CS|TAMS 0x000000071c600000| PB 0x000000071c600000| Complete 
| 155|0x000000071c800000, 0x000000071ca00000, 0x000000071ca00000|100%| E|CS|TAMS 0x000000071c800000| PB 0x000000071c800000| Complete 
| 156|0x000000071ca00000, 0x000000071cc00000, 0x000000071cc00000|100%| E|CS|TAMS 0x000000071ca00000| PB 0x000000071ca00000| Complete 
| 157|0x000000071cc00000, 0x000000071ce00000, 0x000000071ce00000|100%| E|CS|TAMS 0x000000071cc00000| PB 0x000000071cc00000| Complete 
| 158|0x000000071ce00000, 0x000000071d000000, 0x000000071d000000|100%| E|CS|TAMS 0x000000071ce00000| PB 0x000000071ce00000| Complete 
| 159|0x000000071d000000, 0x000000071d200000, 0x000000071d200000|100%| E|CS|TAMS 0x000000071d000000| PB 0x000000071d000000| Complete 
| 160|0x000000071d200000, 0x000000071d400000, 0x000000071d400000|100%| E|CS|TAMS 0x000000071d200000| PB 0x000000071d200000| Complete 
| 161|0x000000071d400000, 0x000000071d600000, 0x000000071d600000|100%| E|CS|TAMS 0x000000071d400000| PB 0x000000071d400000| Complete 
| 162|0x000000071d600000, 0x000000071d800000, 0x000000071d800000|100%| E|CS|TAMS 0x000000071d600000| PB 0x000000071d600000| Complete 
| 163|0x000000071d800000, 0x000000071da00000, 0x000000071da00000|100%| E|CS|TAMS 0x000000071d800000| PB 0x000000071d800000| Complete 
| 164|0x000000071da00000, 0x000000071dc00000, 0x000000071dc00000|100%| E|CS|TAMS 0x000000071da00000| PB 0x000000071da00000| Complete 
| 165|0x000000071dc00000, 0x000000071de00000, 0x000000071de00000|100%| E|CS|TAMS 0x000000071dc00000| PB 0x000000071dc00000| Complete 
|1970|0x00000007ff600000, 0x00000007ff800000, 0x00000007ff800000|100%| O|  |TAMS 0x00000007ff600000| PB 0x00000007ff600000| Untracked 
|1971|0x00000007ff800000, 0x00000007ffa00000, 0x00000007ffa00000|100%| O|  |TAMS 0x00000007ff800000| PB 0x00000007ff800000| Untracked 
|1972|0x00000007ffa00000, 0x00000007ffc00000, 0x00000007ffc00000|100%| O|Cm|TAMS 0x00000007ffa00000| PB 0x00000007ffa00000| Complete 
|1973|0x00000007ffc00000, 0x00000007ffe00000, 0x00000007ffe00000|100%| O|  |TAMS 0x00000007ffc00000| PB 0x00000007ffc00000| Untracked 
|1974|0x00000007ffe00000, 0x0000000800000000, 0x0000000800000000|100%| O|  |TAMS 0x00000007ffe00000| PB 0x00000007ffe00000| Untracked 

Card table byte_map: [0x000001a362800000,0x000001a362fc0000] _byte_map_base: 0x000001a35efb7000

Marking Bits: (CMBitMap*) 0x000001a34a652310
 Bits: [0x000001a362fc0000, 0x000001a366d78000)

Polling page: 0x000001a3483f0000

Metaspace:

Usage:
  Non-class:     34.35 MB used.
      Class:      4.20 MB used.
       Both:     38.55 MB used.

Virtual space:
  Non-class space:       64.00 MB reserved,      34.62 MB ( 54%) committed,  1 nodes.
      Class space:        1.00 GB reserved,       4.50 MB ( <1%) committed,  1 nodes.
             Both:        1.06 GB reserved,      39.12 MB (  4%) committed. 

Chunk freelists:
   Non-Class:  13.27 MB
       Class:  11.47 MB
        Both:  24.73 MB

MaxMetaspaceSize: unlimited
CompressedClassSpaceSize: 1.00 GB
Initial GC threshold: 21.00 MB
Current GC threshold: 59.81 MB
CDS: on
 - commit_granule_bytes: 65536.
 - commit_granule_words: 8192.
 - virtual_space_node_default_size: 8388608.
 - enlarge_chunks_in_place: 1.
 - use_allocation_guard: 0.


Internal statistics:

num_allocs_failed_limit: 6.
num_arena_births: 688.
num_arena_deaths: 0.
num_vsnodes_births: 2.
num_vsnodes_deaths: 0.
num_space_committed: 626.
num_space_uncommitted: 0.
num_chunks_returned_to_freelist: 6.
num_chunks_taken_from_freelist: 2239.
num_chunk_merges: 6.
num_chunk_splits: 1534.
num_chunks_enlarged: 1114.
num_inconsistent_stats: 0.

CodeHeap 'non-profiled nmethods': size=120000Kb used=9360Kb max_used=9697Kb free=110639Kb
 bounds [0x000001a35a7e0000, 0x000001a35b180000, 0x000001a361d10000]
CodeHeap 'profiled nmethods': size=120000Kb used=28984Kb max_used=30750Kb free=91015Kb
 bounds [0x000001a352d10000, 0x000001a354b20000, 0x000001a35a240000]
CodeHeap 'non-nmethods': size=5760Kb used=1436Kb max_used=1518Kb free=4323Kb
 bounds [0x000001a35a240000, 0x000001a35a4b0000, 0x000001a35a7e0000]
CodeCache: size=245760Kb, used=39780Kb, max_used=41965Kb, free=205977Kb
 total_blobs=12693, nmethods=12101, adapters=495, full_count=0
Compilation: enabled, stopped_count=0, restarted_count=0

Compilation events (20 events):
Event: 16.915 Thread 0x000001a36e788530 12932       4       java.util.BitSet::get (69 bytes)
Event: 16.916 Thread 0x000001a36e788530 nmethod 12932 0x000001a35aa9d590 code [0x000001a35aa9d720, 0x000001a35aa9d868]
Event: 16.917 Thread 0x000001a36e788530 12951   !   4       java.util.regex.Pattern::<init> (144 bytes)
Event: 16.921 Thread 0x000001a36e788530 nmethod 12951 0x000001a35a850290 code [0x000001a35a850460, 0x000001a35a850748]
Event: 16.921 Thread 0x000001a36e788530 12952       4       java.util.regex.Pattern::compile (10 bytes)
Event: 16.924 Thread 0x000001a36e788530 nmethod 12952 0x000001a35a901e10 code [0x000001a35a901fc0, 0x000001a35a902190]
Event: 16.924 Thread 0x000001a36e788530 12947       4       java.util.regex.Pattern$TreeInfo::reset (21 bytes)
Event: 16.924 Thread 0x000001a36e788530 nmethod 12947 0x000001a35a901a90 code [0x000001a35a901c20, 0x000001a35a901cb8]
Event: 16.924 Thread 0x000001a36e788530 12954       4       java.io.CharArrayWriter::flush (1 bytes)
Event: 16.925 Thread 0x000001a36e788530 nmethod 12954 0x000001a35a95ca10 code [0x000001a35a95cba0, 0x000001a35a95cc28]
Event: 16.925 Thread 0x000001a36e788530 12937       4       java.util.regex.Pattern$LastNode::match (45 bytes)
Event: 16.926 Thread 0x000001a36e788530 nmethod 12937 0x000001a35a95c410 code [0x000001a35a95c5a0, 0x000001a35a95c6c0]
Event: 17.903 Thread 0x000001a3697a7bc0 nmethod 12737 0x000001a35b166990 code [0x000001a35b1671a0, 0x000001a35b1702a0]
Event: 18.242 Thread 0x000001a3697a7bc0 12996       4       java.nio.Buffer::remaining (20 bytes)
Event: 18.242 Thread 0x000001a3697a7bc0 nmethod 12996 0x000001a35a9ad010 code [0x000001a35a9ad1a0, 0x000001a35a9ad238]
Event: 18.244 Thread 0x000001a3697a7bc0 12997       4       java.lang.invoke.MethodType::checkPtypes (76 bytes)
Event: 18.248 Thread 0x000001a3697a7bc0 nmethod 12997 0x000001a35a9aca10 code [0x000001a35a9acbc0, 0x000001a35a9acd70]
Event: 18.595 Thread 0x000001a3697a7bc0 12998       4       sun.nio.fs.WindowsPathParser::parse (504 bytes)
Event: 18.657 Thread 0x000001a3697a7bc0 nmethod 12998 0x000001a35a976e90 code [0x000001a35a9771e0, 0x000001a35a978c90]
Event: 19.035 Thread 0x000001a3697a7bc0 12999       4       java.lang.invoke.MemberName::initResolved (53 bytes)

GC Heap History (20 events):
Event: 7.895 GC heap before
{Heap before GC invocations=9 (full 0):
 garbage-first heap   total 129024K, used 109236K [0x0000000709200000, 0x0000000800000000)
  region size 2048K, 27 young (55296K), 2 survivors (4096K)
 Metaspace       used 30991K, committed 31424K, reserved 1114112K
  class space    used 3449K, committed 3648K, reserved 1048576K
}
Event: 7.909 GC heap after
{Heap after GC invocations=10 (full 0):
 garbage-first heap   total 163840K, used 61431K [0x0000000709200000, 0x0000000800000000)
  region size 2048K, 4 young (8192K), 4 survivors (8192K)
 Metaspace       used 30991K, committed 31424K, reserved 1114112K
  class space    used 3449K, committed 3648K, reserved 1048576K
}
Event: 8.359 GC heap before
{Heap before GC invocations=10 (full 0):
 garbage-first heap   total 163840K, used 137207K [0x0000000709200000, 0x0000000800000000)
  region size 2048K, 41 young (83968K), 4 survivors (8192K)
 Metaspace       used 31168K, committed 31616K, reserved 1114112K
  class space    used 3471K, committed 3648K, reserved 1048576K
}
Event: 8.376 GC heap after
{Heap after GC invocations=11 (full 0):
 garbage-first heap   total 163840K, used 64168K [0x0000000709200000, 0x0000000800000000)
  region size 2048K, 4 young (8192K), 4 survivors (8192K)
 Metaspace       used 31168K, committed 31616K, reserved 1114112K
  class space    used 3471K, committed 3648K, reserved 1048576K
}
Event: 8.721 GC heap before
{Heap before GC invocations=11 (full 0):
 garbage-first heap   total 163840K, used 141992K [0x0000000709200000, 0x0000000800000000)
  region size 2048K, 42 young (86016K), 4 survivors (8192K)
 Metaspace       used 31234K, committed 31744K, reserved 1114112K
  class space    used 3476K, committed 3712K, reserved 1048576K
}
Event: 8.743 GC heap after
{Heap after GC invocations=12 (full 0):
 garbage-first heap   total 163840K, used 68382K [0x0000000709200000, 0x0000000800000000)
  region size 2048K, 5 young (10240K), 5 survivors (10240K)
 Metaspace       used 31234K, committed 31744K, reserved 1114112K
  class space    used 3476K, committed 3712K, reserved 1048576K
}
Event: 9.023 GC heap before
{Heap before GC invocations=12 (full 0):
 garbage-first heap   total 163840K, used 144158K [0x0000000709200000, 0x0000000800000000)
  region size 2048K, 42 young (86016K), 5 survivors (10240K)
 Metaspace       used 31310K, committed 31808K, reserved 1114112K
  class space    used 3479K, committed 3712K, reserved 1048576K
}
Event: 9.045 GC heap after
{Heap after GC invocations=13 (full 0):
 garbage-first heap   total 163840K, used 72413K [0x0000000709200000, 0x0000000800000000)
  region size 2048K, 5 young (10240K), 5 survivors (10240K)
 Metaspace       used 31310K, committed 31808K, reserved 1114112K
  class space    used 3479K, committed 3712K, reserved 1048576K
}
Event: 9.223 GC heap before
{Heap before GC invocations=13 (full 0):
 garbage-first heap   total 163840K, used 144093K [0x0000000709200000, 0x0000000800000000)
  region size 2048K, 40 young (81920K), 5 survivors (10240K)
 Metaspace       used 31319K, committed 31808K, reserved 1114112K
  class space    used 3480K, committed 3712K, reserved 1048576K
}
Event: 9.243 GC heap after
{Heap after GC invocations=14 (full 0):
 garbage-first heap   total 249856K, used 74083K [0x0000000709200000, 0x0000000800000000)
  region size 2048K, 3 young (6144K), 3 survivors (6144K)
 Metaspace       used 31319K, committed 31808K, reserved 1114112K
  class space    used 3480K, committed 3712K, reserved 1048576K
}
Event: 9.910 GC heap before
{Heap before GC invocations=14 (full 0):
 garbage-first heap   total 249856K, used 217443K [0x0000000709200000, 0x0000000800000000)
  region size 2048K, 73 young (149504K), 3 survivors (6144K)
 Metaspace       used 31470K, committed 31936K, reserved 1114112K
  class space    used 3483K, committed 3712K, reserved 1048576K
}
Event: 9.923 GC heap after
{Heap after GC invocations=15 (full 0):
 garbage-first heap   total 249856K, used 76595K [0x0000000709200000, 0x0000000800000000)
  region size 2048K, 4 young (8192K), 4 survivors (8192K)
 Metaspace       used 31470K, committed 31936K, reserved 1114112K
  class space    used 3483K, committed 3712K, reserved 1048576K
}
Event: 10.343 GC heap before
{Heap before GC invocations=15 (full 0):
 garbage-first heap   total 249856K, used 217907K [0x0000000709200000, 0x0000000800000000)
  region size 2048K, 73 young (149504K), 4 survivors (8192K)
 Metaspace       used 31510K, committed 32000K, reserved 1114112K
  class space    used 3483K, committed 3712K, reserved 1048576K
}
Event: 10.357 GC heap after
{Heap after GC invocations=16 (full 0):
 garbage-first heap   total 249856K, used 75993K [0x0000000709200000, 0x0000000800000000)
  region size 2048K, 4 young (8192K), 4 survivors (8192K)
 Metaspace       used 31510K, committed 32000K, reserved 1114112K
  class space    used 3483K, committed 3712K, reserved 1048576K
}
Event: 12.125 GC heap before
{Heap before GC invocations=16 (full 0):
 garbage-first heap   total 249856K, used 217305K [0x0000000709200000, 0x0000000800000000)
  region size 2048K, 73 young (149504K), 4 survivors (8192K)
 Metaspace       used 33938K, committed 34560K, reserved 1114112K
  class space    used 3743K, committed 4032K, reserved 1048576K
}
Event: 12.146 GC heap after
{Heap after GC invocations=17 (full 0):
 garbage-first heap   total 249856K, used 78931K [0x0000000709200000, 0x0000000800000000)
  region size 2048K, 6 young (12288K), 6 survivors (12288K)
 Metaspace       used 33938K, committed 34560K, reserved 1114112K
  class space    used 3743K, committed 4032K, reserved 1048576K
}
Event: 14.194 GC heap before
{Heap before GC invocations=17 (full 0):
 garbage-first heap   total 249856K, used 216147K [0x0000000709200000, 0x0000000800000000)
  region size 2048K, 73 young (149504K), 6 survivors (12288K)
 Metaspace       used 34699K, committed 35328K, reserved 1114112K
  class space    used 3778K, committed 4096K, reserved 1048576K
}
Event: 14.219 GC heap after
{Heap after GC invocations=18 (full 0):
 garbage-first heap   total 350208K, used 83105K [0x0000000709200000, 0x0000000800000000)
  region size 2048K, 8 young (16384K), 8 survivors (16384K)
 Metaspace       used 34699K, committed 35328K, reserved 1114112K
  class space    used 3778K, committed 4096K, reserved 1048576K
}
Event: 15.895 GC heap before
{Heap before GC invocations=18 (full 0):
 garbage-first heap   total 350208K, used 201889K [0x0000000709200000, 0x0000000800000000)
  region size 2048K, 66 young (135168K), 8 survivors (16384K)
 Metaspace       used 35872K, committed 36416K, reserved 1114112K
  class space    used 3909K, committed 4224K, reserved 1048576K
}
Event: 15.919 GC heap after
{Heap after GC invocations=19 (full 0):
 garbage-first heap   total 350208K, used 107501K [0x0000000709200000, 0x0000000800000000)
  region size 2048K, 13 young (26624K), 13 survivors (26624K)
 Metaspace       used 35872K, committed 36416K, reserved 1114112K
  class space    used 3909K, committed 4224K, reserved 1048576K
}

Dll operation events (8 events):
Event: 0.007 Loaded shared library C:\Program Files\Eclipse Adoptium\jdk-21.0.9.10-hotspot\bin\java.dll
Event: 0.031 Loaded shared library C:\Program Files\Eclipse Adoptium\jdk-21.0.9.10-hotspot\bin\jsvml.dll
Event: 0.049 Loaded shared library C:\Program Files\Eclipse Adoptium\jdk-21.0.9.10-hotspot\bin\net.dll
Event: 0.050 Loaded shared library C:\Program Files\Eclipse Adoptium\jdk-21.0.9.10-hotspot\bin\nio.dll
Event: 0.052 Loaded shared library C:\Program Files\Eclipse Adoptium\jdk-21.0.9.10-hotspot\bin\zip.dll
Event: 0.155 Loaded shared library C:\Program Files\Eclipse Adoptium\jdk-21.0.9.10-hotspot\bin\jimage.dll
Event: 0.156 Loaded shared library C:\Users\MyPC\Downloads\apache-maven-3.9.9-bin\apache-maven-3.9.9\lib\jansi-native\Windows\x86_64\jansi.dll
Event: 0.166 Loaded shared library C:\Program Files\Eclipse Adoptium\jdk-21.0.9.10-hotspot\bin\verify.dll

Deoptimization events (20 events):
Event: 16.856 Thread 0x000001a37149c700 Uncommon trap: trap_request=0xffffff45 fr.pc=0x000001a35a968fec relative=0x00000000000000cc
Event: 16.856 Thread 0x000001a37149c700 Uncommon trap: reason=unstable_if action=reinterpret pc=0x000001a35a968fec method=java.lang.String.codePointAt(I)I @ 4 c2
Event: 16.856 Thread 0x000001a37149c700 DEOPT PACKING pc=0x000001a35a968fec sp=0x00000068916fedb0
Event: 16.856 Thread 0x000001a37149c700 DEOPT UNPACKING pc=0x000001a35a294422 sp=0x00000068916fed48 mode 2
Event: 16.857 Thread 0x000001a37149c700 Uncommon trap: trap_request=0xffffffc6 fr.pc=0x000001a35aed88ec relative=0x000000000000030c
Event: 16.857 Thread 0x000001a37149c700 Uncommon trap: reason=bimorphic_or_optimized_type_check action=maybe_recompile pc=0x000001a35aed88ec method=java.util.regex.Matcher.getTextLength()I @ 4 c2
Event: 16.857 Thread 0x000001a37149c700 DEOPT PACKING pc=0x000001a35aed88ec sp=0x00000068916fee50
Event: 16.857 Thread 0x000001a37149c700 DEOPT UNPACKING pc=0x000001a35a294422 sp=0x00000068916fed80 mode 2
Event: 18.243 Thread 0x000001a37149b9e0 Uncommon trap: trap_request=0xffffffde fr.pc=0x000001a35ab76c1c relative=0x00000000000001dc
Event: 18.243 Thread 0x000001a37149b9e0 Uncommon trap: reason=class_check action=maybe_recompile pc=0x000001a35ab76c1c method=java.util.concurrent.locks.AbstractQueuedSynchronizer.acquireShared(I)V @ 2 c2
Event: 18.243 Thread 0x000001a37149b9e0 DEOPT PACKING pc=0x000001a35ab76c1c sp=0x00000068918ff450
Event: 18.243 Thread 0x000001a37149b9e0 DEOPT UNPACKING pc=0x000001a35a294422 sp=0x00000068918ff428 mode 2
Event: 18.591 Thread 0x000001a37149b9e0 Uncommon trap: trap_request=0xffffffde fr.pc=0x000001a35ab76c1c relative=0x00000000000001dc
Event: 18.591 Thread 0x000001a37149b9e0 Uncommon trap: reason=class_check action=maybe_recompile pc=0x000001a35ab76c1c method=java.util.concurrent.locks.AbstractQueuedSynchronizer.acquireShared(I)V @ 2 c2
Event: 18.591 Thread 0x000001a37149b9e0 DEOPT PACKING pc=0x000001a35ab76c1c sp=0x00000068918ff450
Event: 18.591 Thread 0x000001a37149b9e0 DEOPT UNPACKING pc=0x000001a35a294422 sp=0x00000068918ff428 mode 2
Event: 18.922 Thread 0x000001a37149b9e0 Uncommon trap: trap_request=0xffffffde fr.pc=0x000001a35ab76c1c relative=0x00000000000001dc
Event: 18.922 Thread 0x000001a37149b9e0 Uncommon trap: reason=class_check action=maybe_recompile pc=0x000001a35ab76c1c method=java.util.concurrent.locks.AbstractQueuedSynchronizer.acquireShared(I)V @ 2 c2
Event: 18.922 Thread 0x000001a37149b9e0 DEOPT PACKING pc=0x000001a35ab76c1c sp=0x00000068918ff450
Event: 18.922 Thread 0x000001a37149b9e0 DEOPT UNPACKING pc=0x000001a35a294422 sp=0x00000068918ff428 mode 2

Classes loaded (20 events):
Event: 16.821 Loading class jdk/internal/logger/LoggerFinderLoader done
Event: 16.822 Loading class jdk/internal/logger/LoggerFinderLoader$TemporaryLoggerFinder
Event: 16.822 Loading class jdk/internal/logger/LoggerFinderLoader$TemporaryLoggerFinder done
Event: 16.822 Loading class sun/util/logging/internal/LoggingProviderImpl$JULWrapper
Event: 16.822 Loading class sun/util/logging/PlatformLogger$ConfigurableBridge$LoggerConfiguration
Event: 16.822 Loading class sun/util/logging/PlatformLogger$ConfigurableBridge$LoggerConfiguration done
Event: 16.822 Loading class sun/util/logging/internal/LoggingProviderImpl$JULWrapper done
Event: 16.822 Loading class java/lang/System$Logger$Level
Event: 16.822 Loading class java/lang/System$Logger$Level done
Event: 16.824 Loading class java/nio/channels/ClosedChannelException
Event: 16.824 Loading class java/nio/channels/ClosedChannelException done
Event: 16.827 Loading class java/nio/channels/NonReadableChannelException
Event: 16.827 Loading class java/nio/channels/NonReadableChannelException done
Event: 16.828 Loading class java/nio/channels/NonWritableChannelException
Event: 16.829 Loading class java/nio/channels/NonWritableChannelException done
Event: 16.853 Loading class java/util/Scanner
Event: 16.854 Loading class java/util/Scanner done
Event: 16.856 Loading class java/util/Scanner$PatternLRUCache
Event: 16.856 Loading class java/util/Scanner$PatternLRUCache done
Event: 19.035 Loading class java/util/concurrent/atomic/Striped64$1

Classes unloaded (0 events):
No events

Classes redefined (0 events):
No events

Internal exceptions (20 events):
Event: 15.412 Thread 0x000001a3484326d0 Exception <a 'sun/nio/fs/WindowsException'{0x000000071804bbe0}> (0x000000071804bbe0) 
thrown [s\src\hotspot\share\prims\jni.cpp, line 520]
Event: 15.413 Thread 0x000001a3484326d0 Exception <a 'sun/nio/fs/WindowsException'{0x0000000718075be8}> (0x0000000718075be8) 
thrown [s\src\hotspot\share\prims\jni.cpp, line 520]
Event: 16.057 Thread 0x000001a3484326d0 Exception <a 'sun/nio/fs/WindowsException'{0x000000071d683230}> (0x000000071d683230) 
thrown [s\src\hotspot\share\prims\jni.cpp, line 520]
Event: 16.057 Thread 0x000001a3484326d0 Exception <a 'sun/nio/fs/WindowsException'{0x000000071d683d80}> (0x000000071d683d80) 
thrown [s\src\hotspot\share\prims\jni.cpp, line 520]
Event: 16.062 Thread 0x000001a3484326d0 Exception <a 'sun/nio/fs/WindowsException'{0x000000071d6ba0c0}> (0x000000071d6ba0c0) 
thrown [s\src\hotspot\share\prims\jni.cpp, line 520]
Event: 16.062 Thread 0x000001a3484326d0 Exception <a 'sun/nio/fs/WindowsException'{0x000000071d6bac10}> (0x000000071d6bac10) 
thrown [s\src\hotspot\share\prims\jni.cpp, line 520]
Event: 16.067 Thread 0x000001a3484326d0 Exception <a 'sun/nio/fs/WindowsException'{0x000000071d6eb3e8}> (0x000000071d6eb3e8) 
thrown [s\src\hotspot\share\prims\jni.cpp, line 520]
Event: 16.067 Thread 0x000001a3484326d0 Exception <a 'sun/nio/fs/WindowsException'{0x000000071d6ebf38}> (0x000000071d6ebf38) 
thrown [s\src\hotspot\share\prims\jni.cpp, line 520]
Event: 16.068 Thread 0x000001a3484326d0 Exception <a 'sun/nio/fs/WindowsException'{0x000000071d70bfe8}> (0x000000071d70bfe8) 
thrown [s\src\hotspot\share\prims\jni.cpp, line 520]
Event: 16.068 Thread 0x000001a3484326d0 Exception <a 'sun/nio/fs/WindowsException'{0x000000071d70cb38}> (0x000000071d70cb38) 
thrown [s\src\hotspot\share\prims\jni.cpp, line 520]
Event: 16.074 Thread 0x000001a3484326d0 Exception <a 'sun/nio/fs/WindowsException'{0x000000071d7e9c50}> (0x000000071d7e9c50) 
thrown [s\src\hotspot\share\prims\jni.cpp, line 520]
Event: 16.077 Thread 0x000001a3484326d0 Exception <a 'sun/nio/fs/WindowsException'{0x000000071d401178}> (0x000000071d401178) 
thrown [s\src\hotspot\share\prims\jni.cpp, line 520]
Event: 16.081 Thread 0x000001a3484326d0 Exception <a 'sun/nio/fs/WindowsException'{0x000000071d418518}> (0x000000071d418518) 
thrown [s\src\hotspot\share\prims\jni.cpp, line 520]
Event: 16.390 Thread 0x000001a37205c300 Exception <a 'java/lang/NoSuchMethodError'{0x000000071c587c68}: 'java.lang.Object java.lang.invoke.DirectMethodHandle$Holder.invokeStatic(java.lang.Object, long, java.lang.Object)'> (0x000000071c587c68) 
thrown [s\src\hotspot\share\interpreter\linkResolver.cpp, line 773]
Event: 16.391 Thread 0x000001a37205c300 Exception <a 'java/lang/NoSuchMethodError'{0x000000071c58b050}: 'java.lang.Object java.lang.invoke.DirectMethodHandle$Holder.invokeStaticInit(java.lang.Object, long, java.lang.Object)'> (0x000000071c58b050) 
thrown [s\src\hotspot\share\interpreter\linkResolver.cpp, line 773]
Event: 16.392 Thread 0x000001a37205c300 Exception <a 'java/lang/NoSuchMethodError'{0x000000071c590790}: 'java.lang.Object java.lang.invoke.DirectMethodHandle$Holder.newInvokeSpecial(java.lang.Object, long)'> (0x000000071c590790) 
thrown [s\src\hotspot\share\interpreter\linkResolver.cpp, line 773]
Event: 16.397 Thread 0x000001a37205c300 Exception <a 'java/lang/NoSuchMethodError'{0x000000071c595068}: 'long java.lang.invoke.DirectMethodHandle$Holder.invokeInterface(java.lang.Object, java.lang.Object)'> (0x000000071c595068) 
thrown [s\src\hotspot\share\interpreter\linkResolver.cpp, line 773]
Event: 16.398 Thread 0x000001a37205c300 Exception <a 'java/lang/NoSuchMethodError'{0x000000071c598560}: 'long java.lang.invoke.DelegatingMethodHandle$Holder.reinvoke_L(java.lang.Object, java.lang.Object)'> (0x000000071c598560) 
thrown [s\src\hotspot\share\interpreter\linkResolver.cpp, line 773]
Event: 16.451 Thread 0x000001a3484326d0 Exception <a 'java/lang/NoSuchMethodError'{0x000000071c0a2e98}: 'java.lang.Object java.lang.invoke.DirectMethodHandle$Holder.invokeStaticInit(java.lang.Object, java.lang.Object, int, int, int, int)'> (0x000000071c0a2e98) 
thrown [s\src\hotspot\share\interpreter\linkResolver.cpp, line 773]
Event: 16.817 Thread 0x000001a3484326d0 Exception <a 'java/lang/NoSuchMethodError'{0x000000071b4faaf8}: 'void java.lang.invoke.DirectMethodHandle$Holder.invokeStatic(java.lang.Object, long)'> (0x000000071b4faaf8) 
thrown [s\src\hotspot\share\interpreter\linkResolver.cpp, line 773]

ZGC Phase Switch (0 events):
No events

VM Operations (20 events):
Event: 16.362 Executing VM operation: HandshakeAllThreads (Deoptimize)
Event: 16.362 Executing VM operation: HandshakeAllThreads (Deoptimize) done
Event: 16.398 Executing VM operation: HandshakeAllThreads (Deoptimize)
Event: 16.398 Executing VM operation: HandshakeAllThreads (Deoptimize) done
Event: 16.442 Executing VM operation: HandshakeAllThreads (Deoptimize)
Event: 16.442 Executing VM operation: HandshakeAllThreads (Deoptimize) done
Event: 16.688 Executing VM operation: HandshakeAllThreads (Deoptimize)
Event: 16.688 Executing VM operation: HandshakeAllThreads (Deoptimize) done
Event: 16.699 Executing VM operation: HandshakeAllThreads (Deoptimize)
Event: 16.699 Executing VM operation: HandshakeAllThreads (Deoptimize) done
Event: 16.726 Executing VM operation: HandshakeAllThreads (Deoptimize)
Event: 16.726 Executing VM operation: HandshakeAllThreads (Deoptimize) done
Event: 16.728 Executing VM operation: HandshakeAllThreads (Deoptimize)
Event: 16.728 Executing VM operation: HandshakeAllThreads (Deoptimize) done
Event: 16.820 Executing VM operation: HandshakeAllThreads (Deoptimize)
Event: 16.820 Executing VM operation: HandshakeAllThreads (Deoptimize) done
Event: 17.829 Executing VM operation: Cleanup
Event: 17.830 Executing VM operation: Cleanup done
Event: 18.843 Executing VM operation: Cleanup
Event: 18.843 Executing VM operation: Cleanup done

Memory protections (0 events):
No events

Nmethod flushes (20 events):
Event: 16.029 Thread 0x000001a34840cf10 flushing  nmethod 0x000001a3532bb190
Event: 16.029 Thread 0x000001a34840cf10 flushing  nmethod 0x000001a3532bb910
Event: 16.029 Thread 0x000001a34840cf10 flushing  nmethod 0x000001a3532bbe90
Event: 16.029 Thread 0x000001a34840cf10 flushing  nmethod 0x000001a3532bd190
Event: 16.029 Thread 0x000001a34840cf10 flushing  nmethod 0x000001a353323390
Event: 16.029 Thread 0x000001a34840cf10 flushing  nmethod 0x000001a353328210
Event: 16.029 Thread 0x000001a34840cf10 flushing  nmethod 0x000001a353388990
Event: 16.029 Thread 0x000001a34840cf10 flushing  nmethod 0x000001a353388e10
Event: 16.029 Thread 0x000001a34840cf10 flushing  nmethod 0x000001a35338d290
Event: 16.029 Thread 0x000001a34840cf10 flushing  nmethod 0x000001a35338fc90
Event: 16.029 Thread 0x000001a34840cf10 flushing  nmethod 0x000001a3533da010
Event: 16.029 Thread 0x000001a34840cf10 flushing  nmethod 0x000001a3533da490
Event: 16.029 Thread 0x000001a34840cf10 flushing  nmethod 0x000001a3533e0410
Event: 16.029 Thread 0x000001a34840cf10 flushing  nmethod 0x000001a3533e0810
Event: 16.029 Thread 0x000001a34840cf10 flushing  nmethod 0x000001a3533e1890
Event: 16.029 Thread 0x000001a34840cf10 flushing  nmethod 0x000001a3533e3190
Event: 16.029 Thread 0x000001a34840cf10 flushing  nmethod 0x000001a35344ba10
Event: 16.029 Thread 0x000001a34840cf10 flushing  nmethod 0x000001a353741310
Event: 16.029 Thread 0x000001a34840cf10 flushing  nmethod 0x000001a3537eba90
Event: 16.029 Thread 0x000001a34840cf10 flushing  nmethod 0x000001a353823b10

Events (20 events):
Event: 0.030 Thread 0x000001a3484326d0 Thread added: 0x000001a3697aee00
Event: 0.045 Thread 0x000001a3484326d0 Thread added: 0x000001a369933110
Event: 0.046 Thread 0x000001a3484326d0 Thread added: 0x000001a3699399c0
Event: 0.118 Thread 0x000001a3697aee00 Thread added: 0x000001a369b52ef0
Event: 0.153 Thread 0x000001a3484326d0 Thread added: 0x000001a36e1b74e0
Event: 0.161 Thread 0x000001a36e1b74e0 Thread exited: 0x000001a36e1b74e0
Event: 0.552 Thread 0x000001a3697aee00 Thread added: 0x000001a369b51a80
Event: 1.695 Thread 0x000001a3484326d0 Thread added: 0x000001a36f5dbc90
Event: 16.057 Thread 0x000001a369b51a80 Thread exited: 0x000001a369b51a80
Event: 16.210 Thread 0x000001a369b52ef0 Thread exited: 0x000001a369b52ef0
Event: 16.249 Thread 0x000001a3697aee00 Thread added: 0x000001a36e788530
Event: 16.365 Thread 0x000001a3484326d0 Thread added: 0x000001a37205c300
Event: 16.395 Thread 0x000001a3697aee00 Thread added: 0x000001a36e785580
Event: 16.399 Thread 0x000001a37205c300 Thread exited: 0x000001a37205c300
Event: 16.560 Thread 0x000001a3484326d0 Thread added: 0x000001a37205d020
Event: 16.596 Thread 0x000001a3484326d0 Thread added: 0x000001a37205c300
Event: 16.804 Thread 0x000001a3484326d0 Thread added: 0x000001a37205c990
Event: 16.853 Thread 0x000001a3484326d0 Thread added: 0x000001a37149c700
Event: 16.853 Thread 0x000001a3484326d0 Thread added: 0x000001a37149b350
Event: 16.866 Thread 0x000001a3484326d0 Thread added: 0x000001a37149b9e0


Dynamic libraries:
0x00007ff7837d0000 - 0x00007ff7837de000 	C:\Program Files\Eclipse Adoptium\jdk-21.0.9.10-hotspot\bin\java.exe
0x00007ffb3c330000 - 0x00007ffb3c525000 	C:\Windows\SYSTEM32\ntdll.dll
0x00007ffb3a470000 - 0x00007ffb3a52e000 	C:\Windows\System32\KERNEL32.DLL
0x00007ffb39ed0000 - 0x00007ffb3a198000 	C:\Windows\System32\KERNELBASE.dll
0x00007ffb39a40000 - 0x00007ffb39b40000 	C:\Windows\System32\ucrtbase.dll
0x00007ffaccb60000 - 0x00007ffaccb78000 	C:\Program Files\Eclipse Adoptium\jdk-21.0.9.10-hotspot\bin\jli.dll
0x00007ffaccfb0000 - 0x00007ffaccfce000 	C:\Program Files\Eclipse Adoptium\jdk-21.0.9.10-hotspot\bin\VCRUNTIME140.dll
0x00007ffb3b380000 - 0x00007ffb3b520000 	C:\Windows\System32\USER32.dll
0x00007ffb21640000 - 0x00007ffb218da000 	C:\Windows\WinSxS\amd64_microsoft.windows.common-controls_6595b64144ccf1df_6.0.19041.1110_none_60b5254171f9507e\COMCTL32.dll
0x00007ffb39ea0000 - 0x00007ffb39ec2000 	C:\Windows\System32\win32u.dll
0x00007ffb3b5b0000 - 0x00007ffb3b5db000 	C:\Windows\System32\GDI32.dll
0x00007ffb3b1a0000 - 0x00007ffb3b23e000 	C:\Windows\System32\msvcrt.dll
0x00007ffb39d90000 - 0x00007ffb39e9d000 	C:\Windows\System32\gdi32full.dll
0x00007ffb39cf0000 - 0x00007ffb39d8d000 	C:\Windows\System32\msvcp_win.dll
0x00007ffb3bbf0000 - 0x00007ffb3bc20000 	C:\Windows\System32\IMM32.DLL
0x00007ffb13360000 - 0x00007ffb1336c000 	C:\Program Files\Eclipse Adoptium\jdk-21.0.9.10-hotspot\bin\vcruntime140_1.dll
0x00007ffabe160000 - 0x00007ffabe1ed000 	C:\Program Files\Eclipse Adoptium\jdk-21.0.9.10-hotspot\bin\msvcp140.dll
0x00007ffab18f0000 - 0x00007ffab2690000 	C:\Program Files\Eclipse Adoptium\jdk-21.0.9.10-hotspot\bin\server\jvm.dll
0x00007ffb3a870000 - 0x00007ffb3a91e000 	C:\Windows\System32\ADVAPI32.dll
0x00007ffb3b240000 - 0x00007ffb3b2dc000 	C:\Windows\System32\sechost.dll
0x00007ffb3a920000 - 0x00007ffb3aa45000 	C:\Windows\System32\RPCRT4.dll
0x00007ffb3b2e0000 - 0x00007ffb3b34b000 	C:\Windows\System32\WS2_32.dll
0x00007ffb1f300000 - 0x00007ffb1f327000 	C:\Windows\SYSTEM32\WINMM.dll
0x00007ffb398b0000 - 0x00007ffb398fb000 	C:\Windows\SYSTEM32\POWRPROF.dll
0x00007ffb30d10000 - 0x00007ffb30d1a000 	C:\Windows\SYSTEM32\VERSION.dll
0x00007ffb397e0000 - 0x00007ffb397f2000 	C:\Windows\SYSTEM32\UMPDC.dll
0x00007ffb38280000 - 0x00007ffb38292000 	C:\Windows\SYSTEM32\kernel.appcore.dll
0x00007ffb128e0000 - 0x00007ffb128ea000 	C:\Program Files\Eclipse Adoptium\jdk-21.0.9.10-hotspot\bin\jimage.dll
0x00007ffb34650000 - 0x00007ffb34834000 	C:\Windows\SYSTEM32\DBGHELP.DLL
0x00007ffb1e4d0000 - 0x00007ffb1e4fc000 	C:\Windows\SYSTEM32\dbgcore.DLL
0x00007ffb3a2f0000 - 0x00007ffb3a372000 	C:\Windows\System32\bcryptPrimitives.dll
0x00007ffabee00000 - 0x00007ffabee20000 	C:\Program Files\Eclipse Adoptium\jdk-21.0.9.10-hotspot\bin\java.dll
0x00007ffb3aa50000 - 0x00007ffb3b194000 	C:\Windows\System32\SHELL32.dll
0x00007ffb37ad0000 - 0x00007ffb38264000 	C:\Windows\SYSTEM32\windows.storage.dll
0x00007ffb3b6b0000 - 0x00007ffb3ba05000 	C:\Windows\System32\combase.dll
0x00007ffb392e0000 - 0x00007ffb3930e000 	C:\Windows\SYSTEM32\Wldp.dll
0x00007ffb3bd40000 - 0x00007ffb3bded000 	C:\Windows\System32\SHCORE.dll
0x00007ffb3ba10000 - 0x00007ffb3ba65000 	C:\Windows\System32\shlwapi.dll
0x00007ffb39980000 - 0x00007ffb3999f000 	C:\Windows\SYSTEM32\profapi.dll
0x00007ffab7b80000 - 0x00007ffab7c57000 	C:\Program Files\Eclipse Adoptium\jdk-21.0.9.10-hotspot\bin\jsvml.dll
0x00007ffb11cd0000 - 0x00007ffb11ce0000 	C:\Program Files\Eclipse Adoptium\jdk-21.0.9.10-hotspot\bin\net.dll
0x00007ffb30430000 - 0x00007ffb3053c000 	C:\Windows\SYSTEM32\WINHTTP.dll
0x00007ffb390c0000 - 0x00007ffb3912a000 	C:\Windows\system32\mswsock.dll
0x00007ffabedb0000 - 0x00007ffabedc6000 	C:\Program Files\Eclipse Adoptium\jdk-21.0.9.10-hotspot\bin\nio.dll
0x00007ffabe9e0000 - 0x00007ffabe9f8000 	C:\Program Files\Eclipse Adoptium\jdk-21.0.9.10-hotspot\bin\zip.dll
0x00007ffb03f50000 - 0x00007ffb03f74000 	C:\Users\MyPC\Downloads\apache-maven-3.9.9-bin\apache-maven-3.9.9\lib\jansi-native\Windows\x86_64\jansi.dll
0x00007ffb31130000 - 0x00007ffb31140000 	C:\Program Files\Eclipse Adoptium\jdk-21.0.9.10-hotspot\bin\verify.dll
0x00007ffb39320000 - 0x00007ffb39338000 	C:\Windows\SYSTEM32\CRYPTSP.dll
0x00007ffb38a60000 - 0x00007ffb38a94000 	C:\Windows\system32\rsaenh.dll
0x00007ffb3a1a0000 - 0x00007ffb3a1c7000 	C:\Windows\System32\bcrypt.dll
0x00007ffb39900000 - 0x00007ffb3992e000 	C:\Windows\SYSTEM32\USERENV.dll
0x00007ffb39250000 - 0x00007ffb3925c000 	C:\Windows\SYSTEM32\CRYPTBASE.dll
0x00007ffb38dd0000 - 0x00007ffb38e0b000 	C:\Windows\SYSTEM32\IPHLPAPI.DLL
0x00007ffb3a380000 - 0x00007ffb3a388000 	C:\Windows\System32\NSI.dll

JVMTI agents: none

dbghelp: loaded successfully - version: 4.0.5 - missing functions: none
symbol engine: initialized successfully - sym options: 0x614 - pdb path: .;C:\Program Files\Eclipse Adoptium\jdk-21.0.9.10-hotspot\bin;C:\Windows\SYSTEM32;C:\Windows\WinSxS\amd64_microsoft.windows.common-controls_6595b64144ccf1df_6.0.19041.1110_none_60b5254171f9507e;C:\Program Files\Eclipse Adoptium\jdk-21.0.9.10-hotspot\bin\server;C:\Users\MyPC\Downloads\apache-maven-3.9.9-bin\apache-maven-3.9.9\lib\jansi-native\Windows\x86_64

VM Arguments:
jvm_args: -Dclassworlds.conf=C:\Users\MyPC\Downloads\apache-maven-3.9.9-bin\apache-maven-3.9.9\bin\m2.conf -Dmaven.home=C:\Users\MyPC\Downloads\apache-maven-3.9.9-bin\apache-maven-3.9.9 -Dlibrary.jansi.path=C:\Users\MyPC\Downloads\apache-maven-3.9.9-bin\apache-maven-3.9.9\lib\jansi-native -Dmaven.multiModuleProjectDirectory=E:\HK1_Nam4\TieuLuanChuyenNganh\MovieTicketBooking\MovieTicketBooking\backend 
java_command: org.codehaus.plexus.classworlds.launcher.Launcher test
java_class_path (initial): C:\Users\MyPC\Downloads\apache-maven-3.9.9-bin\apache-maven-3.9.9\boot\plexus-classworlds-2.8.0.jar
Launcher Type: SUN_STANDARD

[Global flags]
     intx CICompilerCount                          = 4                                         {product} {ergonomic}
     uint ConcGCThreads                            = 2                                         {product} {ergonomic}
     uint G1ConcRefinementThreads                  = 8                                         {product} {ergonomic}
   size_t G1HeapRegionSize                         = 2097152                                   {product} {ergonomic}
    uintx GCDrainStackTargetSize                   = 64                                        {product} {ergonomic}
   size_t InitialHeapSize                          = 260046848                                 {product} {ergonomic}
   size_t MarkStackSize                            = 4194304                                   {product} {ergonomic}
   size_t MaxHeapSize                              = 4141875200                                {product} {ergonomic}
   size_t MaxNewSize                               = 2485125120                                {product} {ergonomic}
   size_t MinHeapDeltaBytes                        = 2097152                                   {product} {ergonomic}
   size_t MinHeapSize                              = 8388608                                   {product} {ergonomic}
    uintx NonNMethodCodeHeapSize                   = 5839372                                {pd product} {ergonomic}
    uintx NonProfiledCodeHeapSize                  = 122909434                              {pd product} {ergonomic}
    uintx ProfiledCodeHeapSize                     = 122909434                              {pd product} {ergonomic}
    uintx ReservedCodeCacheSize                    = 251658240                              {pd product} {ergonomic}
     bool SegmentedCodeCache                       = true                                      {product} {ergonomic}
   size_t SoftMaxHeapSize                          = 4141875200                             {manageable} {ergonomic}
     bool UseCompressedOops                        = true                           {product lp64_product} {ergonomic}
     bool UseG1GC                                  = true                                      {product} {ergonomic}
     bool UseLargePagesIndividualAllocation        = false                                  {pd product} {ergonomic}

Logging:
Log output configuration:
 #0: stdout all=warning uptime,level,tags foldmultilines=false
 #1: stderr all=off uptime,level,tags foldmultilines=false

Release file:
IMPLEMENTOR="Eclipse Adoptium" 
IMPLEMENTOR_VERSION="Temurin-21.0.9+10" 
JAVA_RUNTIME_VERSION="21.0.9+10-LTS" 
JAVA_VERSION="21.0.9" 
JAVA_VERSION_DATE="2025-10-21" 
LIBC="default" 
MODULES="java.base java.compiler java.datatransfer java.xml java.prefs java.desktop java.instrument java.logging java.management java.security.sasl java.naming java.rmi java.management.rmi java.net.http java.scripting java.security.jgss java.transaction.xa java.sql java.sql.rowset java.xml.crypto java.se java.smartcardio jdk.accessibility jdk.internal.jvmstat jdk.attach jdk.charsets jdk.internal.opt jdk.zipfs jdk.compiler jdk.crypto.ec jdk.crypto.cryptoki jdk.crypto.mscapi jdk.dynalink jdk.internal.ed jdk.editpad jdk.hotspot.agent jdk.httpserver jdk.incubator.vector jdk.internal.le jdk.internal.vm.ci jdk.internal.vm.compiler jdk.internal.vm.compiler.management jdk.jartool jdk.javadoc jdk.jcmd jdk.management jdk.management.agent jdk.jconsole jdk.jdeps jdk.jdwp.agent jdk.jdi jdk.jfr jdk.jlink jdk.jpackage jdk.jshell jdk.jsobject jdk.jstatd jdk.localedata jdk.management.jfr jdk.naming.dns jdk.naming.rmi jdk.net jdk.nio.mapmode jdk.random jdk.sctp jdk.security.auth jdk.security.jgss jdk.unsupported jdk.unsupported.desktop jdk.xml.dom" 
OS_ARCH="x86_64" 
OS_NAME="Windows" 
SOURCE=".:git:759062135b07" 
BUILD_SOURCE="git:839fa0b45d809157cffd3dc8515aad262a4a1776"
BUILD_SOURCE_REPO="https://github.com/adoptium/temurin-build.git"
SOURCE_REPO="https://github.com/adoptium/jdk21u.git"
FULL_VERSION="21.0.9+10-LTS"
SEMANTIC_VERSION="21.0.9+10"
BUILD_INFO="OS: Windows Server 2022 Version: 10.0"
JVM_VARIANT="Hotspot"
JVM_VERSION="21.0.9+10-LTS"
IMAGE_TYPE="JDK"

Environment Variables:
JAVA_HOME=C:\Program Files\Eclipse Adoptium\jdk-21.0.9.10-hotspot
PATH=C:\Program Files\Eclipse Adoptium\jdk-21.0.9.10-hotspot\bin;E:\install\Scripts\;E:\install\;C:\Program Files (x86)\VMware\VMware Workstation\bin\;C:\Program Files\Common Files\Oracle\Java\javapath;C:\Windows\system32;C:\Windows;C:\Windows\System32\Wbem;C:\Windows\System32\WindowsPowerShell\v1.0\;C:\Windows\System32\OpenSSH\;C:\Program Files (x86)\Intel\Intel(R) Management Engine Components\DAL;C:\Program Files\Intel\Intel(R) Management Engine Components\DAL;C:\Program Files\dotnet\;C:\Program Files (x86)\Windows Kits\10\Windows Performance Toolkit\;E:\28tech\Git\cmd;C:\Program Files (x86)\Microsoft SQL Server\160\Tools\Binn\;C:\Program Files\Microsoft SQL Server\160\Tools\Binn\;C:\Program Files\Microsoft SQL Server\Client SDK\ODBC\170\Tools\Binn\;C:\Program Files\Microsoft SQL Server\160\DTS\Binn\;C:\Program Files\Azure Data Studio\bin;C:\Program Files\Microsoft SQL Server\150\Tools\Binn\;C:\Program Files\Cloudflare\Cloudflare WARP\;C:\Users\MyPC\Downloads\apache-maven-3.9.9-bin\apache-maven-3.9.9\bin;C:\Program Files\TortoiseSVN\bin;C:\Program Files\VisualSVN Server\bin;C:\Program Files\TortoiseGit\bin;C:\ProgramData\chocolatey\bin;C:\Program Files\Eclipse Adoptium\jdk-21.0.9.10-hotspot\bin;E:\install\Scripts\;E:\install\;C:\Users\MyPC\AppData\Local\Programs\Python\Python310\Scripts\;C:\Users\MyPC\AppData\Local\Programs\Python\Python310\;C:\Users\MyPC\AppData\Local\Microsoft\WindowsApps;C:\MinGW\bin;C:\Users\MyPC\.dotnet\tools;C:\Thanh Nh\Microsoft VS Code\bin;C:\Program Files\Azure Data Studio\bin;E:\install\IntelliJ IDEA 2024.3.4\bin;;E:\install\cursor\resources\app\bin;C:\Users\MyPC\AppData\Roaming\npm
USERNAME=MyPC
TERM=dumb
OS=Windows_NT
PROCESSOR_IDENTIFIER=Intel64 Family 6 Model 142 Stepping 10, GenuineIntel
TMP=C:\Users\MyPC\AppData\Local\Temp
TEMP=C:\Users\MyPC\AppData\Local\Temp




Periodic native trim disabled

---------------  S Y S T E M  ---------------

OS:
 Windows 10 , 64 bit Build 19041 (10.0.19041.1503)
OS uptime: 0 days 2:05 hours
Hyper-V role detected

CPU: total 8 (initial active 8) (4 cores per cpu, 2 threads per core) family 6 model 142 stepping 10 microcode 0xb4, cx8, cmov, fxsr, ht, mmx, 3dnowpref, sse, sse2, sse3, ssse3, sse4.1, sse4.2, popcnt, lzcnt, tsc, tscinvbit, avx, avx2, aes, erms, clmul, bmi1, bmi2, adx, fma, vzeroupper, clflush, clflushopt, hv, rdtscp, f16c
Processor Information for the first 8 processors :
  Max Mhz: 1992, Current Mhz: 1792, Mhz Limit: 1792

Memory: 4k page, system-wide physical 15799M (2478M free)
TotalPageFile size 15799M (AvailPageFile size 0M)
current process WorkingSet (physical memory assigned to process): 627M, peak: 627M
current process commit charge ("private bytes"): 662M, peak: 662M

vm_info: OpenJDK 64-Bit Server VM (21.0.9+10-LTS) for windows-amd64 JRE (21.0.9+10-LTS), built on 2025-10-21T00:00:00Z by "admin" with unknown MS VC++:1942

END.
