#
# There is insufficient memory for the Java Runtime Environment to continue.
# Native memory allocation (malloc) failed to allocate 1040896 bytes. Error detail: Chunk::new
# Possible reasons:
#   The system is out of physical RAM or swap space
#   This process is running with CompressedOops enabled, and the Java Heap may be blocking the growth of the native heap
# Possible solutions:
#   Reduce memory load on the system
#   Increase physical memory or swap space
#   Check if swap backing store is full
#   Decrease Java heap size (-Xmx/-Xms)
#   Decrease number of Java threads
#   Decrease Java thread stack sizes (-Xss)
#   Set larger code cache with -XX:ReservedCodeCacheSize=
#   JVM is running with Zero Based Compressed Oops mode in which the Java heap is
#     placed in the first 32GB address space. The Java Heap base address is the
#     maximum limit for the native heap growth. Please use -XX:HeapBaseMinAddress
#     to set the Java Heap base and to place the Java Heap above 32GB virtual address.
# This output file may be truncated or incomplete.
#
#  Out of Memory Error (arena.cpp:168), pid=16116, tid=3088
#
# JRE version: OpenJDK Runtime Environment Temurin-21.0.9+10 (21.0.9+10) (build 21.0.9+10-LTS)
# Java VM: OpenJDK 64-Bit Server VM Temurin-21.0.9+10 (21.0.9+10-LTS, mixed mode, sharing, tiered, compressed oops, compressed class ptrs, g1 gc, windows-amd64)
# No core dump will be written. Minidumps are not enabled by default on client versions of Windows
#

---------------  S U M M A R Y ------------

Command Line: C:\Users\MyPC\AppData\Local\Temp\surefire2085543349611612099\surefirebooter-20251121225321444_3.jar C:\Users\MyPC\AppData\Local\Temp\surefire2085543349611612099 2025-11-21T22-53-21_197-jvmRun1 surefire-20251121225321444_1tmp surefire_0-20251121225321444_2tmp

Host: Intel(R) Core(TM) i7-8550U CPU @ 1.80GHz, 8 cores, 15G,  Windows 10 , 64 bit Build 19041 (10.0.19041.1503)
Time: Fri Nov 21 22:53:23 2025 SE Asia Standard Time elapsed time: 2.136777 seconds (0d 0h 0m 2s)

---------------  T H R E A D  ---------------

Current thread (0x000001d7a4610370):  JavaThread "C2 CompilerThread1" daemon [_thread_in_native, id=3088, stack(0x0000007f21f00000,0x0000007f22000000) (1024K)]


Current CompileTask:
C2:2136 1801       4       java.lang.invoke.MethodType::makeImpl (109 bytes)

Stack: [0x0000007f21f00000,0x0000007f22000000]
Native frames: (J=compiled Java code, j=interpreted, Vv=VM code, C=native code)
V  [jvm.dll+0x6d6e29]
V  [jvm.dll+0x8b4b76]
V  [jvm.dll+0x8b712e]
V  [jvm.dll+0x8b7813]
V  [jvm.dll+0x283d86]
V  [jvm.dll+0xc66ed]
V  [jvm.dll+0xc6c31]
V  [jvm.dll+0x2facee]
V  [jvm.dll+0x5fde44]
V  [jvm.dll+0x255557]
V  [jvm.dll+0x24db6a]
V  [jvm.dll+0x24b482]
V  [jvm.dll+0x1cb13e]
V  [jvm.dll+0x25b29d]
V  [jvm.dll+0x25982a]
V  [jvm.dll+0x3f7ea6]
V  [jvm.dll+0x85e9ad]
V  [jvm.dll+0x6d565d]
C  [ucrtbase.dll+0x21bb2]
C  [KERNEL32.DLL+0x17034]
C  [ntdll.dll+0x52651]


---------------  P R O C E S S  ---------------

Threads class SMR info:
_java_thread_list=0x000001d7ea3eaed0, length=14, elements={
0x000001d78522d900, 0x000001d7a4410c10, 0x000001d7a4412980, 0x000001d7a4413580,
0x000001d7a4413fd0, 0x000001d7a4414a20, 0x000001d7a4415620, 0x000001d7a4416b30,
0x000001d7a4419f90, 0x000001d7a4566f80, 0x000001d7a45887f0, 0x000001d7a4610370,
0x000001d7ea3d6ed0, 0x000001d7ea101bb0
}

Java Threads: ( => current thread )
  0x000001d78522d900 JavaThread "main"                              [_thread_in_native, id=9404, stack(0x0000007f20d00000,0x0000007f20e00000) (1024K)]
  0x000001d7a4410c10 JavaThread "Reference Handler"          daemon [_thread_blocked, id=9780, stack(0x0000007f21500000,0x0000007f21600000) (1024K)]
  0x000001d7a4412980 JavaThread "Finalizer"                  daemon [_thread_blocked, id=13912, stack(0x0000007f21600000,0x0000007f21700000) (1024K)]
  0x000001d7a4413580 JavaThread "Signal Dispatcher"          daemon [_thread_blocked, id=5372, stack(0x0000007f21700000,0x0000007f21800000) (1024K)]
  0x000001d7a4413fd0 JavaThread "Attach Listener"            daemon [_thread_blocked, id=7696, stack(0x0000007f21800000,0x0000007f21900000) (1024K)]
  0x000001d7a4414a20 JavaThread "Service Thread"             daemon [_thread_blocked, id=17184, stack(0x0000007f21900000,0x0000007f21a00000) (1024K)]
  0x000001d7a4415620 JavaThread "Monitor Deflation Thread"   daemon [_thread_blocked, id=17260, stack(0x0000007f21a00000,0x0000007f21b00000) (1024K)]
  0x000001d7a4416b30 JavaThread "C2 CompilerThread0"         daemon [_thread_in_native, id=16352, stack(0x0000007f21b00000,0x0000007f21c00000) (1024K)]
  0x000001d7a4419f90 JavaThread "C1 CompilerThread0"         daemon [_thread_blocked, id=17284, stack(0x0000007f21c00000,0x0000007f21d00000) (1024K)]
  0x000001d7a4566f80 JavaThread "Notification Thread"        daemon [_thread_blocked, id=15864, stack(0x0000007f21d00000,0x0000007f21e00000) (1024K)]
  0x000001d7a45887f0 JavaThread "Common-Cleaner"             daemon [_thread_blocked, id=7272, stack(0x0000007f21e00000,0x0000007f21f00000) (1024K)]
=>0x000001d7a4610370 JavaThread "C2 CompilerThread1"         daemon [_thread_in_native, id=3088, stack(0x0000007f21f00000,0x0000007f22000000) (1024K)]
  0x000001d7ea3d6ed0 JavaThread "surefire-forkedjvm-stream-flusher" daemon [_thread_blocked, id=10816, stack(0x0000007f22000000,0x0000007f22100000) (1024K)]
  0x000001d7ea101bb0 JavaThread "surefire-forkedjvm-command-thread" daemon [_thread_in_native, id=14532, stack(0x0000007f22100000,0x0000007f22200000) (1024K)]
Total: 14

Other Threads:
  0x000001d7a43f1800 VMThread "VM Thread"                           [id=17336, stack(0x0000007f21400000,0x0000007f21500000) (1024K)]
  0x000001d7a43e1020 WatcherThread "VM Periodic Task Thread"        [id=16532, stack(0x0000007f21300000,0x0000007f21400000) (1024K)]
  0x000001d785292950 WorkerThread "GC Thread#0"                     [id=1920, stack(0x0000007f20e00000,0x0000007f20f00000) (1024K)]
  0x000001d7eaa604f0 WorkerThread "GC Thread#1"                     [id=11996, stack(0x0000007f22200000,0x0000007f22300000) (1024K)]
  0x000001d7eaa60890 WorkerThread "GC Thread#2"                     [id=16036, stack(0x0000007f22300000,0x0000007f22400000) (1024K)]
  0x000001d7eaa60c30 WorkerThread "GC Thread#3"                     [id=5780, stack(0x0000007f22400000,0x0000007f22500000) (1024K)]
  0x000001d7ea96cb40 WorkerThread "GC Thread#4"                     [id=1144, stack(0x0000007f22500000,0x0000007f22600000) (1024K)]
  0x000001d7eac80600 WorkerThread "GC Thread#5"                     [id=8288, stack(0x0000007f22600000,0x0000007f22700000) (1024K)]
  0x000001d7ea8edbe0 WorkerThread "GC Thread#6"                     [id=16072, stack(0x0000007f22700000,0x0000007f22800000) (1024K)]
  0x000001d7eacf4310 WorkerThread "GC Thread#7"                     [id=2368, stack(0x0000007f22800000,0x0000007f22900000) (1024K)]
  0x000001d7852a40d0 ConcurrentGCThread "G1 Main Marker"            [id=16388, stack(0x0000007f20f00000,0x0000007f21000000) (1024K)]
  0x000001d7852a5280 WorkerThread "G1 Conc#0"                       [id=9856, stack(0x0000007f21000000,0x0000007f21100000) (1024K)]
  0x000001d7852fe6f0 ConcurrentGCThread "G1 Refine#0"               [id=17028, stack(0x0000007f21100000,0x0000007f21200000) (1024K)]
  0x000001d7a42b32d0 ConcurrentGCThread "G1 Service"                [id=6772, stack(0x0000007f21200000,0x0000007f21300000) (1024K)]
Total: 14

Threads with active compile tasks:
C2 CompilerThread0  2167 1759       4       java.lang.invoke.MethodType::methodType (69 bytes)
C2 CompilerThread1  2168 1801       4       java.lang.invoke.MethodType::makeImpl (109 bytes)
Total: 2

VM state: not at safepoint (normal execution)

VM Mutex/Monitor currently owned by a thread: None

Heap address: 0x0000000709200000, size: 3950 MB, Compressed Oops mode: Zero based, Oop shift amount: 3

CDS archive(s) mapped at: [0x000001d7a5000000-0x000001d7a5c80000-0x000001d7a5c80000), size 13107200, SharedBaseAddress: 0x000001d7a5000000, ArchiveRelocationMode: 1.
Compressed class space mapped at: 0x000001d7a6000000-0x000001d7e6000000, reserved size: 1073741824
Narrow klass base: 0x000001d7a5000000, Narrow klass shift: 0, Narrow klass range: 0x100000000

GC Precious Log:
 CardTable entry size: 512
 Card Set container configuration: InlinePtr #cards 4 size 8 Array Of Cards #cards 16 size 48 Howl #buckets 8 coarsen threshold 3686 Howl Bitmap #cards 512 size 80 coarsen threshold 460 Card regions per heap region 1 cards per card region 4096
 CPUs: 8 total, 8 available
 Memory: 15799M
 Large Page Support: Disabled
 NUMA Support: Disabled
 Compressed Oops: Enabled (Zero based)
 Heap Region Size: 2M
 Heap Min Capacity: 8M
 Heap Initial Capacity: 248M
 Heap Max Capacity: 3950M
 Pre-touch: Disabled
 Parallel Workers: 8
 Concurrent Workers: 2
 Concurrent Refinement Workers: 8
 Periodic GC: Disabled

Heap:
 garbage-first heap   total 253952K, used 23811K [0x0000000709200000, 0x0000000800000000)
  region size 2048K, 8 young (16384K), 1 survivors (2048K)
 Metaspace       used 11621K, committed 11840K, reserved 1114112K
  class space    used 1446K, committed 1536K, reserved 1048576K

Heap Regions: E=young(eden), S=young(survivor), O=old, HS=humongous(starts), HC=humongous(continues), CS=collection set, F=free, TAMS=top-at-mark-start, PB=parsable bottom
|   0|0x0000000709200000, 0x0000000709400000, 0x0000000709400000|100%| O|  |TAMS 0x0000000709200000| PB 0x0000000709200000| Untracked 
|   1|0x0000000709400000, 0x0000000709600000, 0x0000000709600000|100%| O|  |TAMS 0x0000000709400000| PB 0x0000000709400000| Untracked 
|   2|0x0000000709600000, 0x0000000709800000, 0x0000000709800000|100%| O|  |TAMS 0x0000000709600000| PB 0x0000000709600000| Untracked 
|   3|0x0000000709800000, 0x0000000709a00000, 0x0000000709a00000|100%| O|  |TAMS 0x0000000709800000| PB 0x0000000709800000| Untracked 
|   4|0x0000000709a00000, 0x0000000709bdc148, 0x0000000709c00000| 92%| O|  |TAMS 0x0000000709a00000| PB 0x0000000709a00000| Untracked 
|   5|0x0000000709c00000, 0x0000000709c00000, 0x0000000709e00000|  0%| F|  |TAMS 0x0000000709c00000| PB 0x0000000709c00000| Untracked 
|   6|0x0000000709e00000, 0x0000000709e00000, 0x000000070a000000|  0%| F|  |TAMS 0x0000000709e00000| PB 0x0000000709e00000| Untracked 
|   7|0x000000070a000000, 0x000000070a000000, 0x000000070a200000|  0%| F|  |TAMS 0x000000070a000000| PB 0x000000070a000000| Untracked 
|   8|0x000000070a200000, 0x000000070a200000, 0x000000070a400000|  0%| F|  |TAMS 0x000000070a200000| PB 0x000000070a200000| Untracked 
|   9|0x000000070a400000, 0x000000070a400000, 0x000000070a600000|  0%| F|  |TAMS 0x000000070a400000| PB 0x000000070a400000| Untracked 
|  10|0x000000070a600000, 0x000000070a600000, 0x000000070a800000|  0%| F|  |TAMS 0x000000070a600000| PB 0x000000070a600000| Untracked 
|  11|0x000000070a800000, 0x000000070a800000, 0x000000070aa00000|  0%| F|  |TAMS 0x000000070a800000| PB 0x000000070a800000| Untracked 
|  12|0x000000070aa00000, 0x000000070aa00000, 0x000000070ac00000|  0%| F|  |TAMS 0x000000070aa00000| PB 0x000000070aa00000| Untracked 
|  13|0x000000070ac00000, 0x000000070ac00000, 0x000000070ae00000|  0%| F|  |TAMS 0x000000070ac00000| PB 0x000000070ac00000| Untracked 
|  14|0x000000070ae00000, 0x000000070ae00000, 0x000000070b000000|  0%| F|  |TAMS 0x000000070ae00000| PB 0x000000070ae00000| Untracked 
|  15|0x000000070b000000, 0x000000070b000000, 0x000000070b200000|  0%| F|  |TAMS 0x000000070b000000| PB 0x000000070b000000| Untracked 
|  16|0x000000070b200000, 0x000000070b200000, 0x000000070b400000|  0%| F|  |TAMS 0x000000070b200000| PB 0x000000070b200000| Untracked 
|  17|0x000000070b400000, 0x000000070b400000, 0x000000070b600000|  0%| F|  |TAMS 0x000000070b400000| PB 0x000000070b400000| Untracked 
|  18|0x000000070b600000, 0x000000070b600000, 0x000000070b800000|  0%| F|  |TAMS 0x000000070b600000| PB 0x000000070b600000| Untracked 
|  19|0x000000070b800000, 0x000000070b800000, 0x000000070ba00000|  0%| F|  |TAMS 0x000000070b800000| PB 0x000000070b800000| Untracked 
|  20|0x000000070ba00000, 0x000000070ba00000, 0x000000070bc00000|  0%| F|  |TAMS 0x000000070ba00000| PB 0x000000070ba00000| Untracked 
|  21|0x000000070bc00000, 0x000000070bc00000, 0x000000070be00000|  0%| F|  |TAMS 0x000000070bc00000| PB 0x000000070bc00000| Untracked 
|  22|0x000000070be00000, 0x000000070be00000, 0x000000070c000000|  0%| F|  |TAMS 0x000000070be00000| PB 0x000000070be00000| Untracked 
|  23|0x000000070c000000, 0x000000070c000000, 0x000000070c200000|  0%| F|  |TAMS 0x000000070c000000| PB 0x000000070c000000| Untracked 
|  24|0x000000070c200000, 0x000000070c200000, 0x000000070c400000|  0%| F|  |TAMS 0x000000070c200000| PB 0x000000070c200000| Untracked 
|  25|0x000000070c400000, 0x000000070c400000, 0x000000070c600000|  0%| F|  |TAMS 0x000000070c400000| PB 0x000000070c400000| Untracked 
|  26|0x000000070c600000, 0x000000070c600000, 0x000000070c800000|  0%| F|  |TAMS 0x000000070c600000| PB 0x000000070c600000| Untracked 
|  27|0x000000070c800000, 0x000000070c800000, 0x000000070ca00000|  0%| F|  |TAMS 0x000000070c800000| PB 0x000000070c800000| Untracked 
|  28|0x000000070ca00000, 0x000000070ca00000, 0x000000070cc00000|  0%| F|  |TAMS 0x000000070ca00000| PB 0x000000070ca00000| Untracked 
|  29|0x000000070cc00000, 0x000000070cc00000, 0x000000070ce00000|  0%| F|  |TAMS 0x000000070cc00000| PB 0x000000070cc00000| Untracked 
|  30|0x000000070ce00000, 0x000000070ce00000, 0x000000070d000000|  0%| F|  |TAMS 0x000000070ce00000| PB 0x000000070ce00000| Untracked 
|  31|0x000000070d000000, 0x000000070d000000, 0x000000070d200000|  0%| F|  |TAMS 0x000000070d000000| PB 0x000000070d000000| Untracked 
|  32|0x000000070d200000, 0x000000070d200000, 0x000000070d400000|  0%| F|  |TAMS 0x000000070d200000| PB 0x000000070d200000| Untracked 
|  33|0x000000070d400000, 0x000000070d400000, 0x000000070d600000|  0%| F|  |TAMS 0x000000070d400000| PB 0x000000070d400000| Untracked 
|  34|0x000000070d600000, 0x000000070d600000, 0x000000070d800000|  0%| F|  |TAMS 0x000000070d600000| PB 0x000000070d600000| Untracked 
|  35|0x000000070d800000, 0x000000070d800000, 0x000000070da00000|  0%| F|  |TAMS 0x000000070d800000| PB 0x000000070d800000| Untracked 
|  36|0x000000070da00000, 0x000000070da00000, 0x000000070dc00000|  0%| F|  |TAMS 0x000000070da00000| PB 0x000000070da00000| Untracked 
|  37|0x000000070dc00000, 0x000000070dc00000, 0x000000070de00000|  0%| F|  |TAMS 0x000000070dc00000| PB 0x000000070dc00000| Untracked 
|  38|0x000000070de00000, 0x000000070de00000, 0x000000070e000000|  0%| F|  |TAMS 0x000000070de00000| PB 0x000000070de00000| Untracked 
|  39|0x000000070e000000, 0x000000070e000000, 0x000000070e200000|  0%| F|  |TAMS 0x000000070e000000| PB 0x000000070e000000| Untracked 
|  40|0x000000070e200000, 0x000000070e200000, 0x000000070e400000|  0%| F|  |TAMS 0x000000070e200000| PB 0x000000070e200000| Untracked 
|  41|0x000000070e400000, 0x000000070e400000, 0x000000070e600000|  0%| F|  |TAMS 0x000000070e400000| PB 0x000000070e400000| Untracked 
|  42|0x000000070e600000, 0x000000070e600000, 0x000000070e800000|  0%| F|  |TAMS 0x000000070e600000| PB 0x000000070e600000| Untracked 
|  43|0x000000070e800000, 0x000000070e800000, 0x000000070ea00000|  0%| F|  |TAMS 0x000000070e800000| PB 0x000000070e800000| Untracked 
|  44|0x000000070ea00000, 0x000000070ea00000, 0x000000070ec00000|  0%| F|  |TAMS 0x000000070ea00000| PB 0x000000070ea00000| Untracked 
|  45|0x000000070ec00000, 0x000000070ec00000, 0x000000070ee00000|  0%| F|  |TAMS 0x000000070ec00000| PB 0x000000070ec00000| Untracked 
|  46|0x000000070ee00000, 0x000000070ee00000, 0x000000070f000000|  0%| F|  |TAMS 0x000000070ee00000| PB 0x000000070ee00000| Untracked 
|  47|0x000000070f000000, 0x000000070f000000, 0x000000070f200000|  0%| F|  |TAMS 0x000000070f000000| PB 0x000000070f000000| Untracked 
|  48|0x000000070f200000, 0x000000070f200000, 0x000000070f400000|  0%| F|  |TAMS 0x000000070f200000| PB 0x000000070f200000| Untracked 
|  49|0x000000070f400000, 0x000000070f400000, 0x000000070f600000|  0%| F|  |TAMS 0x000000070f400000| PB 0x000000070f400000| Untracked 
|  50|0x000000070f600000, 0x000000070f600000, 0x000000070f800000|  0%| F|  |TAMS 0x000000070f600000| PB 0x000000070f600000| Untracked 
|  51|0x000000070f800000, 0x000000070f800000, 0x000000070fa00000|  0%| F|  |TAMS 0x000000070f800000| PB 0x000000070f800000| Untracked 
|  52|0x000000070fa00000, 0x000000070fa00000, 0x000000070fc00000|  0%| F|  |TAMS 0x000000070fa00000| PB 0x000000070fa00000| Untracked 
|  53|0x000000070fc00000, 0x000000070fc00000, 0x000000070fe00000|  0%| F|  |TAMS 0x000000070fc00000| PB 0x000000070fc00000| Untracked 
|  54|0x000000070fe00000, 0x000000070fe00000, 0x0000000710000000|  0%| F|  |TAMS 0x000000070fe00000| PB 0x000000070fe00000| Untracked 
|  55|0x0000000710000000, 0x0000000710000000, 0x0000000710200000|  0%| F|  |TAMS 0x0000000710000000| PB 0x0000000710000000| Untracked 
|  56|0x0000000710200000, 0x0000000710200000, 0x0000000710400000|  0%| F|  |TAMS 0x0000000710200000| PB 0x0000000710200000| Untracked 
|  57|0x0000000710400000, 0x0000000710400000, 0x0000000710600000|  0%| F|  |TAMS 0x0000000710400000| PB 0x0000000710400000| Untracked 
|  58|0x0000000710600000, 0x0000000710600000, 0x0000000710800000|  0%| F|  |TAMS 0x0000000710600000| PB 0x0000000710600000| Untracked 
|  59|0x0000000710800000, 0x0000000710800000, 0x0000000710a00000|  0%| F|  |TAMS 0x0000000710800000| PB 0x0000000710800000| Untracked 
|  60|0x0000000710a00000, 0x0000000710a00000, 0x0000000710c00000|  0%| F|  |TAMS 0x0000000710a00000| PB 0x0000000710a00000| Untracked 
|  61|0x0000000710c00000, 0x0000000710c00000, 0x0000000710e00000|  0%| F|  |TAMS 0x0000000710c00000| PB 0x0000000710c00000| Untracked 
|  62|0x0000000710e00000, 0x0000000710e00000, 0x0000000711000000|  0%| F|  |TAMS 0x0000000710e00000| PB 0x0000000710e00000| Untracked 
|  63|0x0000000711000000, 0x0000000711000000, 0x0000000711200000|  0%| F|  |TAMS 0x0000000711000000| PB 0x0000000711000000| Untracked 
|  64|0x0000000711200000, 0x0000000711200000, 0x0000000711400000|  0%| F|  |TAMS 0x0000000711200000| PB 0x0000000711200000| Untracked 
|  65|0x0000000711400000, 0x0000000711400000, 0x0000000711600000|  0%| F|  |TAMS 0x0000000711400000| PB 0x0000000711400000| Untracked 
|  66|0x0000000711600000, 0x0000000711600000, 0x0000000711800000|  0%| F|  |TAMS 0x0000000711600000| PB 0x0000000711600000| Untracked 
|  67|0x0000000711800000, 0x0000000711800000, 0x0000000711a00000|  0%| F|  |TAMS 0x0000000711800000| PB 0x0000000711800000| Untracked 
|  68|0x0000000711a00000, 0x0000000711a00000, 0x0000000711c00000|  0%| F|  |TAMS 0x0000000711a00000| PB 0x0000000711a00000| Untracked 
|  69|0x0000000711c00000, 0x0000000711c00000, 0x0000000711e00000|  0%| F|  |TAMS 0x0000000711c00000| PB 0x0000000711c00000| Untracked 
|  70|0x0000000711e00000, 0x0000000711e00000, 0x0000000712000000|  0%| F|  |TAMS 0x0000000711e00000| PB 0x0000000711e00000| Untracked 
|  71|0x0000000712000000, 0x0000000712000000, 0x0000000712200000|  0%| F|  |TAMS 0x0000000712000000| PB 0x0000000712000000| Untracked 
|  72|0x0000000712200000, 0x0000000712200000, 0x0000000712400000|  0%| F|  |TAMS 0x0000000712200000| PB 0x0000000712200000| Untracked 
|  73|0x0000000712400000, 0x0000000712400000, 0x0000000712600000|  0%| F|  |TAMS 0x0000000712400000| PB 0x0000000712400000| Untracked 
|  74|0x0000000712600000, 0x0000000712600000, 0x0000000712800000|  0%| F|  |TAMS 0x0000000712600000| PB 0x0000000712600000| Untracked 
|  75|0x0000000712800000, 0x0000000712800000, 0x0000000712a00000|  0%| F|  |TAMS 0x0000000712800000| PB 0x0000000712800000| Untracked 
|  76|0x0000000712a00000, 0x0000000712a00000, 0x0000000712c00000|  0%| F|  |TAMS 0x0000000712a00000| PB 0x0000000712a00000| Untracked 
|  77|0x0000000712c00000, 0x0000000712c00000, 0x0000000712e00000|  0%| F|  |TAMS 0x0000000712c00000| PB 0x0000000712c00000| Untracked 
|  78|0x0000000712e00000, 0x0000000712e00000, 0x0000000713000000|  0%| F|  |TAMS 0x0000000712e00000| PB 0x0000000712e00000| Untracked 
|  79|0x0000000713000000, 0x0000000713000000, 0x0000000713200000|  0%| F|  |TAMS 0x0000000713000000| PB 0x0000000713000000| Untracked 
|  80|0x0000000713200000, 0x0000000713200000, 0x0000000713400000|  0%| F|  |TAMS 0x0000000713200000| PB 0x0000000713200000| Untracked 
|  81|0x0000000713400000, 0x0000000713400000, 0x0000000713600000|  0%| F|  |TAMS 0x0000000713400000| PB 0x0000000713400000| Untracked 
|  82|0x0000000713600000, 0x0000000713600000, 0x0000000713800000|  0%| F|  |TAMS 0x0000000713600000| PB 0x0000000713600000| Untracked 
|  83|0x0000000713800000, 0x0000000713800000, 0x0000000713a00000|  0%| F|  |TAMS 0x0000000713800000| PB 0x0000000713800000| Untracked 
|  84|0x0000000713a00000, 0x0000000713a00000, 0x0000000713c00000|  0%| F|  |TAMS 0x0000000713a00000| PB 0x0000000713a00000| Untracked 
|  85|0x0000000713c00000, 0x0000000713c00000, 0x0000000713e00000|  0%| F|  |TAMS 0x0000000713c00000| PB 0x0000000713c00000| Untracked 
|  86|0x0000000713e00000, 0x0000000713e00000, 0x0000000714000000|  0%| F|  |TAMS 0x0000000713e00000| PB 0x0000000713e00000| Untracked 
|  87|0x0000000714000000, 0x0000000714000000, 0x0000000714200000|  0%| F|  |TAMS 0x0000000714000000| PB 0x0000000714000000| Untracked 
|  88|0x0000000714200000, 0x0000000714200000, 0x0000000714400000|  0%| F|  |TAMS 0x0000000714200000| PB 0x0000000714200000| Untracked 
|  89|0x0000000714400000, 0x0000000714400000, 0x0000000714600000|  0%| F|  |TAMS 0x0000000714400000| PB 0x0000000714400000| Untracked 
|  90|0x0000000714600000, 0x0000000714600000, 0x0000000714800000|  0%| F|  |TAMS 0x0000000714600000| PB 0x0000000714600000| Untracked 
|  91|0x0000000714800000, 0x0000000714800000, 0x0000000714a00000|  0%| F|  |TAMS 0x0000000714800000| PB 0x0000000714800000| Untracked 
|  92|0x0000000714a00000, 0x0000000714a00000, 0x0000000714c00000|  0%| F|  |TAMS 0x0000000714a00000| PB 0x0000000714a00000| Untracked 
|  93|0x0000000714c00000, 0x0000000714c00000, 0x0000000714e00000|  0%| F|  |TAMS 0x0000000714c00000| PB 0x0000000714c00000| Untracked 
|  94|0x0000000714e00000, 0x0000000714e00000, 0x0000000715000000|  0%| F|  |TAMS 0x0000000714e00000| PB 0x0000000714e00000| Untracked 
|  95|0x0000000715000000, 0x0000000715000000, 0x0000000715200000|  0%| F|  |TAMS 0x0000000715000000| PB 0x0000000715000000| Untracked 
|  96|0x0000000715200000, 0x0000000715200000, 0x0000000715400000|  0%| F|  |TAMS 0x0000000715200000| PB 0x0000000715200000| Untracked 
|  97|0x0000000715400000, 0x0000000715400000, 0x0000000715600000|  0%| F|  |TAMS 0x0000000715400000| PB 0x0000000715400000| Untracked 
|  98|0x0000000715600000, 0x0000000715600000, 0x0000000715800000|  0%| F|  |TAMS 0x0000000715600000| PB 0x0000000715600000| Untracked 
|  99|0x0000000715800000, 0x0000000715800000, 0x0000000715a00000|  0%| F|  |TAMS 0x0000000715800000| PB 0x0000000715800000| Untracked 
| 100|0x0000000715a00000, 0x0000000715a00000, 0x0000000715c00000|  0%| F|  |TAMS 0x0000000715a00000| PB 0x0000000715a00000| Untracked 
| 101|0x0000000715c00000, 0x0000000715c00000, 0x0000000715e00000|  0%| F|  |TAMS 0x0000000715c00000| PB 0x0000000715c00000| Untracked 
| 102|0x0000000715e00000, 0x0000000715e00000, 0x0000000716000000|  0%| F|  |TAMS 0x0000000715e00000| PB 0x0000000715e00000| Untracked 
| 103|0x0000000716000000, 0x0000000716000000, 0x0000000716200000|  0%| F|  |TAMS 0x0000000716000000| PB 0x0000000716000000| Untracked 
| 104|0x0000000716200000, 0x0000000716200000, 0x0000000716400000|  0%| F|  |TAMS 0x0000000716200000| PB 0x0000000716200000| Untracked 
| 105|0x0000000716400000, 0x0000000716400000, 0x0000000716600000|  0%| F|  |TAMS 0x0000000716400000| PB 0x0000000716400000| Untracked 
| 106|0x0000000716600000, 0x0000000716600000, 0x0000000716800000|  0%| F|  |TAMS 0x0000000716600000| PB 0x0000000716600000| Untracked 
| 107|0x0000000716800000, 0x0000000716800000, 0x0000000716a00000|  0%| F|  |TAMS 0x0000000716800000| PB 0x0000000716800000| Untracked 
| 108|0x0000000716a00000, 0x0000000716a00000, 0x0000000716c00000|  0%| F|  |TAMS 0x0000000716a00000| PB 0x0000000716a00000| Untracked 
| 109|0x0000000716c00000, 0x0000000716c00000, 0x0000000716e00000|  0%| F|  |TAMS 0x0000000716c00000| PB 0x0000000716c00000| Untracked 
| 110|0x0000000716e00000, 0x0000000716e00000, 0x0000000717000000|  0%| F|  |TAMS 0x0000000716e00000| PB 0x0000000716e00000| Untracked 
| 111|0x0000000717000000, 0x0000000717000000, 0x0000000717200000|  0%| F|  |TAMS 0x0000000717000000| PB 0x0000000717000000| Untracked 
| 112|0x0000000717200000, 0x0000000717200000, 0x0000000717400000|  0%| F|  |TAMS 0x0000000717200000| PB 0x0000000717200000| Untracked 
| 113|0x0000000717400000, 0x0000000717400000, 0x0000000717600000|  0%| F|  |TAMS 0x0000000717400000| PB 0x0000000717400000| Untracked 
| 114|0x0000000717600000, 0x0000000717600000, 0x0000000717800000|  0%| F|  |TAMS 0x0000000717600000| PB 0x0000000717600000| Untracked 
| 115|0x0000000717800000, 0x0000000717964c40, 0x0000000717a00000| 69%| S|CS|TAMS 0x0000000717800000| PB 0x0000000717800000| Complete 
| 116|0x0000000717a00000, 0x0000000717a00000, 0x0000000717c00000|  0%| F|  |TAMS 0x0000000717a00000| PB 0x0000000717a00000| Untracked 
| 117|0x0000000717c00000, 0x0000000717d5ecb0, 0x0000000717e00000| 68%| E|  |TAMS 0x0000000717c00000| PB 0x0000000717c00000| Complete 
| 118|0x0000000717e00000, 0x0000000718000000, 0x0000000718000000|100%| E|CS|TAMS 0x0000000717e00000| PB 0x0000000717e00000| Complete 
| 119|0x0000000718000000, 0x0000000718200000, 0x0000000718200000|100%| E|CS|TAMS 0x0000000718000000| PB 0x0000000718000000| Complete 
| 120|0x0000000718200000, 0x0000000718400000, 0x0000000718400000|100%| E|CS|TAMS 0x0000000718200000| PB 0x0000000718200000| Complete 
| 121|0x0000000718400000, 0x0000000718600000, 0x0000000718600000|100%| E|CS|TAMS 0x0000000718400000| PB 0x0000000718400000| Complete 
| 122|0x0000000718600000, 0x0000000718800000, 0x0000000718800000|100%| E|CS|TAMS 0x0000000718600000| PB 0x0000000718600000| Complete 
| 123|0x0000000718800000, 0x0000000718a00000, 0x0000000718a00000|100%| E|CS|TAMS 0x0000000718800000| PB 0x0000000718800000| Complete 

Card table byte_map: [0x000001d79d440000,0x000001d79dc00000] _byte_map_base: 0x000001d799bf7000

Marking Bits: (CMBitMap*) 0x000001d785293f70
 Bits: [0x000001d79dc00000, 0x000001d7a19b8000)

Polling page: 0x000001d7831e0000

Metaspace:

Usage:
  Non-class:      9.96 MB used.
      Class:      1.41 MB used.
       Both:     11.37 MB used.

Virtual space:
  Non-class space:       64.00 MB reserved,      10.06 MB ( 16%) committed,  1 nodes.
      Class space:        1.00 GB reserved,       1.50 MB ( <1%) committed,  1 nodes.
             Both:        1.06 GB reserved,      11.56 MB (  1%) committed. 

Chunk freelists:
   Non-Class:  5.70 MB
       Class:  14.51 MB
        Both:  20.22 MB

MaxMetaspaceSize: unlimited
CompressedClassSpaceSize: 1.00 GB
Initial GC threshold: 21.00 MB
Current GC threshold: 21.00 MB
CDS: on
 - commit_granule_bytes: 65536.
 - commit_granule_words: 8192.
 - virtual_space_node_default_size: 8388608.
 - enlarge_chunks_in_place: 1.
 - use_allocation_guard: 0.


Internal statistics:

num_allocs_failed_limit: 0.
num_arena_births: 200.
num_arena_deaths: 0.
num_vsnodes_births: 2.
num_vsnodes_deaths: 0.
num_space_committed: 185.
num_space_uncommitted: 0.
num_chunks_returned_to_freelist: 0.
num_chunks_taken_from_freelist: 624.
num_chunk_merges: 0.
num_chunk_splits: 368.
num_chunks_enlarged: 232.
num_inconsistent_stats: 0.

CodeHeap 'non-profiled nmethods': size=120000Kb used=727Kb max_used=727Kb free=119272Kb
 bounds [0x000001d795420000, 0x000001d795690000, 0x000001d79c950000]
CodeHeap 'profiled nmethods': size=120000Kb used=3598Kb max_used=3598Kb free=116401Kb
 bounds [0x000001d78d950000, 0x000001d78dce0000, 0x000001d794e80000]
CodeHeap 'non-nmethods': size=5760Kb used=1338Kb max_used=1359Kb free=4421Kb
 bounds [0x000001d794e80000, 0x000001d7950f0000, 0x000001d795420000]
CodeCache: size=245760Kb, used=5663Kb, max_used=5684Kb, free=240094Kb
 total_blobs=2353, nmethods=1852, adapters=405, full_count=0
Compilation: enabled, stopped_count=0, restarted_count=0

Compilation events (20 events):
Event: 2.103 Thread 0x000001d7a4419f90 nmethod 1842 0x000001d7954d5610 code [0x000001d7954d57a0, 0x000001d7954d5870]
Event: 2.103 Thread 0x000001d7a4419f90 1834       3       java.lang.invoke.MethodHandles$Lookup::hasFullPrivilegeAccess (18 bytes)
Event: 2.103 Thread 0x000001d7a4419f90 nmethod 1834 0x000001d78dcb1d90 code [0x000001d78dcb1f20, 0x000001d78dcb2088]
Event: 2.103 Thread 0x000001d7a4419f90 1835   !   3       java.lang.invoke.MethodHandles$Lookup::revealDirect (196 bytes)
Event: 2.105 Thread 0x000001d7a4419f90 nmethod 1835 0x000001d78dcb2110 code [0x000001d78dcb2460, 0x000001d78dcb36d8]
Event: 2.105 Thread 0x000001d7a4419f90 1836       3       java.lang.invoke.InfoFromMemberName::<init> (72 bytes)
Event: 2.105 Thread 0x000001d7a4419f90 nmethod 1836 0x000001d78dcb3d90 code [0x000001d78dcb3f40, 0x000001d78dcb4130]
Event: 2.105 Thread 0x000001d7a4419f90 1837       3       java.lang.invoke.InnerClassLambdaMetafactory::lambdaClassName (48 bytes)
Event: 2.106 Thread 0x000001d7a4419f90 nmethod 1837 0x000001d78dcb4210 code [0x000001d78dcb4460, 0x000001d78dcb4b30]
Event: 2.106 Thread 0x000001d7a4419f90 1838       3       java.lang.invoke.AbstractValidatingLambdaMetafactory::isAdaptableToAsReturn (36 bytes)
Event: 2.106 Thread 0x000001d7a4419f90 nmethod 1838 0x000001d78dcb4e10 code [0x000001d78dcb4fe0, 0x000001d78dcb5450]
Event: 2.106 Thread 0x000001d7a4419f90 1840       3       java.lang.invoke.AbstractValidatingLambdaMetafactory::isAdaptableToAsReturnStrict (34 bytes)
Event: 2.106 Thread 0x000001d7a4419f90 nmethod 1840 0x000001d78dcb5590 code [0x000001d78dcb5780, 0x000001d78dcb5cf8]
Event: 2.106 Thread 0x000001d7a4419f90 1841       3       java.lang.invoke.MethodHandles$Lookup::findConstructor (61 bytes)
Event: 2.107 Thread 0x000001d7a4419f90 nmethod 1841 0x000001d78dcb5e90 code [0x000001d78dcb6100, 0x000001d78dcb68b8]
Event: 2.108 Thread 0x000001d7a4419f90 1843       3       java.util.Arrays::equals (43 bytes)
Event: 2.108 Thread 0x000001d7a4419f90 nmethod 1843 0x000001d78dcb6c10 code [0x000001d78dcb6de0, 0x000001d78dcb70a8]
Event: 2.125 Thread 0x000001d7a4419f90 1844       3       java.lang.invoke.InnerClassLambdaMetafactory::<init> (258 bytes)
Event: 2.128 Thread 0x000001d7a4419f90 nmethod 1844 0x000001d78dcb7190 code [0x000001d78dcb75a0, 0x000001d78dcb9450]
Event: 2.128 Thread 0x000001d7a4419f90 1845       3       java.lang.invoke.AbstractValidatingLambdaMetafactory::validateMetafactoryArgs (607 bytes)

GC Heap History (4 events):
Event: 0.905 GC heap before
{Heap before GC invocations=0 (full 0):
 garbage-first heap   total 253952K, used 20480K [0x0000000709200000, 0x0000000800000000)
  region size 2048K, 11 young (22528K), 0 survivors (0K)
 Metaspace       used 3465K, committed 3648K, reserved 1114112K
  class space    used 344K, committed 448K, reserved 1048576K
}
Event: 0.913 GC heap after
{Heap after GC invocations=1 (full 0):
 garbage-first heap   total 253952K, used 10025K [0x0000000709200000, 0x0000000800000000)
  region size 2048K, 2 young (4096K), 2 survivors (4096K)
 Metaspace       used 3465K, committed 3648K, reserved 1114112K
  class space    used 344K, committed 448K, reserved 1048576K
}
Event: 1.587 GC heap before
{Heap before GC invocations=1 (full 0):
 garbage-first heap   total 253952K, used 26409K [0x0000000709200000, 0x0000000800000000)
  region size 2048K, 10 young (20480K), 2 survivors (4096K)
 Metaspace       used 8054K, committed 8320K, reserved 1114112K
  class space    used 988K, committed 1088K, reserved 1048576K
}
Event: 1.593 GC heap after
{Heap after GC invocations=2 (full 0):
 garbage-first heap   total 253952K, used 11523K [0x0000000709200000, 0x0000000800000000)
  region size 2048K, 1 young (2048K), 1 survivors (2048K)
 Metaspace       used 8054K, committed 8320K, reserved 1114112K
  class space    used 988K, committed 1088K, reserved 1048576K
}

Dll operation events (8 events):
Event: 0.016 Loaded shared library C:\Program Files\Eclipse Adoptium\jdk-21.0.9.10-hotspot\bin\java.dll
Event: 0.068 Loaded shared library C:\Program Files\Eclipse Adoptium\jdk-21.0.9.10-hotspot\bin\jsvml.dll
Event: 0.100 Loaded shared library C:\Program Files\Eclipse Adoptium\jdk-21.0.9.10-hotspot\bin\net.dll
Event: 0.103 Loaded shared library C:\Program Files\Eclipse Adoptium\jdk-21.0.9.10-hotspot\bin\nio.dll
Event: 0.108 Loaded shared library C:\Program Files\Eclipse Adoptium\jdk-21.0.9.10-hotspot\bin\zip.dll
Event: 0.219 Loaded shared library C:\Program Files\Eclipse Adoptium\jdk-21.0.9.10-hotspot\bin\management.dll
Event: 0.225 Loaded shared library C:\Program Files\Eclipse Adoptium\jdk-21.0.9.10-hotspot\bin\management_ext.dll
Event: 0.255 Loaded shared library C:\Program Files\Eclipse Adoptium\jdk-21.0.9.10-hotspot\bin\jimage.dll

Deoptimization events (20 events):
Event: 1.795 Thread 0x000001d78522d900 Uncommon trap: trap_request=0xffffff45 fr.pc=0x000001d79543fcf0 relative=0x0000000000000050
Event: 1.795 Thread 0x000001d78522d900 Uncommon trap: reason=unstable_if action=reinterpret pc=0x000001d79543fcf0 method=sun.nio.fs.WindowsPathParser.isSlash(C)Z @ 9 c2
Event: 1.795 Thread 0x000001d78522d900 DEOPT PACKING pc=0x000001d79543fcf0 sp=0x0000007f20dfc400
Event: 1.795 Thread 0x000001d78522d900 DEOPT UNPACKING pc=0x000001d794ed4422 sp=0x0000007f20dfc388 mode 2
Event: 1.899 Thread 0x000001d78522d900 Uncommon trap: trap_request=0xffffffde fr.pc=0x000001d7954bec20 relative=0x0000000000000880
Event: 1.899 Thread 0x000001d78522d900 Uncommon trap: reason=class_check action=maybe_recompile pc=0x000001d7954bec20 method=java.util.HashMap.putVal(ILjava/lang/Object;Ljava/lang/Object;ZZ)Ljava/lang/Object; @ 203 c2
Event: 1.899 Thread 0x000001d78522d900 DEOPT PACKING pc=0x000001d7954bec20 sp=0x0000007f20dfb950
Event: 1.899 Thread 0x000001d78522d900 DEOPT UNPACKING pc=0x000001d794ed4422 sp=0x0000007f20dfb8d0 mode 2
Event: 1.929 Thread 0x000001d78522d900 Uncommon trap: trap_request=0xffffff45 fr.pc=0x000001d7954999d0 relative=0x0000000000000130
Event: 1.929 Thread 0x000001d78522d900 Uncommon trap: reason=unstable_if action=reinterpret pc=0x000001d7954999d0 method=java.lang.Integer.getChars(II[B)I @ 25 c2
Event: 1.929 Thread 0x000001d78522d900 DEOPT PACKING pc=0x000001d7954999d0 sp=0x0000007f20dfc180
Event: 1.929 Thread 0x000001d78522d900 DEOPT UNPACKING pc=0x000001d794ed4422 sp=0x0000007f20dfc0f0 mode 2
Event: 2.003 Thread 0x000001d78522d900 Uncommon trap: trap_request=0xffffff45 fr.pc=0x000001d79548703c relative=0x00000000000000fc
Event: 2.003 Thread 0x000001d78522d900 Uncommon trap: reason=unstable_if action=reinterpret pc=0x000001d79548703c method=sun.reflect.generics.parser.SignatureParser.current()C @ 39 c2
Event: 2.003 Thread 0x000001d78522d900 DEOPT PACKING pc=0x000001d79548703c sp=0x0000007f20dfb400
Event: 2.003 Thread 0x000001d78522d900 DEOPT UNPACKING pc=0x000001d794ed4422 sp=0x0000007f20dfb398 mode 2
Event: 2.126 Thread 0x000001d78522d900 Uncommon trap: trap_request=0xffffff45 fr.pc=0x000001d7954d0274 relative=0x00000000000000d4
Event: 2.126 Thread 0x000001d78522d900 Uncommon trap: reason=unstable_if action=reinterpret pc=0x000001d7954d0274 method=java.lang.ref.SoftReference.get()Ljava/lang/Object; @ 6 c2
Event: 2.126 Thread 0x000001d78522d900 DEOPT PACKING pc=0x000001d7954d0274 sp=0x0000007f20dfc630
Event: 2.126 Thread 0x000001d78522d900 DEOPT UNPACKING pc=0x000001d794ed4422 sp=0x0000007f20dfc5e8 mode 2

Classes loaded (20 events):
Event: 2.080 Loading class java/time/Year
Event: 2.080 Loading class java/time/Year done
Event: 2.082 Loading class java/time/Month
Event: 2.082 Loading class java/time/Month done
Event: 2.083 Loading class java/time/YearMonth
Event: 2.084 Loading class java/time/YearMonth done
Event: 2.085 Loading class java/time/MonthDay
Event: 2.085 Loading class java/time/MonthDay done
Event: 2.091 Loading class sun/reflect/generics/tree/CharSignature
Event: 2.091 Loading class sun/reflect/generics/tree/CharSignature done
Event: 2.091 Loading class sun/reflect/generics/tree/ArrayTypeSignature
Event: 2.091 Loading class sun/reflect/generics/tree/ArrayTypeSignature done
Event: 2.093 Loading class java/net/UnknownHostException
Event: 2.093 Loading class java/net/UnknownHostException done
Event: 2.104 Loading class sun/reflect/generics/tree/ByteSignature
Event: 2.104 Loading class sun/reflect/generics/tree/ByteSignature done
Event: 2.125 Loading class java/util/function/UnaryOperator
Event: 2.126 Loading class java/util/function/UnaryOperator done
Event: 2.126 Loading class java/util/ConcurrentModificationException
Event: 2.126 Loading class java/util/ConcurrentModificationException done

Classes unloaded (0 events):
No events

Classes redefined (0 events):
No events

Internal exceptions (20 events):
Event: 1.212 Thread 0x000001d78522d900 Exception <a 'java/lang/NoSuchMethodError'{0x000000071828ba18}: 'void java.lang.invoke.DirectMethodHandle$Holder.invokeStatic(java.lang.Object, java.lang.Object, java.lang.Object, java.lang.Object)'> (0x000000071828ba18) 
thrown [s\src\hotspot\share\interpreter\linkResolver.cpp, line 773]
Event: 1.229 Thread 0x000001d78522d900 Exception <a 'java/lang/NoSuchMethodError'{0x000000071830d398}: 'java.lang.Object java.lang.invoke.Invokers$Holder.invokeExact_MT(java.lang.Object, java.lang.Object, java.lang.Object, java.lang.Object, java.lang.Object, java.lang.Object)'> (0x000000071830d398) 
thrown [s\src\hotspot\share\interpreter\linkResolver.cpp, line 773]
Event: 1.232 Thread 0x000001d78522d900 Exception <a 'java/lang/NoSuchMethodError'{0x000000071831afc0}: 'int java.lang.invoke.DirectMethodHandle$Holder.invokeStatic(java.lang.Object, java.lang.Object, java.lang.Object, java.lang.Object, java.lang.Object)'> (0x000000071831afc0) 
thrown [s\src\hotspot\share\interpreter\linkResolver.cpp, line 773]
Event: 1.272 Thread 0x000001d78522d900 Exception <a 'java/lang/NoSuchMethodError'{0x0000000718033ef0}: 'void java.lang.invoke.DirectMethodHandle$Holder.invokeStaticInit(java.lang.Object, java.lang.Object, java.lang.Object, java.lang.Object)'> (0x0000000718033ef0) 
thrown [s\src\hotspot\share\interpreter\linkResolver.cpp, line 773]
Event: 1.288 Thread 0x000001d78522d900 Exception <a 'java/lang/NoSuchMethodError'{0x00000007180a2be0}: 'int java.lang.invoke.DirectMethodHandle$Holder.invokeStaticInit(java.lang.Object, java.lang.Object)'> (0x00000007180a2be0) 
thrown [s\src\hotspot\share\interpreter\linkResolver.cpp, line 773]
Event: 1.334 Thread 0x000001d78522d900 Exception <a 'java/lang/NoSuchMethodError'{0x00000007181d0a40}: 'java.lang.Object java.lang.invoke.DirectMethodHandle$Holder.newInvokeSpecial(java.lang.Object, java.lang.Object, int)'> (0x00000007181d0a40) 
thrown [s\src\hotspot\share\interpreter\linkResolver.cpp, line 773]
Event: 1.425 Thread 0x000001d78522d900 Exception <a 'java/lang/NoSuchMethodError'{0x0000000717c2a9f0}: 'java.lang.Object java.lang.invoke.DirectMethodHandle$Holder.invokeSpecial(java.lang.Object, java.lang.Object, java.lang.Object, long, java.lang.Object)'> (0x0000000717c2a9f0) 
thrown [s\src\hotspot\share\interpreter\linkResolver.cpp, line 773]
Event: 1.426 Thread 0x000001d78522d900 Exception <a 'java/lang/NoSuchMethodError'{0x0000000717c2e8c0}: 'java.lang.Object java.lang.invoke.Invokers$Holder.linkToTargetMethod(java.lang.Object, long, java.lang.Object, java.lang.Object)'> (0x0000000717c2e8c0) 
thrown [s\src\hotspot\share\interpreter\linkResolver.cpp, line 773]
Event: 1.460 Thread 0x000001d78522d900 Implicit null exception at 0x000001d79549b466 to 0x000001d79549b512
Event: 1.574 Thread 0x000001d78522d900 Exception <a 'java/lang/NoSuchMethodError'{0x0000000717bb3638}: 'int java.lang.invoke.DirectMethodHandle$Holder.invokeStaticInit(java.lang.Object, java.lang.Object, java.lang.Object)'> (0x0000000717bb3638) 
thrown [s\src\hotspot\share\interpreter\linkResolver.cpp, line 773]
Event: 1.619 Thread 0x000001d78522d900 Exception <a 'java/lang/NoSuchMethodError'{0x00000007188ae3a8}: 'int java.lang.invoke.DirectMethodHandle$Holder.invokeInterface(java.lang.Object, java.lang.Object)'> (0x00000007188ae3a8) 
thrown [s\src\hotspot\share\interpreter\linkResolver.cpp, line 773]
Event: 1.648 Thread 0x000001d78522d900 Exception <a 'java/lang/NoSuchMethodError'{0x0000000718985818}: 'void java.lang.invoke.DirectMethodHandle$Holder.invokeStatic(java.lang.Object, java.lang.Object)'> (0x0000000718985818) 
thrown [s\src\hotspot\share\interpreter\linkResolver.cpp, line 773]
Event: 1.648 Thread 0x000001d78522d900 Exception <a 'java/lang/NoSuchMethodError'{0x0000000718989120}: 'void java.lang.invoke.DirectMethodHandle$Holder.invokeStaticInit(java.lang.Object, java.lang.Object)'> (0x0000000718989120) 
thrown [s\src\hotspot\share\interpreter\linkResolver.cpp, line 773]
Event: 1.679 Thread 0x000001d78522d900 Exception <a 'java/lang/NoSuchMethodError'{0x00000007186409d0}: 'int java.lang.invoke.DirectMethodHandle$Holder.invokeVirtual(java.lang.Object, java.lang.Object, java.lang.Object)'> (0x00000007186409d0) 
thrown [s\src\hotspot\share\interpreter\linkResolver.cpp, line 773]
Event: 1.736 Thread 0x000001d78522d900 Exception <a 'java/lang/IncompatibleClassChangeError'{0x00000007187bac90}: Found class java.lang.Object, but interface was expected> (0x00000007187bac90) 
thrown [s\src\hotspot\share\interpreter\linkResolver.cpp, line 840]
Event: 1.791 Thread 0x000001d78522d900 Exception <a 'java/lang/NoSuchMethodError'{0x00000007184e4198}: 'int java.lang.invoke.DirectMethodHandle$Holder.invokeSpecial(java.lang.Object, java.lang.Object, java.lang.Object, java.lang.Object)'> (0x00000007184e4198) 
thrown [s\src\hotspot\share\interpreter\linkResolver.cpp, line 773]
Event: 1.796 Thread 0x000001d78522d900 Exception <a 'java/lang/NoSuchMethodError'{0x00000007184ff3c0}: 'int java.lang.invoke.DirectMethodHandle$Holder.invokeSpecial(java.lang.Object, java.lang.Object, java.lang.Object, java.lang.Object, java.lang.Object)'> (0x00000007184ff3c0) 
thrown [s\src\hotspot\share\interpreter\linkResolver.cpp, line 773]
Event: 1.801 Thread 0x000001d78522d900 Exception <a 'java/lang/NoSuchMethodError'{0x0000000718507ca0}: 'void java.lang.invoke.DirectMethodHandle$Holder.invokeVirtual(java.lang.Object, java.lang.Object)'> (0x0000000718507ca0) 
thrown [s\src\hotspot\share\interpreter\linkResolver.cpp, line 773]
Event: 1.957 Thread 0x000001d78522d900 Exception <a 'java/lang/NoSuchMethodError'{0x000000071807bbe8}: 'void java.lang.invoke.DirectMethodHandle$Holder.invokeVirtual(java.lang.Object, java.lang.Object, java.lang.Object, java.lang.Object)'> (0x000000071807bbe8) 
thrown [s\src\hotspot\share\interpreter\linkResolver.cpp, line 773]
Event: 2.135 Thread 0x000001d78522d900 Exception <a 'java/lang/NoSuchMethodError'{0x0000000717c798e8}: 'java.lang.Object java.lang.invoke.DirectMethodHandle$Holder.newInvokeSpecial(java.lang.Object, java.lang.Object, java.lang.Object, java.lang.Object, java.lang.Object, java.lang.Object, java.lang.Object)'> (0x0000000717c798e8) 
thrown [s\src\hotspot\share\interpreter\linkResolver.cpp, line 773]

ZGC Phase Switch (0 events):
No events

VM Operations (20 events):
Event: 0.905 Executing VM operation: G1CollectForAllocation (G1 Evacuation Pause)
Event: 0.913 Executing VM operation: G1CollectForAllocation (G1 Evacuation Pause) done
Event: 0.962 Executing VM operation: HandshakeAllThreads (Deoptimize)
Event: 0.962 Executing VM operation: HandshakeAllThreads (Deoptimize) done
Event: 0.974 Executing VM operation: HandshakeAllThreads (Deoptimize)
Event: 0.974 Executing VM operation: HandshakeAllThreads (Deoptimize) done
Event: 1.177 Executing VM operation: HandshakeAllThreads (Deoptimize)
Event: 1.177 Executing VM operation: HandshakeAllThreads (Deoptimize) done
Event: 1.186 Executing VM operation: HandshakeAllThreads (Deoptimize)
Event: 1.186 Executing VM operation: HandshakeAllThreads (Deoptimize) done
Event: 1.374 Executing VM operation: HandshakeAllThreads (Deoptimize)
Event: 1.374 Executing VM operation: HandshakeAllThreads (Deoptimize) done
Event: 1.587 Executing VM operation: G1CollectForAllocation (G1 Evacuation Pause)
Event: 1.593 Executing VM operation: G1CollectForAllocation (G1 Evacuation Pause) done
Event: 1.621 Executing VM operation: HandshakeAllThreads (Deoptimize)
Event: 1.621 Executing VM operation: HandshakeAllThreads (Deoptimize) done
Event: 1.759 Executing VM operation: HandshakeAllThreads (Deoptimize)
Event: 1.759 Executing VM operation: HandshakeAllThreads (Deoptimize) done
Event: 1.943 Executing VM operation: HandshakeAllThreads (Deoptimize)
Event: 1.943 Executing VM operation: HandshakeAllThreads (Deoptimize) done

Memory protections (0 events):
No events

Nmethod flushes (0 events):
No events

Events (14 events):
Event: 0.039 Thread 0x000001d78522d900 Thread added: 0x000001d78522d900
Event: 0.063 Thread 0x000001d78522d900 Thread added: 0x000001d7a4410c10
Event: 0.063 Thread 0x000001d78522d900 Thread added: 0x000001d7a4412980
Event: 0.064 Thread 0x000001d78522d900 Thread added: 0x000001d7a4413580
Event: 0.064 Thread 0x000001d78522d900 Thread added: 0x000001d7a4413fd0
Event: 0.064 Thread 0x000001d78522d900 Thread added: 0x000001d7a4414a20
Event: 0.064 Thread 0x000001d78522d900 Thread added: 0x000001d7a4415620
Event: 0.065 Thread 0x000001d78522d900 Thread added: 0x000001d7a4416b30
Event: 0.065 Thread 0x000001d78522d900 Thread added: 0x000001d7a4419f90
Event: 0.093 Thread 0x000001d78522d900 Thread added: 0x000001d7a4566f80
Event: 0.095 Thread 0x000001d78522d900 Thread added: 0x000001d7a45887f0
Event: 0.147 Thread 0x000001d7a4419f90 Thread added: 0x000001d7a4610370
Event: 0.465 Thread 0x000001d78522d900 Thread added: 0x000001d7ea3d6ed0
Event: 0.512 Thread 0x000001d78522d900 Thread added: 0x000001d7ea101bb0


Dynamic libraries:
0x00007ff7837d0000 - 0x00007ff7837de000 	C:\Program Files\Eclipse Adoptium\jdk-21.0.9.10-hotspot\bin\java.exe
0x00007ffb3c330000 - 0x00007ffb3c525000 	C:\Windows\SYSTEM32\ntdll.dll
0x00007ffb3a470000 - 0x00007ffb3a52e000 	C:\Windows\System32\KERNEL32.DLL
0x00007ffb39ed0000 - 0x00007ffb3a198000 	C:\Windows\System32\KERNELBASE.dll
0x00007ffb39a40000 - 0x00007ffb39b40000 	C:\Windows\System32\ucrtbase.dll
0x00007ffaccfb0000 - 0x00007ffaccfce000 	C:\Program Files\Eclipse Adoptium\jdk-21.0.9.10-hotspot\bin\VCRUNTIME140.dll
0x00007ffaccb60000 - 0x00007ffaccb78000 	C:\Program Files\Eclipse Adoptium\jdk-21.0.9.10-hotspot\bin\jli.dll
0x00007ffb3b380000 - 0x00007ffb3b520000 	C:\Windows\System32\USER32.dll
0x00007ffb21640000 - 0x00007ffb218da000 	C:\Windows\WinSxS\amd64_microsoft.windows.common-controls_6595b64144ccf1df_6.0.19041.1110_none_60b5254171f9507e\COMCTL32.dll
0x00007ffb39ea0000 - 0x00007ffb39ec2000 	C:\Windows\System32\win32u.dll
0x00007ffb3b1a0000 - 0x00007ffb3b23e000 	C:\Windows\System32\msvcrt.dll
0x00007ffb3b5b0000 - 0x00007ffb3b5db000 	C:\Windows\System32\GDI32.dll
0x00007ffb39d90000 - 0x00007ffb39e9d000 	C:\Windows\System32\gdi32full.dll
0x00007ffb39cf0000 - 0x00007ffb39d8d000 	C:\Windows\System32\msvcp_win.dll
0x00007ffb3bbf0000 - 0x00007ffb3bc20000 	C:\Windows\System32\IMM32.DLL
0x00007ffb13360000 - 0x00007ffb1336c000 	C:\Program Files\Eclipse Adoptium\jdk-21.0.9.10-hotspot\bin\vcruntime140_1.dll
0x00007ffabe160000 - 0x00007ffabe1ed000 	C:\Program Files\Eclipse Adoptium\jdk-21.0.9.10-hotspot\bin\msvcp140.dll
0x00007ffab18f0000 - 0x00007ffab2690000 	C:\Program Files\Eclipse Adoptium\jdk-21.0.9.10-hotspot\bin\server\jvm.dll
0x00007ffb3a870000 - 0x00007ffb3a91e000 	C:\Windows\System32\ADVAPI32.dll
0x00007ffb3b240000 - 0x00007ffb3b2dc000 	C:\Windows\System32\sechost.dll
0x00007ffb3a920000 - 0x00007ffb3aa45000 	C:\Windows\System32\RPCRT4.dll
0x00007ffb3b2e0000 - 0x00007ffb3b34b000 	C:\Windows\System32\WS2_32.dll
0x00007ffb30d10000 - 0x00007ffb30d1a000 	C:\Windows\SYSTEM32\VERSION.dll
0x00007ffb398b0000 - 0x00007ffb398fb000 	C:\Windows\SYSTEM32\POWRPROF.dll
0x00007ffb1f300000 - 0x00007ffb1f327000 	C:\Windows\SYSTEM32\WINMM.dll
0x00007ffb397e0000 - 0x00007ffb397f2000 	C:\Windows\SYSTEM32\UMPDC.dll
0x00007ffb38280000 - 0x00007ffb38292000 	C:\Windows\SYSTEM32\kernel.appcore.dll
0x00007ffb128e0000 - 0x00007ffb128ea000 	C:\Program Files\Eclipse Adoptium\jdk-21.0.9.10-hotspot\bin\jimage.dll
0x00007ffb34650000 - 0x00007ffb34834000 	C:\Windows\SYSTEM32\DBGHELP.DLL
0x00007ffb1e4d0000 - 0x00007ffb1e4fc000 	C:\Windows\SYSTEM32\dbgcore.DLL
0x00007ffb3a2f0000 - 0x00007ffb3a372000 	C:\Windows\System32\bcryptPrimitives.dll
0x00007ffabee00000 - 0x00007ffabee20000 	C:\Program Files\Eclipse Adoptium\jdk-21.0.9.10-hotspot\bin\java.dll
0x00007ffb3aa50000 - 0x00007ffb3b194000 	C:\Windows\System32\SHELL32.dll
0x00007ffb37ad0000 - 0x00007ffb38264000 	C:\Windows\SYSTEM32\windows.storage.dll
0x00007ffb3b6b0000 - 0x00007ffb3ba05000 	C:\Windows\System32\combase.dll
0x00007ffb392e0000 - 0x00007ffb3930e000 	C:\Windows\SYSTEM32\Wldp.dll
0x00007ffb3bd40000 - 0x00007ffb3bded000 	C:\Windows\System32\SHCORE.dll
0x00007ffb3ba10000 - 0x00007ffb3ba65000 	C:\Windows\System32\shlwapi.dll
0x00007ffb39980000 - 0x00007ffb3999f000 	C:\Windows\SYSTEM32\profapi.dll
0x00007ffab7b80000 - 0x00007ffab7c57000 	C:\Program Files\Eclipse Adoptium\jdk-21.0.9.10-hotspot\bin\jsvml.dll
0x00007ffb11cd0000 - 0x00007ffb11ce0000 	C:\Program Files\Eclipse Adoptium\jdk-21.0.9.10-hotspot\bin\net.dll
0x00007ffb30430000 - 0x00007ffb3053c000 	C:\Windows\SYSTEM32\WINHTTP.dll
0x00007ffb390c0000 - 0x00007ffb3912a000 	C:\Windows\system32\mswsock.dll
0x00007ffabedb0000 - 0x00007ffabedc6000 	C:\Program Files\Eclipse Adoptium\jdk-21.0.9.10-hotspot\bin\nio.dll
0x00007ffabe9e0000 - 0x00007ffabe9f8000 	C:\Program Files\Eclipse Adoptium\jdk-21.0.9.10-hotspot\bin\zip.dll
0x00007ffb31b50000 - 0x00007ffb31b5a000 	C:\Program Files\Eclipse Adoptium\jdk-21.0.9.10-hotspot\bin\management.dll
0x00007ffb31b40000 - 0x00007ffb31b4c000 	C:\Program Files\Eclipse Adoptium\jdk-21.0.9.10-hotspot\bin\management_ext.dll
0x00007ffb3bd30000 - 0x00007ffb3bd38000 	C:\Windows\System32\PSAPI.DLL

JVMTI agents: none

dbghelp: loaded successfully - version: 4.0.5 - missing functions: none
symbol engine: initialized successfully - sym options: 0x614 - pdb path: .;C:\Program Files\Eclipse Adoptium\jdk-21.0.9.10-hotspot\bin;C:\Windows\SYSTEM32;C:\Windows\WinSxS\amd64_microsoft.windows.common-controls_6595b64144ccf1df_6.0.19041.1110_none_60b5254171f9507e;C:\Program Files\Eclipse Adoptium\jdk-21.0.9.10-hotspot\bin\server

VM Arguments:
java_command: C:\Users\MyPC\AppData\Local\Temp\surefire2085543349611612099\surefirebooter-20251121225321444_3.jar C:\Users\MyPC\AppData\Local\Temp\surefire2085543349611612099 2025-11-21T22-53-21_197-jvmRun1 surefire-20251121225321444_1tmp surefire_0-20251121225321444_2tmp
java_class_path (initial): C:\Users\MyPC\AppData\Local\Temp\surefire2085543349611612099\surefirebooter-20251121225321444_3.jar
Launcher Type: SUN_STANDARD

[Global flags]
     intx CICompilerCount                          = 4                                         {product} {ergonomic}
     uint ConcGCThreads                            = 2                                         {product} {ergonomic}
     uint G1ConcRefinementThreads                  = 8                                         {product} {ergonomic}
   size_t G1HeapRegionSize                         = 2097152                                   {product} {ergonomic}
    uintx GCDrainStackTargetSize                   = 64                                        {product} {ergonomic}
   size_t InitialHeapSize                          = 260046848                                 {product} {ergonomic}
   size_t MarkStackSize                            = 4194304                                   {product} {ergonomic}
   size_t MaxHeapSize                              = 4141875200                                {product} {ergonomic}
   size_t MaxNewSize                               = 2485125120                                {product} {ergonomic}
   size_t MinHeapDeltaBytes                        = 2097152                                   {product} {ergonomic}
   size_t MinHeapSize                              = 8388608                                   {product} {ergonomic}
    uintx NonNMethodCodeHeapSize                   = 5839372                                {pd product} {ergonomic}
    uintx NonProfiledCodeHeapSize                  = 122909434                              {pd product} {ergonomic}
    uintx ProfiledCodeHeapSize                     = 122909434                              {pd product} {ergonomic}
    uintx ReservedCodeCacheSize                    = 251658240                              {pd product} {ergonomic}
     bool SegmentedCodeCache                       = true                                      {product} {ergonomic}
   size_t SoftMaxHeapSize                          = 4141875200                             {manageable} {ergonomic}
     bool UseCompressedOops                        = true                           {product lp64_product} {ergonomic}
     bool UseG1GC                                  = true                                      {product} {ergonomic}
     bool UseLargePagesIndividualAllocation        = false                                  {pd product} {ergonomic}

Logging:
Log output configuration:
 #0: stdout all=warning uptime,level,tags foldmultilines=false
 #1: stderr all=off uptime,level,tags foldmultilines=false

Release file:
IMPLEMENTOR="Eclipse Adoptium" 
IMPLEMENTOR_VERSION="Temurin-21.0.9+10" 
JAVA_RUNTIME_VERSION="21.0.9+10-LTS" 
JAVA_VERSION="21.0.9" 
JAVA_VERSION_DATE="2025-10-21" 
LIBC="default" 
MODULES="java.base java.compiler java.datatransfer java.xml java.prefs java.desktop java.instrument java.logging java.management java.security.sasl java.naming java.rmi java.management.rmi java.net.http java.scripting java.security.jgss java.transaction.xa java.sql java.sql.rowset java.xml.crypto java.se java.smartcardio jdk.accessibility jdk.internal.jvmstat jdk.attach jdk.charsets jdk.internal.opt jdk.zipfs jdk.compiler jdk.crypto.ec jdk.crypto.cryptoki jdk.crypto.mscapi jdk.dynalink jdk.internal.ed jdk.editpad jdk.hotspot.agent jdk.httpserver jdk.incubator.vector jdk.internal.le jdk.internal.vm.ci jdk.internal.vm.compiler jdk.internal.vm.compiler.management jdk.jartool jdk.javadoc jdk.jcmd jdk.management jdk.management.agent jdk.jconsole jdk.jdeps jdk.jdwp.agent jdk.jdi jdk.jfr jdk.jlink jdk.jpackage jdk.jshell jdk.jsobject jdk.jstatd jdk.localedata jdk.management.jfr jdk.naming.dns jdk.naming.rmi jdk.net jdk.nio.mapmode jdk.random jdk.sctp jdk.security.auth jdk.security.jgss jdk.unsupported jdk.unsupported.desktop jdk.xml.dom" 
OS_ARCH="x86_64" 
OS_NAME="Windows" 
SOURCE=".:git:759062135b07" 
BUILD_SOURCE="git:839fa0b45d809157cffd3dc8515aad262a4a1776"
BUILD_SOURCE_REPO="https://github.com/adoptium/temurin-build.git"
SOURCE_REPO="https://github.com/adoptium/jdk21u.git"
FULL_VERSION="21.0.9+10-LTS"
SEMANTIC_VERSION="21.0.9+10"
BUILD_INFO="OS: Windows Server 2022 Version: 10.0"
JVM_VARIANT="Hotspot"
JVM_VERSION="21.0.9+10-LTS"
IMAGE_TYPE="JDK"

Environment Variables:
JAVA_HOME=C:\Program Files\Eclipse Adoptium\jdk-21.0.9.10-hotspot
PATH=C:\Program Files\Eclipse Adoptium\jdk-21.0.9.10-hotspot\bin;E:\install\Scripts\;E:\install\;C:\Program Files (x86)\VMware\VMware Workstation\bin\;C:\Program Files\Common Files\Oracle\Java\javapath;C:\Windows\system32;C:\Windows;C:\Windows\System32\Wbem;C:\Windows\System32\WindowsPowerShell\v1.0\;C:\Windows\System32\OpenSSH\;C:\Program Files (x86)\Intel\Intel(R) Management Engine Components\DAL;C:\Program Files\Intel\Intel(R) Management Engine Components\DAL;C:\Program Files\dotnet\;C:\Program Files (x86)\Windows Kits\10\Windows Performance Toolkit\;E:\28tech\Git\cmd;C:\Program Files (x86)\Microsoft SQL Server\160\Tools\Binn\;C:\Program Files\Microsoft SQL Server\160\Tools\Binn\;C:\Program Files\Microsoft SQL Server\Client SDK\ODBC\170\Tools\Binn\;C:\Program Files\Microsoft SQL Server\160\DTS\Binn\;C:\Program Files\Azure Data Studio\bin;C:\Program Files\Microsoft SQL Server\150\Tools\Binn\;C:\Program Files\Cloudflare\Cloudflare WARP\;C:\Users\MyPC\Downloads\apache-maven-3.9.9-bin\apache-maven-3.9.9\bin;C:\Program Files\TortoiseSVN\bin;C:\Program Files\VisualSVN Server\bin;C:\Program Files\TortoiseGit\bin;C:\ProgramData\chocolatey\bin;C:\Program Files\Eclipse Adoptium\jdk-21.0.9.10-hotspot\bin;E:\install\Scripts\;E:\install\;C:\Users\MyPC\AppData\Local\Programs\Python\Python310\Scripts\;C:\Users\MyPC\AppData\Local\Programs\Python\Python310\;C:\Users\MyPC\AppData\Local\Microsoft\WindowsApps;C:\MinGW\bin;C:\Users\MyPC\.dotnet\tools;C:\Thanh Nh\Microsoft VS Code\bin;C:\Program Files\Azure Data Studio\bin;E:\install\IntelliJ IDEA 2024.3.4\bin;;E:\install\cursor\resources\app\bin;C:\Users\MyPC\AppData\Roaming\npm
USERNAME=MyPC
TERM=dumb
OS=Windows_NT
PROCESSOR_IDENTIFIER=Intel64 Family 6 Model 142 Stepping 10, GenuineIntel
TMP=C:\Users\MyPC\AppData\Local\Temp
TEMP=C:\Users\MyPC\AppData\Local\Temp




Periodic native trim disabled

---------------  S Y S T E M  ---------------

OS:
 Windows 10 , 64 bit Build 19041 (10.0.19041.1503)
OS uptime: 0 days 2:05 hours
Hyper-V role detected

CPU: total 8 (initial active 8) (4 cores per cpu, 2 threads per core) family 6 model 142 stepping 10 microcode 0xb4, cx8, cmov, fxsr, ht, mmx, 3dnowpref, sse, sse2, sse3, ssse3, sse4.1, sse4.2, popcnt, lzcnt, tsc, tscinvbit, avx, avx2, aes, erms, clmul, bmi1, bmi2, adx, fma, vzeroupper, clflush, clflushopt, hv, rdtscp, f16c
Processor Information for the first 8 processors :
  Max Mhz: 1992, Current Mhz: 1792, Mhz Limit: 1792

Memory: 4k page, system-wide physical 15799M (2480M free)
TotalPageFile size 15799M (AvailPageFile size 2M)
current process WorkingSet (physical memory assigned to process): 123M, peak: 123M
current process commit charge ("private bytes"): 383M, peak: 385M

vm_info: OpenJDK 64-Bit Server VM (21.0.9+10-LTS) for windows-amd64 JRE (21.0.9+10-LTS), built on 2025-10-21T00:00:00Z by "admin" with unknown MS VC++:1942

END.
