#
# There is insufficient memory for the Java Runtime Environment to continue.
# Native memory allocation (malloc) failed to allocate 1088496 bytes. Error detail: Chunk::new
# Possible reasons:
#   The system is out of physical RAM or swap space
#   This process is running with CompressedOops enabled, and the Java Heap may be blocking the growth of the native heap
# Possible solutions:
#   Reduce memory load on the system
#   Increase physical memory or swap space
#   Check if swap backing store is full
#   Decrease Java heap size (-Xmx/-Xms)
#   Decrease number of Java threads
#   Decrease Java thread stack sizes (-Xss)
#   Set larger code cache with -XX:ReservedCodeCacheSize=
#   JVM is running with Zero Based Compressed Oops mode in which the Java heap is
#     placed in the first 32GB address space. The Java Heap base address is the
#     maximum limit for the native heap growth. Please use -XX:HeapBaseMinAddress
#     to set the Java Heap base and to place the Java Heap above 32GB virtual address.
# This output file may be truncated or incomplete.
#
#  Out of Memory Error (arena.cpp:168), pid=16352, tid=9732
#
# JRE version: OpenJDK Runtime Environment Temurin-21.0.9+10 (21.0.9+10) (build 21.0.9+10-LTS)
# Java VM: OpenJDK 64-Bit Server VM Temurin-21.0.9+10 (21.0.9+10-LTS, mixed mode, sharing, tiered, compressed oops, compressed class ptrs, g1 gc, windows-amd64)
# No core dump will be written. Minidumps are not enabled by default on client versions of Windows
#

---------------  S U M M A R Y ------------

Command Line: C:\Users\MyPC\AppData\Local\Temp\surefire1388329246326384262\surefirebooter-20251121224358931_3.jar C:\Users\MyPC\AppData\Local\Temp\surefire1388329246326384262 2025-11-21T22-43-58_740-jvmRun1 surefire-20251121224358931_1tmp surefire_0-20251121224358931_2tmp

Host: Intel(R) Core(TM) i7-8550U CPU @ 1.80GHz, 8 cores, 15G,  Windows 10 , 64 bit Build 19041 (10.0.19041.1503)
Time: Fri Nov 21 22:44:01 2025 SE Asia Standard Time elapsed time: 2.051713 seconds (0d 0h 0m 2s)

---------------  T H R E A D  ---------------

Current thread (0x00000260b2cbc190):  JavaThread "C2 CompilerThread1" daemon [_thread_in_native, id=9732, stack(0x000000fd95900000,0x000000fd95a00000) (1024K)]


Current CompileTask:
C2:2051 1743       4       java.lang.invoke.MethodType::methodType (69 bytes)

Stack: [0x000000fd95900000,0x000000fd95a00000]
Native frames: (J=compiled Java code, j=interpreted, Vv=VM code, C=native code)
V  [jvm.dll+0x6d6e29]
V  [jvm.dll+0x8b4b76]
V  [jvm.dll+0x8b712e]
V  [jvm.dll+0x8b7813]
V  [jvm.dll+0x283d86]
V  [jvm.dll+0xc66ed]
V  [jvm.dll+0xc6c31]
V  [jvm.dll+0x2facee]
V  [jvm.dll+0x5fde44]
V  [jvm.dll+0x255557]
V  [jvm.dll+0x25591d]
V  [jvm.dll+0x24df40]
V  [jvm.dll+0x24b482]
V  [jvm.dll+0x1cb13e]
V  [jvm.dll+0x25b29d]
V  [jvm.dll+0x25982a]
V  [jvm.dll+0x3f7ea6]
V  [jvm.dll+0x85e9ad]
V  [jvm.dll+0x6d565d]
C  [ucrtbase.dll+0x21bb2]
C  [KERNEL32.DLL+0x17034]
C  [ntdll.dll+0x52651]


---------------  P R O C E S S  ---------------

Threads class SMR info:
_java_thread_list=0x00000260b2b814f0, length=14, elements={
0x00000260915949f0, 0x00000260b28f1c70, 0x00000260b28f26c0, 0x00000260b28f38b0,
0x00000260b28f4300, 0x00000260b28f7500, 0x00000260b28f7f50, 0x00000260b28f8cd0,
0x00000260b28fa180, 0x00000260b2a3a540, 0x00000260b2a42d80, 0x00000260b2cbc190,
0x00000260f833b1e0, 0x00000260f82f5c90
}

Java Threads: ( => current thread )
  0x00000260915949f0 JavaThread "main"                              [_thread_in_vm, id=3824, stack(0x000000fd94700000,0x000000fd94800000) (1024K)]
  0x00000260b28f1c70 JavaThread "Reference Handler"          daemon [_thread_blocked, id=5864, stack(0x000000fd94f00000,0x000000fd95000000) (1024K)]
  0x00000260b28f26c0 JavaThread "Finalizer"                  daemon [_thread_blocked, id=17392, stack(0x000000fd95000000,0x000000fd95100000) (1024K)]
  0x00000260b28f38b0 JavaThread "Signal Dispatcher"          daemon [_thread_blocked, id=5260, stack(0x000000fd95100000,0x000000fd95200000) (1024K)]
  0x00000260b28f4300 JavaThread "Attach Listener"            daemon [_thread_blocked, id=6428, stack(0x000000fd95200000,0x000000fd95300000) (1024K)]
  0x00000260b28f7500 JavaThread "Service Thread"             daemon [_thread_blocked, id=16464, stack(0x000000fd95300000,0x000000fd95400000) (1024K)]
  0x00000260b28f7f50 JavaThread "Monitor Deflation Thread"   daemon [_thread_blocked, id=16548, stack(0x000000fd95400000,0x000000fd95500000) (1024K)]
  0x00000260b28f8cd0 JavaThread "C2 CompilerThread0"         daemon [_thread_blocked, id=17356, stack(0x000000fd95500000,0x000000fd95600000) (1024K)]
  0x00000260b28fa180 JavaThread "C1 CompilerThread0"         daemon [_thread_blocked, id=16964, stack(0x000000fd95600000,0x000000fd95700000) (1024K)]
  0x00000260b2a3a540 JavaThread "Notification Thread"        daemon [_thread_blocked, id=14280, stack(0x000000fd95700000,0x000000fd95800000) (1024K)]
  0x00000260b2a42d80 JavaThread "Common-Cleaner"             daemon [_thread_blocked, id=17260, stack(0x000000fd95800000,0x000000fd95900000) (1024K)]
=>0x00000260b2cbc190 JavaThread "C2 CompilerThread1"         daemon [_thread_in_native, id=9732, stack(0x000000fd95900000,0x000000fd95a00000) (1024K)]
  0x00000260f833b1e0 JavaThread "surefire-forkedjvm-stream-flusher" daemon [_thread_blocked, id=10256, stack(0x000000fd95a00000,0x000000fd95b00000) (1024K)]
  0x00000260f82f5c90 JavaThread "surefire-forkedjvm-command-thread" daemon [_thread_in_native, id=17380, stack(0x000000fd95b00000,0x000000fd95c00000) (1024K)]
Total: 14

Other Threads:
  0x00000260b28d3490 VMThread "VM Thread"                           [id=16784, stack(0x000000fd94e00000,0x000000fd94f00000) (1024K)]
  0x00000260b28bf710 WatcherThread "VM Periodic Task Thread"        [id=17200, stack(0x000000fd94d00000,0x000000fd94e00000) (1024K)]
  0x0000026093792220 WorkerThread "GC Thread#0"                     [id=17384, stack(0x000000fd94800000,0x000000fd94900000) (1024K)]
  0x00000260f8ac6620 WorkerThread "GC Thread#1"                     [id=16260, stack(0x000000fd95c00000,0x000000fd95d00000) (1024K)]
  0x00000260f8ac69c0 WorkerThread "GC Thread#2"                     [id=6476, stack(0x000000fd95d00000,0x000000fd95e00000) (1024K)]
  0x00000260f8ac6d60 WorkerThread "GC Thread#3"                     [id=16532, stack(0x000000fd95e00000,0x000000fd95f00000) (1024K)]
  0x00000260f8ac7100 WorkerThread "GC Thread#4"                     [id=4944, stack(0x000000fd95f00000,0x000000fd96000000) (1024K)]
  0x00000260f8ae50f0 WorkerThread "GC Thread#5"                     [id=11148, stack(0x000000fd96000000,0x000000fd96100000) (1024K)]
  0x00000260f8807150 WorkerThread "GC Thread#6"                     [id=2336, stack(0x000000fd96100000,0x000000fd96200000) (1024K)]
  0x00000260f88074f0 WorkerThread "GC Thread#7"                     [id=15172, stack(0x000000fd96200000,0x000000fd96300000) (1024K)]
  0x00000260937a39a0 ConcurrentGCThread "G1 Main Marker"            [id=9888, stack(0x000000fd94900000,0x000000fd94a00000) (1024K)]
  0x00000260937a4b50 WorkerThread "G1 Conc#0"                       [id=6920, stack(0x000000fd94a00000,0x000000fd94b00000) (1024K)]
  0x00000260937fe7a0 ConcurrentGCThread "G1 Refine#0"               [id=9644, stack(0x000000fd94b00000,0x000000fd94c00000) (1024K)]
  0x00000260b2792310 ConcurrentGCThread "G1 Service"                [id=9692, stack(0x000000fd94c00000,0x000000fd94d00000) (1024K)]
Total: 14

Threads with active compile tasks:
C1 CompilerThread0  2089 1821       3       java.lang.invoke.InnerClassLambdaMetafactory::<init> (258 bytes)
C2 CompilerThread1  2089 1743       4       java.lang.invoke.MethodType::methodType (69 bytes)
Total: 2

VM state: not at safepoint (normal execution)

VM Mutex/Monitor currently owned by a thread: None

Heap address: 0x0000000709200000, size: 3950 MB, Compressed Oops mode: Zero based, Oop shift amount: 3

CDS archive(s) mapped at: [0x00000260b3000000-0x00000260b3c80000-0x00000260b3c80000), size 13107200, SharedBaseAddress: 0x00000260b3000000, ArchiveRelocationMode: 1.
Compressed class space mapped at: 0x00000260b4000000-0x00000260f4000000, reserved size: 1073741824
Narrow klass base: 0x00000260b3000000, Narrow klass shift: 0, Narrow klass range: 0x100000000

GC Precious Log:
 CardTable entry size: 512
 Card Set container configuration: InlinePtr #cards 4 size 8 Array Of Cards #cards 16 size 48 Howl #buckets 8 coarsen threshold 3686 Howl Bitmap #cards 512 size 80 coarsen threshold 460 Card regions per heap region 1 cards per card region 4096
 CPUs: 8 total, 8 available
 Memory: 15799M
 Large Page Support: Disabled
 NUMA Support: Disabled
 Compressed Oops: Enabled (Zero based)
 Heap Region Size: 2M
 Heap Min Capacity: 8M
 Heap Initial Capacity: 248M
 Heap Max Capacity: 3950M
 Pre-touch: Disabled
 Parallel Workers: 8
 Concurrent Workers: 2
 Concurrent Refinement Workers: 8
 Periodic GC: Disabled

Heap:
 garbage-first heap   total 253952K, used 24019K [0x0000000709200000, 0x0000000800000000)
  region size 2048K, 8 young (16384K), 1 survivors (2048K)
 Metaspace       used 11397K, committed 11648K, reserved 1114112K
  class space    used 1420K, committed 1536K, reserved 1048576K

Heap Regions: E=young(eden), S=young(survivor), O=old, HS=humongous(starts), HC=humongous(continues), CS=collection set, F=free, TAMS=top-at-mark-start, PB=parsable bottom
|   0|0x0000000709200000, 0x0000000709400000, 0x0000000709400000|100%| O|  |TAMS 0x0000000709200000| PB 0x0000000709200000| Untracked 
|   1|0x0000000709400000, 0x0000000709600000, 0x0000000709600000|100%| O|  |TAMS 0x0000000709400000| PB 0x0000000709400000| Untracked 
|   2|0x0000000709600000, 0x0000000709800000, 0x0000000709800000|100%| O|  |TAMS 0x0000000709600000| PB 0x0000000709600000| Untracked 
|   3|0x0000000709800000, 0x0000000709a00000, 0x0000000709a00000|100%| O|  |TAMS 0x0000000709800000| PB 0x0000000709800000| Untracked 
|   4|0x0000000709a00000, 0x0000000709bfc620, 0x0000000709c00000| 99%| O|  |TAMS 0x0000000709a00000| PB 0x0000000709a00000| Untracked 
|   5|0x0000000709c00000, 0x0000000709c00000, 0x0000000709e00000|  0%| F|  |TAMS 0x0000000709c00000| PB 0x0000000709c00000| Untracked 
|   6|0x0000000709e00000, 0x0000000709e00000, 0x000000070a000000|  0%| F|  |TAMS 0x0000000709e00000| PB 0x0000000709e00000| Untracked 
|   7|0x000000070a000000, 0x000000070a000000, 0x000000070a200000|  0%| F|  |TAMS 0x000000070a000000| PB 0x000000070a000000| Untracked 
|   8|0x000000070a200000, 0x000000070a200000, 0x000000070a400000|  0%| F|  |TAMS 0x000000070a200000| PB 0x000000070a200000| Untracked 
|   9|0x000000070a400000, 0x000000070a400000, 0x000000070a600000|  0%| F|  |TAMS 0x000000070a400000| PB 0x000000070a400000| Untracked 
|  10|0x000000070a600000, 0x000000070a600000, 0x000000070a800000|  0%| F|  |TAMS 0x000000070a600000| PB 0x000000070a600000| Untracked 
|  11|0x000000070a800000, 0x000000070a800000, 0x000000070aa00000|  0%| F|  |TAMS 0x000000070a800000| PB 0x000000070a800000| Untracked 
|  12|0x000000070aa00000, 0x000000070aa00000, 0x000000070ac00000|  0%| F|  |TAMS 0x000000070aa00000| PB 0x000000070aa00000| Untracked 
|  13|0x000000070ac00000, 0x000000070ac00000, 0x000000070ae00000|  0%| F|  |TAMS 0x000000070ac00000| PB 0x000000070ac00000| Untracked 
|  14|0x000000070ae00000, 0x000000070ae00000, 0x000000070b000000|  0%| F|  |TAMS 0x000000070ae00000| PB 0x000000070ae00000| Untracked 
|  15|0x000000070b000000, 0x000000070b000000, 0x000000070b200000|  0%| F|  |TAMS 0x000000070b000000| PB 0x000000070b000000| Untracked 
|  16|0x000000070b200000, 0x000000070b200000, 0x000000070b400000|  0%| F|  |TAMS 0x000000070b200000| PB 0x000000070b200000| Untracked 
|  17|0x000000070b400000, 0x000000070b400000, 0x000000070b600000|  0%| F|  |TAMS 0x000000070b400000| PB 0x000000070b400000| Untracked 
|  18|0x000000070b600000, 0x000000070b600000, 0x000000070b800000|  0%| F|  |TAMS 0x000000070b600000| PB 0x000000070b600000| Untracked 
|  19|0x000000070b800000, 0x000000070b800000, 0x000000070ba00000|  0%| F|  |TAMS 0x000000070b800000| PB 0x000000070b800000| Untracked 
|  20|0x000000070ba00000, 0x000000070ba00000, 0x000000070bc00000|  0%| F|  |TAMS 0x000000070ba00000| PB 0x000000070ba00000| Untracked 
|  21|0x000000070bc00000, 0x000000070bc00000, 0x000000070be00000|  0%| F|  |TAMS 0x000000070bc00000| PB 0x000000070bc00000| Untracked 
|  22|0x000000070be00000, 0x000000070be00000, 0x000000070c000000|  0%| F|  |TAMS 0x000000070be00000| PB 0x000000070be00000| Untracked 
|  23|0x000000070c000000, 0x000000070c000000, 0x000000070c200000|  0%| F|  |TAMS 0x000000070c000000| PB 0x000000070c000000| Untracked 
|  24|0x000000070c200000, 0x000000070c200000, 0x000000070c400000|  0%| F|  |TAMS 0x000000070c200000| PB 0x000000070c200000| Untracked 
|  25|0x000000070c400000, 0x000000070c400000, 0x000000070c600000|  0%| F|  |TAMS 0x000000070c400000| PB 0x000000070c400000| Untracked 
|  26|0x000000070c600000, 0x000000070c600000, 0x000000070c800000|  0%| F|  |TAMS 0x000000070c600000| PB 0x000000070c600000| Untracked 
|  27|0x000000070c800000, 0x000000070c800000, 0x000000070ca00000|  0%| F|  |TAMS 0x000000070c800000| PB 0x000000070c800000| Untracked 
|  28|0x000000070ca00000, 0x000000070ca00000, 0x000000070cc00000|  0%| F|  |TAMS 0x000000070ca00000| PB 0x000000070ca00000| Untracked 
|  29|0x000000070cc00000, 0x000000070cc00000, 0x000000070ce00000|  0%| F|  |TAMS 0x000000070cc00000| PB 0x000000070cc00000| Untracked 
|  30|0x000000070ce00000, 0x000000070ce00000, 0x000000070d000000|  0%| F|  |TAMS 0x000000070ce00000| PB 0x000000070ce00000| Untracked 
|  31|0x000000070d000000, 0x000000070d000000, 0x000000070d200000|  0%| F|  |TAMS 0x000000070d000000| PB 0x000000070d000000| Untracked 
|  32|0x000000070d200000, 0x000000070d200000, 0x000000070d400000|  0%| F|  |TAMS 0x000000070d200000| PB 0x000000070d200000| Untracked 
|  33|0x000000070d400000, 0x000000070d400000, 0x000000070d600000|  0%| F|  |TAMS 0x000000070d400000| PB 0x000000070d400000| Untracked 
|  34|0x000000070d600000, 0x000000070d600000, 0x000000070d800000|  0%| F|  |TAMS 0x000000070d600000| PB 0x000000070d600000| Untracked 
|  35|0x000000070d800000, 0x000000070d800000, 0x000000070da00000|  0%| F|  |TAMS 0x000000070d800000| PB 0x000000070d800000| Untracked 
|  36|0x000000070da00000, 0x000000070da00000, 0x000000070dc00000|  0%| F|  |TAMS 0x000000070da00000| PB 0x000000070da00000| Untracked 
|  37|0x000000070dc00000, 0x000000070dc00000, 0x000000070de00000|  0%| F|  |TAMS 0x000000070dc00000| PB 0x000000070dc00000| Untracked 
|  38|0x000000070de00000, 0x000000070de00000, 0x000000070e000000|  0%| F|  |TAMS 0x000000070de00000| PB 0x000000070de00000| Untracked 
|  39|0x000000070e000000, 0x000000070e000000, 0x000000070e200000|  0%| F|  |TAMS 0x000000070e000000| PB 0x000000070e000000| Untracked 
|  40|0x000000070e200000, 0x000000070e200000, 0x000000070e400000|  0%| F|  |TAMS 0x000000070e200000| PB 0x000000070e200000| Untracked 
|  41|0x000000070e400000, 0x000000070e400000, 0x000000070e600000|  0%| F|  |TAMS 0x000000070e400000| PB 0x000000070e400000| Untracked 
|  42|0x000000070e600000, 0x000000070e600000, 0x000000070e800000|  0%| F|  |TAMS 0x000000070e600000| PB 0x000000070e600000| Untracked 
|  43|0x000000070e800000, 0x000000070e800000, 0x000000070ea00000|  0%| F|  |TAMS 0x000000070e800000| PB 0x000000070e800000| Untracked 
|  44|0x000000070ea00000, 0x000000070ea00000, 0x000000070ec00000|  0%| F|  |TAMS 0x000000070ea00000| PB 0x000000070ea00000| Untracked 
|  45|0x000000070ec00000, 0x000000070ec00000, 0x000000070ee00000|  0%| F|  |TAMS 0x000000070ec00000| PB 0x000000070ec00000| Untracked 
|  46|0x000000070ee00000, 0x000000070ee00000, 0x000000070f000000|  0%| F|  |TAMS 0x000000070ee00000| PB 0x000000070ee00000| Untracked 
|  47|0x000000070f000000, 0x000000070f000000, 0x000000070f200000|  0%| F|  |TAMS 0x000000070f000000| PB 0x000000070f000000| Untracked 
|  48|0x000000070f200000, 0x000000070f200000, 0x000000070f400000|  0%| F|  |TAMS 0x000000070f200000| PB 0x000000070f200000| Untracked 
|  49|0x000000070f400000, 0x000000070f400000, 0x000000070f600000|  0%| F|  |TAMS 0x000000070f400000| PB 0x000000070f400000| Untracked 
|  50|0x000000070f600000, 0x000000070f600000, 0x000000070f800000|  0%| F|  |TAMS 0x000000070f600000| PB 0x000000070f600000| Untracked 
|  51|0x000000070f800000, 0x000000070f800000, 0x000000070fa00000|  0%| F|  |TAMS 0x000000070f800000| PB 0x000000070f800000| Untracked 
|  52|0x000000070fa00000, 0x000000070fa00000, 0x000000070fc00000|  0%| F|  |TAMS 0x000000070fa00000| PB 0x000000070fa00000| Untracked 
|  53|0x000000070fc00000, 0x000000070fc00000, 0x000000070fe00000|  0%| F|  |TAMS 0x000000070fc00000| PB 0x000000070fc00000| Untracked 
|  54|0x000000070fe00000, 0x000000070fe00000, 0x0000000710000000|  0%| F|  |TAMS 0x000000070fe00000| PB 0x000000070fe00000| Untracked 
|  55|0x0000000710000000, 0x0000000710000000, 0x0000000710200000|  0%| F|  |TAMS 0x0000000710000000| PB 0x0000000710000000| Untracked 
|  56|0x0000000710200000, 0x0000000710200000, 0x0000000710400000|  0%| F|  |TAMS 0x0000000710200000| PB 0x0000000710200000| Untracked 
|  57|0x0000000710400000, 0x0000000710400000, 0x0000000710600000|  0%| F|  |TAMS 0x0000000710400000| PB 0x0000000710400000| Untracked 
|  58|0x0000000710600000, 0x0000000710600000, 0x0000000710800000|  0%| F|  |TAMS 0x0000000710600000| PB 0x0000000710600000| Untracked 
|  59|0x0000000710800000, 0x0000000710800000, 0x0000000710a00000|  0%| F|  |TAMS 0x0000000710800000| PB 0x0000000710800000| Untracked 
|  60|0x0000000710a00000, 0x0000000710a00000, 0x0000000710c00000|  0%| F|  |TAMS 0x0000000710a00000| PB 0x0000000710a00000| Untracked 
|  61|0x0000000710c00000, 0x0000000710c00000, 0x0000000710e00000|  0%| F|  |TAMS 0x0000000710c00000| PB 0x0000000710c00000| Untracked 
|  62|0x0000000710e00000, 0x0000000710e00000, 0x0000000711000000|  0%| F|  |TAMS 0x0000000710e00000| PB 0x0000000710e00000| Untracked 
|  63|0x0000000711000000, 0x0000000711000000, 0x0000000711200000|  0%| F|  |TAMS 0x0000000711000000| PB 0x0000000711000000| Untracked 
|  64|0x0000000711200000, 0x0000000711200000, 0x0000000711400000|  0%| F|  |TAMS 0x0000000711200000| PB 0x0000000711200000| Untracked 
|  65|0x0000000711400000, 0x0000000711400000, 0x0000000711600000|  0%| F|  |TAMS 0x0000000711400000| PB 0x0000000711400000| Untracked 
|  66|0x0000000711600000, 0x0000000711600000, 0x0000000711800000|  0%| F|  |TAMS 0x0000000711600000| PB 0x0000000711600000| Untracked 
|  67|0x0000000711800000, 0x0000000711800000, 0x0000000711a00000|  0%| F|  |TAMS 0x0000000711800000| PB 0x0000000711800000| Untracked 
|  68|0x0000000711a00000, 0x0000000711a00000, 0x0000000711c00000|  0%| F|  |TAMS 0x0000000711a00000| PB 0x0000000711a00000| Untracked 
|  69|0x0000000711c00000, 0x0000000711c00000, 0x0000000711e00000|  0%| F|  |TAMS 0x0000000711c00000| PB 0x0000000711c00000| Untracked 
|  70|0x0000000711e00000, 0x0000000711e00000, 0x0000000712000000|  0%| F|  |TAMS 0x0000000711e00000| PB 0x0000000711e00000| Untracked 
|  71|0x0000000712000000, 0x0000000712000000, 0x0000000712200000|  0%| F|  |TAMS 0x0000000712000000| PB 0x0000000712000000| Untracked 
|  72|0x0000000712200000, 0x0000000712200000, 0x0000000712400000|  0%| F|  |TAMS 0x0000000712200000| PB 0x0000000712200000| Untracked 
|  73|0x0000000712400000, 0x0000000712400000, 0x0000000712600000|  0%| F|  |TAMS 0x0000000712400000| PB 0x0000000712400000| Untracked 
|  74|0x0000000712600000, 0x0000000712600000, 0x0000000712800000|  0%| F|  |TAMS 0x0000000712600000| PB 0x0000000712600000| Untracked 
|  75|0x0000000712800000, 0x0000000712800000, 0x0000000712a00000|  0%| F|  |TAMS 0x0000000712800000| PB 0x0000000712800000| Untracked 
|  76|0x0000000712a00000, 0x0000000712a00000, 0x0000000712c00000|  0%| F|  |TAMS 0x0000000712a00000| PB 0x0000000712a00000| Untracked 
|  77|0x0000000712c00000, 0x0000000712c00000, 0x0000000712e00000|  0%| F|  |TAMS 0x0000000712c00000| PB 0x0000000712c00000| Untracked 
|  78|0x0000000712e00000, 0x0000000712e00000, 0x0000000713000000|  0%| F|  |TAMS 0x0000000712e00000| PB 0x0000000712e00000| Untracked 
|  79|0x0000000713000000, 0x0000000713000000, 0x0000000713200000|  0%| F|  |TAMS 0x0000000713000000| PB 0x0000000713000000| Untracked 
|  80|0x0000000713200000, 0x0000000713200000, 0x0000000713400000|  0%| F|  |TAMS 0x0000000713200000| PB 0x0000000713200000| Untracked 
|  81|0x0000000713400000, 0x0000000713400000, 0x0000000713600000|  0%| F|  |TAMS 0x0000000713400000| PB 0x0000000713400000| Untracked 
|  82|0x0000000713600000, 0x0000000713600000, 0x0000000713800000|  0%| F|  |TAMS 0x0000000713600000| PB 0x0000000713600000| Untracked 
|  83|0x0000000713800000, 0x0000000713800000, 0x0000000713a00000|  0%| F|  |TAMS 0x0000000713800000| PB 0x0000000713800000| Untracked 
|  84|0x0000000713a00000, 0x0000000713a00000, 0x0000000713c00000|  0%| F|  |TAMS 0x0000000713a00000| PB 0x0000000713a00000| Untracked 
|  85|0x0000000713c00000, 0x0000000713c00000, 0x0000000713e00000|  0%| F|  |TAMS 0x0000000713c00000| PB 0x0000000713c00000| Untracked 
|  86|0x0000000713e00000, 0x0000000713e00000, 0x0000000714000000|  0%| F|  |TAMS 0x0000000713e00000| PB 0x0000000713e00000| Untracked 
|  87|0x0000000714000000, 0x0000000714000000, 0x0000000714200000|  0%| F|  |TAMS 0x0000000714000000| PB 0x0000000714000000| Untracked 
|  88|0x0000000714200000, 0x0000000714200000, 0x0000000714400000|  0%| F|  |TAMS 0x0000000714200000| PB 0x0000000714200000| Untracked 
|  89|0x0000000714400000, 0x0000000714400000, 0x0000000714600000|  0%| F|  |TAMS 0x0000000714400000| PB 0x0000000714400000| Untracked 
|  90|0x0000000714600000, 0x0000000714600000, 0x0000000714800000|  0%| F|  |TAMS 0x0000000714600000| PB 0x0000000714600000| Untracked 
|  91|0x0000000714800000, 0x0000000714800000, 0x0000000714a00000|  0%| F|  |TAMS 0x0000000714800000| PB 0x0000000714800000| Untracked 
|  92|0x0000000714a00000, 0x0000000714a00000, 0x0000000714c00000|  0%| F|  |TAMS 0x0000000714a00000| PB 0x0000000714a00000| Untracked 
|  93|0x0000000714c00000, 0x0000000714c00000, 0x0000000714e00000|  0%| F|  |TAMS 0x0000000714c00000| PB 0x0000000714c00000| Untracked 
|  94|0x0000000714e00000, 0x0000000714e00000, 0x0000000715000000|  0%| F|  |TAMS 0x0000000714e00000| PB 0x0000000714e00000| Untracked 
|  95|0x0000000715000000, 0x0000000715000000, 0x0000000715200000|  0%| F|  |TAMS 0x0000000715000000| PB 0x0000000715000000| Untracked 
|  96|0x0000000715200000, 0x0000000715200000, 0x0000000715400000|  0%| F|  |TAMS 0x0000000715200000| PB 0x0000000715200000| Untracked 
|  97|0x0000000715400000, 0x0000000715400000, 0x0000000715600000|  0%| F|  |TAMS 0x0000000715400000| PB 0x0000000715400000| Untracked 
|  98|0x0000000715600000, 0x0000000715600000, 0x0000000715800000|  0%| F|  |TAMS 0x0000000715600000| PB 0x0000000715600000| Untracked 
|  99|0x0000000715800000, 0x0000000715800000, 0x0000000715a00000|  0%| F|  |TAMS 0x0000000715800000| PB 0x0000000715800000| Untracked 
| 100|0x0000000715a00000, 0x0000000715a00000, 0x0000000715c00000|  0%| F|  |TAMS 0x0000000715a00000| PB 0x0000000715a00000| Untracked 
| 101|0x0000000715c00000, 0x0000000715c00000, 0x0000000715e00000|  0%| F|  |TAMS 0x0000000715c00000| PB 0x0000000715c00000| Untracked 
| 102|0x0000000715e00000, 0x0000000715e00000, 0x0000000716000000|  0%| F|  |TAMS 0x0000000715e00000| PB 0x0000000715e00000| Untracked 
| 103|0x0000000716000000, 0x0000000716000000, 0x0000000716200000|  0%| F|  |TAMS 0x0000000716000000| PB 0x0000000716000000| Untracked 
| 104|0x0000000716200000, 0x0000000716200000, 0x0000000716400000|  0%| F|  |TAMS 0x0000000716200000| PB 0x0000000716200000| Untracked 
| 105|0x0000000716400000, 0x0000000716400000, 0x0000000716600000|  0%| F|  |TAMS 0x0000000716400000| PB 0x0000000716400000| Untracked 
| 106|0x0000000716600000, 0x0000000716600000, 0x0000000716800000|  0%| F|  |TAMS 0x0000000716600000| PB 0x0000000716600000| Untracked 
| 107|0x0000000716800000, 0x0000000716800000, 0x0000000716a00000|  0%| F|  |TAMS 0x0000000716800000| PB 0x0000000716800000| Untracked 
| 108|0x0000000716a00000, 0x0000000716a00000, 0x0000000716c00000|  0%| F|  |TAMS 0x0000000716a00000| PB 0x0000000716a00000| Untracked 
| 109|0x0000000716c00000, 0x0000000716c00000, 0x0000000716e00000|  0%| F|  |TAMS 0x0000000716c00000| PB 0x0000000716c00000| Untracked 
| 110|0x0000000716e00000, 0x0000000716e00000, 0x0000000717000000|  0%| F|  |TAMS 0x0000000716e00000| PB 0x0000000716e00000| Untracked 
| 111|0x0000000717000000, 0x0000000717000000, 0x0000000717200000|  0%| F|  |TAMS 0x0000000717000000| PB 0x0000000717000000| Untracked 
| 112|0x0000000717200000, 0x0000000717200000, 0x0000000717400000|  0%| F|  |TAMS 0x0000000717200000| PB 0x0000000717200000| Untracked 
| 113|0x0000000717400000, 0x0000000717400000, 0x0000000717600000|  0%| F|  |TAMS 0x0000000717400000| PB 0x0000000717400000| Untracked 
| 114|0x0000000717600000, 0x0000000717600000, 0x0000000717800000|  0%| F|  |TAMS 0x0000000717600000| PB 0x0000000717600000| Untracked 
| 115|0x0000000717800000, 0x0000000717978680, 0x0000000717a00000| 73%| S|CS|TAMS 0x0000000717800000| PB 0x0000000717800000| Complete 
| 116|0x0000000717a00000, 0x0000000717a00000, 0x0000000717c00000|  0%| F|  |TAMS 0x0000000717a00000| PB 0x0000000717a00000| Untracked 
| 117|0x0000000717c00000, 0x0000000717caed40, 0x0000000717e00000| 34%| E|  |TAMS 0x0000000717c00000| PB 0x0000000717c00000| Complete 
| 118|0x0000000717e00000, 0x0000000718000000, 0x0000000718000000|100%| E|CS|TAMS 0x0000000717e00000| PB 0x0000000717e00000| Complete 
| 119|0x0000000718000000, 0x0000000718200000, 0x0000000718200000|100%| E|CS|TAMS 0x0000000718000000| PB 0x0000000718000000| Complete 
| 120|0x0000000718200000, 0x0000000718400000, 0x0000000718400000|100%| E|CS|TAMS 0x0000000718200000| PB 0x0000000718200000| Complete 
| 121|0x0000000718400000, 0x0000000718600000, 0x0000000718600000|100%| E|CS|TAMS 0x0000000718400000| PB 0x0000000718400000| Complete 
| 122|0x0000000718600000, 0x0000000718800000, 0x0000000718800000|100%| E|CS|TAMS 0x0000000718600000| PB 0x0000000718600000| Complete 
| 123|0x0000000718800000, 0x0000000718a00000, 0x0000000718a00000|100%| E|CS|TAMS 0x0000000718800000| PB 0x0000000718800000| Complete 

Card table byte_map: [0x00000260ab940000,0x00000260ac100000] _byte_map_base: 0x00000260a80f7000

Marking Bits: (CMBitMap*) 0x0000026093793840
 Bits: [0x00000260ac100000, 0x00000260afeb8000)

Polling page: 0x0000026091530000

Metaspace:

Usage:
  Non-class:      9.76 MB used.
      Class:      1.39 MB used.
       Both:     11.15 MB used.

Virtual space:
  Non-class space:       64.00 MB reserved,       9.88 MB ( 15%) committed,  1 nodes.
      Class space:        1.00 GB reserved,       1.50 MB ( <1%) committed,  1 nodes.
             Both:        1.06 GB reserved,      11.38 MB (  1%) committed. 

Chunk freelists:
   Non-Class:  5.88 MB
       Class:  14.53 MB
        Both:  20.41 MB

MaxMetaspaceSize: unlimited
CompressedClassSpaceSize: 1.00 GB
Initial GC threshold: 21.00 MB
Current GC threshold: 21.00 MB
CDS: on
 - commit_granule_bytes: 65536.
 - commit_granule_words: 8192.
 - virtual_space_node_default_size: 8388608.
 - enlarge_chunks_in_place: 1.
 - use_allocation_guard: 0.


Internal statistics:

num_allocs_failed_limit: 0.
num_arena_births: 198.
num_arena_deaths: 0.
num_vsnodes_births: 2.
num_vsnodes_deaths: 0.
num_space_committed: 182.
num_space_uncommitted: 0.
num_chunks_returned_to_freelist: 0.
num_chunks_taken_from_freelist: 611.
num_chunk_merges: 0.
num_chunk_splits: 359.
num_chunks_enlarged: 227.
num_inconsistent_stats: 0.

CodeHeap 'non-profiled nmethods': size=120000Kb used=713Kb max_used=713Kb free=119286Kb
 bounds [0x00000260a3920000, 0x00000260a3b90000, 0x00000260aae50000]
CodeHeap 'profiled nmethods': size=120000Kb used=3429Kb max_used=3429Kb free=116571Kb
 bounds [0x000002609be50000, 0x000002609c1b0000, 0x00000260a3380000]
CodeHeap 'non-nmethods': size=5760Kb used=1335Kb max_used=1356Kb free=4424Kb
 bounds [0x00000260a3380000, 0x00000260a35f0000, 0x00000260a3920000]
CodeCache: size=245760Kb, used=5477Kb, max_used=5498Kb, free=240281Kb
 total_blobs=2318, nmethods=1819, adapters=404, full_count=0
Compilation: enabled, stopped_count=0, restarted_count=0

Compilation events (20 events):
Event: 2.013 Thread 0x00000260b28fa180 nmethod 1787 0x000002609c191d10 code [0x000002609c191ec0, 0x000002609c1920f8]
Event: 2.013 Thread 0x00000260b28fa180 1788       3       java.util.RegularEnumSet::add (40 bytes)
Event: 2.014 Thread 0x00000260b28fa180 nmethod 1788 0x000002609c192190 code [0x000002609c192340, 0x000002609c192520]
Event: 2.014 Thread 0x00000260b28fa180 1789       3       java.util.EnumSet::typeCheck (59 bytes)
Event: 2.014 Thread 0x00000260b28fa180 nmethod 1789 0x000002609c192610 code [0x000002609c1928c0, 0x000002609c193300]
Event: 2.020 Thread 0x00000260b28fa180 1791   !   3       sun.reflect.generics.factory.CoreReflectionFactory::makeNamedType (21 bytes)
Event: 2.021 Thread 0x00000260b28fa180 nmethod 1791 0x000002609c193710 code [0x000002609c1938e0, 0x000002609c193b78]
Event: 2.021 Thread 0x00000260b28fa180 1792       3       sun.reflect.generics.factory.CoreReflectionFactory::getDeclsLoader (85 bytes)
Event: 2.022 Thread 0x00000260b28fa180 nmethod 1792 0x000002609c193d10 code [0x000002609c193f60, 0x000002609c194b08]
Event: 2.022 Thread 0x00000260b28fa180 1793       3       sun.reflect.generics.tree.ClassTypeSignature::accept (8 bytes)
Event: 2.022 Thread 0x00000260b28fa180 nmethod 1793 0x000002609c194d90 code [0x000002609c194f40, 0x000002609c1950d0]
Event: 2.022 Thread 0x00000260b28fa180 1794       3       sun.reflect.generics.visitor.Reifier::visitClassTypeSignature (381 bytes)
Event: 2.022 Thread 0x00000260b28f8cd0 1795       4       sun.reflect.generics.parser.SignatureParser::skipIdentifier (67 bytes)
Event: 2.025 Thread 0x00000260b28fa180 nmethod 1794 0x000002609c195210 code [0x000002609c195620, 0x000002609c197108]
Event: 2.031 Thread 0x00000260b28f8cd0 nmethod 1795 0x00000260a39d0190 code [0x00000260a39d0360, 0x00000260a39d0738]
Event: 2.031 Thread 0x00000260b28f8cd0 1796       4       sun.reflect.generics.parser.SignatureParser::current (59 bytes)
Event: 2.033 Thread 0x00000260b28f8cd0 nmethod 1796 0x00000260a39d0b10 code [0x00000260a39d0cc0, 0x00000260a39d0e28]
Event: 2.049 Thread 0x00000260b28fa180 1797       3       jdk.internal.misc.Unsafe::weakCompareAndSetInt (11 bytes)
Event: 2.049 Thread 0x00000260b28fa180 nmethod 1797 0x000002609c197a90 code [0x000002609c197c20, 0x000002609c197d48]
Event: 2.049 Thread 0x00000260b28fa180 1798       3       java.lang.invoke.VarHandleGuards::guard_LL_V (123 bytes)

GC Heap History (4 events):
Event: 0.946 GC heap before
{Heap before GC invocations=0 (full 0):
 garbage-first heap   total 253952K, used 20480K [0x0000000709200000, 0x0000000800000000)
  region size 2048K, 11 young (22528K), 0 survivors (0K)
 Metaspace       used 3437K, committed 3648K, reserved 1114112K
  class space    used 344K, committed 448K, reserved 1048576K
}
Event: 0.957 GC heap after
{Heap after GC invocations=1 (full 0):
 garbage-first heap   total 253952K, used 9966K [0x0000000709200000, 0x0000000800000000)
  region size 2048K, 2 young (4096K), 2 survivors (4096K)
 Metaspace       used 3437K, committed 3648K, reserved 1114112K
  class space    used 344K, committed 448K, reserved 1048576K
}
Event: 1.621 GC heap before
{Heap before GC invocations=1 (full 0):
 garbage-first heap   total 253952K, used 26350K [0x0000000709200000, 0x0000000800000000)
  region size 2048K, 10 young (20480K), 2 survivors (4096K)
 Metaspace       used 8050K, committed 8320K, reserved 1114112K
  class space    used 988K, committed 1088K, reserved 1048576K
}
Event: 1.626 GC heap after
{Heap after GC invocations=2 (full 0):
 garbage-first heap   total 253952K, used 11731K [0x0000000709200000, 0x0000000800000000)
  region size 2048K, 1 young (2048K), 1 survivors (2048K)
 Metaspace       used 8050K, committed 8320K, reserved 1114112K
  class space    used 988K, committed 1088K, reserved 1048576K
}

Dll operation events (8 events):
Event: 0.012 Loaded shared library C:\Program Files\Eclipse Adoptium\jdk-21.0.9.10-hotspot\bin\java.dll
Event: 0.073 Loaded shared library C:\Program Files\Eclipse Adoptium\jdk-21.0.9.10-hotspot\bin\jsvml.dll
Event: 0.109 Loaded shared library C:\Program Files\Eclipse Adoptium\jdk-21.0.9.10-hotspot\bin\net.dll
Event: 0.112 Loaded shared library C:\Program Files\Eclipse Adoptium\jdk-21.0.9.10-hotspot\bin\nio.dll
Event: 0.115 Loaded shared library C:\Program Files\Eclipse Adoptium\jdk-21.0.9.10-hotspot\bin\zip.dll
Event: 0.238 Loaded shared library C:\Program Files\Eclipse Adoptium\jdk-21.0.9.10-hotspot\bin\management.dll
Event: 0.248 Loaded shared library C:\Program Files\Eclipse Adoptium\jdk-21.0.9.10-hotspot\bin\management_ext.dll
Event: 0.294 Loaded shared library C:\Program Files\Eclipse Adoptium\jdk-21.0.9.10-hotspot\bin\jimage.dll

Deoptimization events (20 events):
Event: 1.968 Thread 0x00000260915949f0 Uncommon trap: trap_request=0xffffff45 fr.pc=0x00000260a398283c relative=0x00000000000000fc
Event: 1.968 Thread 0x00000260915949f0 Uncommon trap: reason=unstable_if action=reinterpret pc=0x00000260a398283c method=sun.reflect.generics.parser.SignatureParser.current()C @ 39 c2
Event: 1.968 Thread 0x00000260915949f0 DEOPT PACKING pc=0x00000260a398283c sp=0x000000fd947fb730
Event: 1.968 Thread 0x00000260915949f0 DEOPT UNPACKING pc=0x00000260a33d4422 sp=0x000000fd947fb6c8 mode 2
Event: 1.977 Thread 0x00000260915949f0 Uncommon trap: trap_request=0xffffffde fr.pc=0x00000260a39cde5c relative=0x000000000000013c
Event: 1.977 Thread 0x00000260915949f0 Uncommon trap: reason=class_check action=maybe_recompile pc=0x00000260a39cde5c method=jdk.internal.misc.Unsafe.allocateUninitializedArray(Ljava/lang/Class;I)Ljava/lang/Object; @ 51 c2
Event: 1.977 Thread 0x00000260915949f0 DEOPT PACKING pc=0x00000260a39cde5c sp=0x000000fd947fbd60
Event: 1.977 Thread 0x00000260915949f0 DEOPT UNPACKING pc=0x00000260a33d4422 sp=0x000000fd947fbcd8 mode 2
Event: 1.977 Thread 0x00000260915949f0 Uncommon trap: trap_request=0xffffffde fr.pc=0x00000260a39cde5c relative=0x000000000000013c
Event: 1.977 Thread 0x00000260915949f0 Uncommon trap: reason=class_check action=maybe_recompile pc=0x00000260a39cde5c method=jdk.internal.misc.Unsafe.allocateUninitializedArray(Ljava/lang/Class;I)Ljava/lang/Object; @ 51 c2
Event: 1.977 Thread 0x00000260915949f0 DEOPT PACKING pc=0x00000260a39cde5c sp=0x000000fd947fb770
Event: 1.977 Thread 0x00000260915949f0 DEOPT UNPACKING pc=0x00000260a33d4422 sp=0x000000fd947fb6e8 mode 2
Event: 1.977 Thread 0x00000260915949f0 Uncommon trap: trap_request=0xffffffde fr.pc=0x00000260a39cde5c relative=0x000000000000013c
Event: 1.977 Thread 0x00000260915949f0 Uncommon trap: reason=class_check action=maybe_recompile pc=0x00000260a39cde5c method=jdk.internal.misc.Unsafe.allocateUninitializedArray(Ljava/lang/Class;I)Ljava/lang/Object; @ 51 c2
Event: 1.977 Thread 0x00000260915949f0 DEOPT PACKING pc=0x00000260a39cde5c sp=0x000000fd947fb770
Event: 1.977 Thread 0x00000260915949f0 DEOPT UNPACKING pc=0x00000260a33d4422 sp=0x000000fd947fb6e8 mode 2
Event: 1.977 Thread 0x00000260915949f0 Uncommon trap: trap_request=0xffffffde fr.pc=0x00000260a39cde5c relative=0x000000000000013c
Event: 1.977 Thread 0x00000260915949f0 Uncommon trap: reason=class_check action=maybe_recompile pc=0x00000260a39cde5c method=jdk.internal.misc.Unsafe.allocateUninitializedArray(Ljava/lang/Class;I)Ljava/lang/Object; @ 51 c2
Event: 1.977 Thread 0x00000260915949f0 DEOPT PACKING pc=0x00000260a39cde5c sp=0x000000fd947fb920
Event: 1.977 Thread 0x00000260915949f0 DEOPT UNPACKING pc=0x00000260a33d4422 sp=0x000000fd947fb898 mode 2

Classes loaded (20 events):
Event: 2.024 Loading class java/time/OffsetDateTime
Event: 2.024 Loading class java/time/OffsetDateTime done
Event: 2.039 Loading class java/time/format/FormatStyle
Event: 2.039 Loading class java/time/format/FormatStyle done
Event: 2.039 Loading class java/time/format/DateTimeFormatterBuilder$LocalizedPrinterParser
Event: 2.039 Loading class java/time/format/DateTimeFormatterBuilder$LocalizedPrinterParser done
Event: 2.041 Loading class java/time/format/DateTimeParseException
Event: 2.041 Loading class java/time/DateTimeException
Event: 2.041 Loading class java/time/DateTimeException done
Event: 2.041 Loading class java/time/format/DateTimeParseException done
Event: 2.043 Loading class java/time/OffsetTime
Event: 2.043 Loading class java/time/OffsetTime done
Event: 2.047 Loading class java/time/Year
Event: 2.047 Loading class java/time/Year done
Event: 2.048 Loading class java/time/Month
Event: 2.048 Loading class java/time/Month done
Event: 2.049 Loading class java/time/YearMonth
Event: 2.049 Loading class java/time/YearMonth done
Event: 2.049 Loading class java/time/MonthDay
Event: 2.049 Loading class java/time/MonthDay done

Classes unloaded (0 events):
No events

Classes redefined (0 events):
No events

Internal exceptions (20 events):
Event: 1.260 Thread 0x00000260915949f0 Exception <a 'java/lang/IncompatibleClassChangeError'{0x0000000718269858}: Found class java.lang.Object, but interface was expected> (0x0000000718269858) 
thrown [s\src\hotspot\share\interpreter\linkResolver.cpp, line 840]
Event: 1.265 Thread 0x00000260915949f0 Exception <a 'java/lang/NoSuchMethodError'{0x000000071828b590}: 'void java.lang.invoke.DirectMethodHandle$Holder.invokeStatic(java.lang.Object, java.lang.Object, java.lang.Object, java.lang.Object)'> (0x000000071828b590) 
thrown [s\src\hotspot\share\interpreter\linkResolver.cpp, line 773]
Event: 1.287 Thread 0x00000260915949f0 Exception <a 'java/lang/NoSuchMethodError'{0x000000071830d238}: 'java.lang.Object java.lang.invoke.Invokers$Holder.invokeExact_MT(java.lang.Object, java.lang.Object, java.lang.Object, java.lang.Object, java.lang.Object, java.lang.Object)'> (0x000000071830d238) 
thrown [s\src\hotspot\share\interpreter\linkResolver.cpp, line 773]
Event: 1.289 Thread 0x00000260915949f0 Exception <a 'java/lang/NoSuchMethodError'{0x000000071831ae60}: 'int java.lang.invoke.DirectMethodHandle$Holder.invokeStatic(java.lang.Object, java.lang.Object, java.lang.Object, java.lang.Object, java.lang.Object)'> (0x000000071831ae60) 
thrown [s\src\hotspot\share\interpreter\linkResolver.cpp, line 773]
Event: 1.326 Thread 0x00000260915949f0 Exception <a 'java/lang/NoSuchMethodError'{0x0000000718033da0}: 'void java.lang.invoke.DirectMethodHandle$Holder.invokeStaticInit(java.lang.Object, java.lang.Object, java.lang.Object, java.lang.Object)'> (0x0000000718033da0) 
thrown [s\src\hotspot\share\interpreter\linkResolver.cpp, line 773]
Event: 1.343 Thread 0x00000260915949f0 Exception <a 'java/lang/NoSuchMethodError'{0x00000007180a2a68}: 'int java.lang.invoke.DirectMethodHandle$Holder.invokeStaticInit(java.lang.Object, java.lang.Object)'> (0x00000007180a2a68) 
thrown [s\src\hotspot\share\interpreter\linkResolver.cpp, line 773]
Event: 1.389 Thread 0x00000260915949f0 Exception <a 'java/lang/NoSuchMethodError'{0x00000007181d0bb0}: 'java.lang.Object java.lang.invoke.DirectMethodHandle$Holder.newInvokeSpecial(java.lang.Object, java.lang.Object, int)'> (0x00000007181d0bb0) 
thrown [s\src\hotspot\share\interpreter\linkResolver.cpp, line 773]
Event: 1.481 Thread 0x00000260915949f0 Exception <a 'java/lang/NoSuchMethodError'{0x0000000717c29ce8}: 'java.lang.Object java.lang.invoke.DirectMethodHandle$Holder.invokeSpecial(java.lang.Object, java.lang.Object, java.lang.Object, long, java.lang.Object)'> (0x0000000717c29ce8) 
thrown [s\src\hotspot\share\interpreter\linkResolver.cpp, line 773]
Event: 1.482 Thread 0x00000260915949f0 Exception <a 'java/lang/NoSuchMethodError'{0x0000000717c2dbb8}: 'java.lang.Object java.lang.invoke.Invokers$Holder.linkToTargetMethod(java.lang.Object, long, java.lang.Object, java.lang.Object)'> (0x0000000717c2dbb8) 
thrown [s\src\hotspot\share\interpreter\linkResolver.cpp, line 773]
Event: 1.511 Thread 0x00000260915949f0 Implicit null exception at 0x00000260a39968e6 to 0x00000260a3996992
Event: 1.610 Thread 0x00000260915949f0 Exception <a 'java/lang/NoSuchMethodError'{0x0000000717bb3658}: 'int java.lang.invoke.DirectMethodHandle$Holder.invokeStaticInit(java.lang.Object, java.lang.Object, java.lang.Object)'> (0x0000000717bb3658) 
thrown [s\src\hotspot\share\interpreter\linkResolver.cpp, line 773]
Event: 1.650 Thread 0x00000260915949f0 Exception <a 'java/lang/NoSuchMethodError'{0x00000007188ae3e8}: 'int java.lang.invoke.DirectMethodHandle$Holder.invokeInterface(java.lang.Object, java.lang.Object)'> (0x00000007188ae3e8) 
thrown [s\src\hotspot\share\interpreter\linkResolver.cpp, line 773]
Event: 1.680 Thread 0x00000260915949f0 Exception <a 'java/lang/NoSuchMethodError'{0x0000000718985b18}: 'void java.lang.invoke.DirectMethodHandle$Holder.invokeStatic(java.lang.Object, java.lang.Object)'> (0x0000000718985b18) 
thrown [s\src\hotspot\share\interpreter\linkResolver.cpp, line 773]
Event: 1.681 Thread 0x00000260915949f0 Exception <a 'java/lang/NoSuchMethodError'{0x0000000718989420}: 'void java.lang.invoke.DirectMethodHandle$Holder.invokeStaticInit(java.lang.Object, java.lang.Object)'> (0x0000000718989420) 
thrown [s\src\hotspot\share\interpreter\linkResolver.cpp, line 773]
Event: 1.709 Thread 0x00000260915949f0 Exception <a 'java/lang/NoSuchMethodError'{0x0000000718640920}: 'int java.lang.invoke.DirectMethodHandle$Holder.invokeVirtual(java.lang.Object, java.lang.Object, java.lang.Object)'> (0x0000000718640920) 
thrown [s\src\hotspot\share\interpreter\linkResolver.cpp, line 773]
Event: 1.757 Thread 0x00000260915949f0 Exception <a 'java/lang/IncompatibleClassChangeError'{0x00000007187d8bd0}: Found class java.lang.Object, but interface was expected> (0x00000007187d8bd0) 
thrown [s\src\hotspot\share\interpreter\linkResolver.cpp, line 840]
Event: 1.800 Thread 0x00000260915949f0 Exception <a 'java/lang/NoSuchMethodError'{0x00000007185021b0}: 'int java.lang.invoke.DirectMethodHandle$Holder.invokeSpecial(java.lang.Object, java.lang.Object, java.lang.Object, java.lang.Object)'> (0x00000007185021b0) 
thrown [s\src\hotspot\share\interpreter\linkResolver.cpp, line 773]
Event: 1.820 Thread 0x00000260915949f0 Exception <a 'java/lang/NoSuchMethodError'{0x000000071851d6a8}: 'int java.lang.invoke.DirectMethodHandle$Holder.invokeSpecial(java.lang.Object, java.lang.Object, java.lang.Object, java.lang.Object, java.lang.Object)'> (0x000000071851d6a8) 
thrown [s\src\hotspot\share\interpreter\linkResolver.cpp, line 773]
Event: 1.823 Thread 0x00000260915949f0 Exception <a 'java/lang/NoSuchMethodError'{0x0000000718525f88}: 'void java.lang.invoke.DirectMethodHandle$Holder.invokeVirtual(java.lang.Object, java.lang.Object)'> (0x0000000718525f88) 
thrown [s\src\hotspot\share\interpreter\linkResolver.cpp, line 773]
Event: 1.931 Thread 0x00000260915949f0 Exception <a 'java/lang/NoSuchMethodError'{0x0000000718099f00}: 'void java.lang.invoke.DirectMethodHandle$Holder.invokeVirtual(java.lang.Object, java.lang.Object, java.lang.Object, java.lang.Object)'> (0x0000000718099f00) 
thrown [s\src\hotspot\share\interpreter\linkResolver.cpp, line 773]

ZGC Phase Switch (0 events):
No events

VM Operations (20 events):
Event: 0.869 Executing VM operation: HandshakeAllThreads (Deoptimize)
Event: 0.869 Executing VM operation: HandshakeAllThreads (Deoptimize) done
Event: 0.946 Executing VM operation: G1CollectForAllocation (G1 Evacuation Pause)
Event: 0.957 Executing VM operation: G1CollectForAllocation (G1 Evacuation Pause) done
Event: 1.016 Executing VM operation: HandshakeAllThreads (Deoptimize)
Event: 1.016 Executing VM operation: HandshakeAllThreads (Deoptimize) done
Event: 1.027 Executing VM operation: HandshakeAllThreads (Deoptimize)
Event: 1.027 Executing VM operation: HandshakeAllThreads (Deoptimize) done
Event: 1.225 Executing VM operation: HandshakeAllThreads (Deoptimize)
Event: 1.225 Executing VM operation: HandshakeAllThreads (Deoptimize) done
Event: 1.233 Executing VM operation: HandshakeAllThreads (Deoptimize)
Event: 1.233 Executing VM operation: HandshakeAllThreads (Deoptimize) done
Event: 1.426 Executing VM operation: HandshakeAllThreads (Deoptimize)
Event: 1.427 Executing VM operation: HandshakeAllThreads (Deoptimize) done
Event: 1.621 Executing VM operation: G1CollectForAllocation (G1 Evacuation Pause)
Event: 1.626 Executing VM operation: G1CollectForAllocation (G1 Evacuation Pause) done
Event: 1.771 Executing VM operation: HandshakeAllThreads (Deoptimize)
Event: 1.771 Executing VM operation: HandshakeAllThreads (Deoptimize) done
Event: 1.926 Executing VM operation: HandshakeAllThreads (Deoptimize)
Event: 1.926 Executing VM operation: HandshakeAllThreads (Deoptimize) done

Memory protections (0 events):
No events

Nmethod flushes (0 events):
No events

Events (14 events):
Event: 0.040 Thread 0x00000260915949f0 Thread added: 0x00000260915949f0
Event: 0.069 Thread 0x00000260915949f0 Thread added: 0x00000260b28f1c70
Event: 0.069 Thread 0x00000260915949f0 Thread added: 0x00000260b28f26c0
Event: 0.069 Thread 0x00000260915949f0 Thread added: 0x00000260b28f38b0
Event: 0.070 Thread 0x00000260915949f0 Thread added: 0x00000260b28f4300
Event: 0.070 Thread 0x00000260915949f0 Thread added: 0x00000260b28f7500
Event: 0.070 Thread 0x00000260915949f0 Thread added: 0x00000260b28f7f50
Event: 0.070 Thread 0x00000260915949f0 Thread added: 0x00000260b28f8cd0
Event: 0.070 Thread 0x00000260915949f0 Thread added: 0x00000260b28fa180
Event: 0.103 Thread 0x00000260915949f0 Thread added: 0x00000260b2a3a540
Event: 0.105 Thread 0x00000260915949f0 Thread added: 0x00000260b2a42d80
Event: 0.339 Thread 0x00000260b28f8cd0 Thread added: 0x00000260b2cbc190
Event: 0.510 Thread 0x00000260915949f0 Thread added: 0x00000260f833b1e0
Event: 0.529 Thread 0x00000260915949f0 Thread added: 0x00000260f82f5c90


Dynamic libraries:
0x00007ff7837d0000 - 0x00007ff7837de000 	C:\Program Files\Eclipse Adoptium\jdk-21.0.9.10-hotspot\bin\java.exe
0x00007ffb3c330000 - 0x00007ffb3c525000 	C:\Windows\SYSTEM32\ntdll.dll
0x00007ffb3a470000 - 0x00007ffb3a52e000 	C:\Windows\System32\KERNEL32.DLL
0x00007ffb39ed0000 - 0x00007ffb3a198000 	C:\Windows\System32\KERNELBASE.dll
0x00007ffb39a40000 - 0x00007ffb39b40000 	C:\Windows\System32\ucrtbase.dll
0x00007ffaccfb0000 - 0x00007ffaccfce000 	C:\Program Files\Eclipse Adoptium\jdk-21.0.9.10-hotspot\bin\VCRUNTIME140.dll
0x00007ffaccb60000 - 0x00007ffaccb78000 	C:\Program Files\Eclipse Adoptium\jdk-21.0.9.10-hotspot\bin\jli.dll
0x00007ffb3b380000 - 0x00007ffb3b520000 	C:\Windows\System32\USER32.dll
0x00007ffb21640000 - 0x00007ffb218da000 	C:\Windows\WinSxS\amd64_microsoft.windows.common-controls_6595b64144ccf1df_6.0.19041.1110_none_60b5254171f9507e\COMCTL32.dll
0x00007ffb39ea0000 - 0x00007ffb39ec2000 	C:\Windows\System32\win32u.dll
0x00007ffb3b1a0000 - 0x00007ffb3b23e000 	C:\Windows\System32\msvcrt.dll
0x00007ffb3b5b0000 - 0x00007ffb3b5db000 	C:\Windows\System32\GDI32.dll
0x00007ffb39d90000 - 0x00007ffb39e9d000 	C:\Windows\System32\gdi32full.dll
0x00007ffb39cf0000 - 0x00007ffb39d8d000 	C:\Windows\System32\msvcp_win.dll
0x00007ffb3bbf0000 - 0x00007ffb3bc20000 	C:\Windows\System32\IMM32.DLL
0x00007ffb13360000 - 0x00007ffb1336c000 	C:\Program Files\Eclipse Adoptium\jdk-21.0.9.10-hotspot\bin\vcruntime140_1.dll
0x00007ffabe160000 - 0x00007ffabe1ed000 	C:\Program Files\Eclipse Adoptium\jdk-21.0.9.10-hotspot\bin\msvcp140.dll
0x00007ffab18f0000 - 0x00007ffab2690000 	C:\Program Files\Eclipse Adoptium\jdk-21.0.9.10-hotspot\bin\server\jvm.dll
0x00007ffb3a870000 - 0x00007ffb3a91e000 	C:\Windows\System32\ADVAPI32.dll
0x00007ffb3b240000 - 0x00007ffb3b2dc000 	C:\Windows\System32\sechost.dll
0x00007ffb3a920000 - 0x00007ffb3aa45000 	C:\Windows\System32\RPCRT4.dll
0x00007ffb3b2e0000 - 0x00007ffb3b34b000 	C:\Windows\System32\WS2_32.dll
0x00007ffb398b0000 - 0x00007ffb398fb000 	C:\Windows\SYSTEM32\POWRPROF.dll
0x00007ffb1f300000 - 0x00007ffb1f327000 	C:\Windows\SYSTEM32\WINMM.dll
0x00007ffb30d10000 - 0x00007ffb30d1a000 	C:\Windows\SYSTEM32\VERSION.dll
0x00007ffb397e0000 - 0x00007ffb397f2000 	C:\Windows\SYSTEM32\UMPDC.dll
0x00007ffb38280000 - 0x00007ffb38292000 	C:\Windows\SYSTEM32\kernel.appcore.dll
0x00007ffb128e0000 - 0x00007ffb128ea000 	C:\Program Files\Eclipse Adoptium\jdk-21.0.9.10-hotspot\bin\jimage.dll
0x00007ffb34650000 - 0x00007ffb34834000 	C:\Windows\SYSTEM32\DBGHELP.DLL
0x00007ffb1e4d0000 - 0x00007ffb1e4fc000 	C:\Windows\SYSTEM32\dbgcore.DLL
0x00007ffb3a2f0000 - 0x00007ffb3a372000 	C:\Windows\System32\bcryptPrimitives.dll
0x00007ffabee00000 - 0x00007ffabee20000 	C:\Program Files\Eclipse Adoptium\jdk-21.0.9.10-hotspot\bin\java.dll
0x00007ffb3aa50000 - 0x00007ffb3b194000 	C:\Windows\System32\SHELL32.dll
0x00007ffb37ad0000 - 0x00007ffb38264000 	C:\Windows\SYSTEM32\windows.storage.dll
0x00007ffb3b6b0000 - 0x00007ffb3ba05000 	C:\Windows\System32\combase.dll
0x00007ffb392e0000 - 0x00007ffb3930e000 	C:\Windows\SYSTEM32\Wldp.dll
0x00007ffb3bd40000 - 0x00007ffb3bded000 	C:\Windows\System32\SHCORE.dll
0x00007ffb3ba10000 - 0x00007ffb3ba65000 	C:\Windows\System32\shlwapi.dll
0x00007ffb39980000 - 0x00007ffb3999f000 	C:\Windows\SYSTEM32\profapi.dll
0x00007ffab7b80000 - 0x00007ffab7c57000 	C:\Program Files\Eclipse Adoptium\jdk-21.0.9.10-hotspot\bin\jsvml.dll
0x00007ffb11cd0000 - 0x00007ffb11ce0000 	C:\Program Files\Eclipse Adoptium\jdk-21.0.9.10-hotspot\bin\net.dll
0x00007ffb30430000 - 0x00007ffb3053c000 	C:\Windows\SYSTEM32\WINHTTP.dll
0x00007ffb390c0000 - 0x00007ffb3912a000 	C:\Windows\system32\mswsock.dll
0x00007ffabedb0000 - 0x00007ffabedc6000 	C:\Program Files\Eclipse Adoptium\jdk-21.0.9.10-hotspot\bin\nio.dll
0x00007ffabe9e0000 - 0x00007ffabe9f8000 	C:\Program Files\Eclipse Adoptium\jdk-21.0.9.10-hotspot\bin\zip.dll
0x00007ffb31b50000 - 0x00007ffb31b5a000 	C:\Program Files\Eclipse Adoptium\jdk-21.0.9.10-hotspot\bin\management.dll
0x00007ffb31b40000 - 0x00007ffb31b4c000 	C:\Program Files\Eclipse Adoptium\jdk-21.0.9.10-hotspot\bin\management_ext.dll
0x00007ffb3bd30000 - 0x00007ffb3bd38000 	C:\Windows\System32\PSAPI.DLL

JVMTI agents: none

dbghelp: loaded successfully - version: 4.0.5 - missing functions: none
symbol engine: initialized successfully - sym options: 0x614 - pdb path: .;C:\Program Files\Eclipse Adoptium\jdk-21.0.9.10-hotspot\bin;C:\Windows\SYSTEM32;C:\Windows\WinSxS\amd64_microsoft.windows.common-controls_6595b64144ccf1df_6.0.19041.1110_none_60b5254171f9507e;C:\Program Files\Eclipse Adoptium\jdk-21.0.9.10-hotspot\bin\server

VM Arguments:
java_command: C:\Users\MyPC\AppData\Local\Temp\surefire1388329246326384262\surefirebooter-20251121224358931_3.jar C:\Users\MyPC\AppData\Local\Temp\surefire1388329246326384262 2025-11-21T22-43-58_740-jvmRun1 surefire-20251121224358931_1tmp surefire_0-20251121224358931_2tmp
java_class_path (initial): C:\Users\MyPC\AppData\Local\Temp\surefire1388329246326384262\surefirebooter-20251121224358931_3.jar
Launcher Type: SUN_STANDARD

[Global flags]
     intx CICompilerCount                          = 4                                         {product} {ergonomic}
     uint ConcGCThreads                            = 2                                         {product} {ergonomic}
     uint G1ConcRefinementThreads                  = 8                                         {product} {ergonomic}
   size_t G1HeapRegionSize                         = 2097152                                   {product} {ergonomic}
    uintx GCDrainStackTargetSize                   = 64                                        {product} {ergonomic}
   size_t InitialHeapSize                          = 260046848                                 {product} {ergonomic}
   size_t MarkStackSize                            = 4194304                                   {product} {ergonomic}
   size_t MaxHeapSize                              = 4141875200                                {product} {ergonomic}
   size_t MaxNewSize                               = 2485125120                                {product} {ergonomic}
   size_t MinHeapDeltaBytes                        = 2097152                                   {product} {ergonomic}
   size_t MinHeapSize                              = 8388608                                   {product} {ergonomic}
    uintx NonNMethodCodeHeapSize                   = 5839372                                {pd product} {ergonomic}
    uintx NonProfiledCodeHeapSize                  = 122909434                              {pd product} {ergonomic}
    uintx ProfiledCodeHeapSize                     = 122909434                              {pd product} {ergonomic}
    uintx ReservedCodeCacheSize                    = 251658240                              {pd product} {ergonomic}
     bool SegmentedCodeCache                       = true                                      {product} {ergonomic}
   size_t SoftMaxHeapSize                          = 4141875200                             {manageable} {ergonomic}
     bool UseCompressedOops                        = true                           {product lp64_product} {ergonomic}
     bool UseG1GC                                  = true                                      {product} {ergonomic}
     bool UseLargePagesIndividualAllocation        = false                                  {pd product} {ergonomic}

Logging:
Log output configuration:
 #0: stdout all=warning uptime,level,tags foldmultilines=false
 #1: stderr all=off uptime,level,tags foldmultilines=false

Release file:
IMPLEMENTOR="Eclipse Adoptium" 
IMPLEMENTOR_VERSION="Temurin-21.0.9+10" 
JAVA_RUNTIME_VERSION="21.0.9+10-LTS" 
JAVA_VERSION="21.0.9" 
JAVA_VERSION_DATE="2025-10-21" 
LIBC="default" 
MODULES="java.base java.compiler java.datatransfer java.xml java.prefs java.desktop java.instrument java.logging java.management java.security.sasl java.naming java.rmi java.management.rmi java.net.http java.scripting java.security.jgss java.transaction.xa java.sql java.sql.rowset java.xml.crypto java.se java.smartcardio jdk.accessibility jdk.internal.jvmstat jdk.attach jdk.charsets jdk.internal.opt jdk.zipfs jdk.compiler jdk.crypto.ec jdk.crypto.cryptoki jdk.crypto.mscapi jdk.dynalink jdk.internal.ed jdk.editpad jdk.hotspot.agent jdk.httpserver jdk.incubator.vector jdk.internal.le jdk.internal.vm.ci jdk.internal.vm.compiler jdk.internal.vm.compiler.management jdk.jartool jdk.javadoc jdk.jcmd jdk.management jdk.management.agent jdk.jconsole jdk.jdeps jdk.jdwp.agent jdk.jdi jdk.jfr jdk.jlink jdk.jpackage jdk.jshell jdk.jsobject jdk.jstatd jdk.localedata jdk.management.jfr jdk.naming.dns jdk.naming.rmi jdk.net jdk.nio.mapmode jdk.random jdk.sctp jdk.security.auth jdk.security.jgss jdk.unsupported jdk.unsupported.desktop jdk.xml.dom" 
OS_ARCH="x86_64" 
OS_NAME="Windows" 
SOURCE=".:git:759062135b07" 
BUILD_SOURCE="git:839fa0b45d809157cffd3dc8515aad262a4a1776"
BUILD_SOURCE_REPO="https://github.com/adoptium/temurin-build.git"
SOURCE_REPO="https://github.com/adoptium/jdk21u.git"
FULL_VERSION="21.0.9+10-LTS"
SEMANTIC_VERSION="21.0.9+10"
BUILD_INFO="OS: Windows Server 2022 Version: 10.0"
JVM_VARIANT="Hotspot"
JVM_VERSION="21.0.9+10-LTS"
IMAGE_TYPE="JDK"

Environment Variables:
JAVA_HOME=C:\Program Files\Eclipse Adoptium\jdk-21.0.9.10-hotspot
PATH=C:\Program Files\Eclipse Adoptium\jdk-21.0.9.10-hotspot\bin;E:\install\Scripts\;E:\install\;C:\Program Files (x86)\VMware\VMware Workstation\bin\;C:\Program Files\Common Files\Oracle\Java\javapath;C:\Windows\system32;C:\Windows;C:\Windows\System32\Wbem;C:\Windows\System32\WindowsPowerShell\v1.0\;C:\Windows\System32\OpenSSH\;C:\Program Files (x86)\Intel\Intel(R) Management Engine Components\DAL;C:\Program Files\Intel\Intel(R) Management Engine Components\DAL;C:\Program Files\dotnet\;C:\Program Files (x86)\Windows Kits\10\Windows Performance Toolkit\;E:\28tech\Git\cmd;C:\Program Files (x86)\Microsoft SQL Server\160\Tools\Binn\;C:\Program Files\Microsoft SQL Server\160\Tools\Binn\;C:\Program Files\Microsoft SQL Server\Client SDK\ODBC\170\Tools\Binn\;C:\Program Files\Microsoft SQL Server\160\DTS\Binn\;C:\Program Files\Azure Data Studio\bin;C:\Program Files\Microsoft SQL Server\150\Tools\Binn\;C:\Program Files\Cloudflare\Cloudflare WARP\;C:\Users\MyPC\Downloads\apache-maven-3.9.9-bin\apache-maven-3.9.9\bin;C:\Program Files\TortoiseSVN\bin;C:\Program Files\VisualSVN Server\bin;C:\Program Files\TortoiseGit\bin;C:\ProgramData\chocolatey\bin;C:\Program Files\Eclipse Adoptium\jdk-21.0.9.10-hotspot\bin;E:\install\Scripts\;E:\install\;C:\Users\MyPC\AppData\Local\Programs\Python\Python310\Scripts\;C:\Users\MyPC\AppData\Local\Programs\Python\Python310\;C:\Users\MyPC\AppData\Local\Microsoft\WindowsApps;C:\MinGW\bin;C:\Users\MyPC\.dotnet\tools;C:\Thanh Nh\Microsoft VS Code\bin;C:\Program Files\Azure Data Studio\bin;E:\install\IntelliJ IDEA 2024.3.4\bin;;E:\install\cursor\resources\app\bin;C:\Users\MyPC\AppData\Roaming\npm
USERNAME=MyPC
TERM=dumb
OS=Windows_NT
PROCESSOR_IDENTIFIER=Intel64 Family 6 Model 142 Stepping 10, GenuineIntel
TMP=C:\Users\MyPC\AppData\Local\Temp
TEMP=C:\Users\MyPC\AppData\Local\Temp




Periodic native trim disabled

---------------  S Y S T E M  ---------------

OS:
 Windows 10 , 64 bit Build 19041 (10.0.19041.1503)
OS uptime: 0 days 1:55 hours
Hyper-V role detected

CPU: total 8 (initial active 8) (4 cores per cpu, 2 threads per core) family 6 model 142 stepping 10 microcode 0xb4, cx8, cmov, fxsr, ht, mmx, 3dnowpref, sse, sse2, sse3, ssse3, sse4.1, sse4.2, popcnt, lzcnt, tsc, tscinvbit, avx, avx2, aes, erms, clmul, bmi1, bmi2, adx, fma, vzeroupper, clflush, clflushopt, hv, rdtscp, f16c
Processor Information for the first 8 processors :
  Max Mhz: 1992, Current Mhz: 1792, Mhz Limit: 1792

Memory: 4k page, system-wide physical 15799M (2567M free)
TotalPageFile size 15799M (AvailPageFile size 13M)
current process WorkingSet (physical memory assigned to process): 109M, peak: 109M
current process commit charge ("private bytes"): 368M, peak: 369M

vm_info: OpenJDK 64-Bit Server VM (21.0.9+10-LTS) for windows-amd64 JRE (21.0.9+10-LTS), built on 2025-10-21T00:00:00Z by "admin" with unknown MS VC++:1942

END.
